2024-01-31T21:59:01.417+0530 [DEBUG] [org.gradle.launcher.daemon.bootstrap.DaemonMain] Assuming the daemon was started with following jvm opts: [--add-opens=java.base/java.util=ALL-UNNAMED, --add-opens=java.base/java.lang=ALL-UNNAMED, --add-opens=java.base/java.lang.invoke=ALL-UNNAMED, --add-opens=java.prefs/java.util.prefs=ALL-UNNAMED, --add-opens=java.base/java.nio.charset=ALL-UNNAMED, --add-opens=java.base/java.net=ALL-UNNAMED, --add-opens=java.base/java.util.concurrent.atomic=ALL-UNNAMED, -Xmx2048m, -Dfile.encoding=UTF-8, -Duser.country=US, -Duser.language=en, -Duser.variant]
2024-01-31T21:59:01.625+0530 [DEBUG] [org.gradle.internal.nativeintegration.services.NativeServices] Native-platform posix files integration is not available. Continuing with fallback.
2024-01-31T21:59:01.640+0530 [INFO] [org.gradle.launcher.daemon.server.Daemon] start() called on daemon - DefaultDaemonContext[uid=66d3c14d-a4d8-4e83-b8bc-42401b44b776,javaHome=C:\Program Files\Android\Android Studio\jbr,daemonRegistryDir=D:\vajra\Alarm-Clock-main\daemon,pid=8516,idleTimeout=10800000,priority=NORMAL,applyInstrumentationAgent=true,daemonOpts=--add-opens=java.base/java.util=ALL-UNNAMED,--add-opens=java.base/java.lang=ALL-UNNAMED,--add-opens=java.base/java.lang.invoke=ALL-UNNAMED,--add-opens=java.prefs/java.util.prefs=ALL-UNNAMED,--add-opens=java.base/java.nio.charset=ALL-UNNAMED,--add-opens=java.base/java.net=ALL-UNNAMED,--add-opens=java.base/java.util.concurrent.atomic=ALL-UNNAMED,-Xmx2048m,-Dfile.encoding=UTF-8,-Duser.country=US,-Duser.language=en,-Duser.variant]
2024-01-31T21:59:01.802+0530 [DEBUG] [org.gradle.internal.remote.internal.inet.InetAddresses] Adding IP addresses for network interface Software Loopback Interface 1
2024-01-31T21:59:01.805+0530 [DEBUG] [org.gradle.internal.remote.internal.inet.InetAddresses] Is this a loopback interface? true
2024-01-31T21:59:01.806+0530 [DEBUG] [org.gradle.internal.remote.internal.inet.InetAddresses] Adding loopback address /127.0.0.1
2024-01-31T21:59:01.806+0530 [DEBUG] [org.gradle.internal.remote.internal.inet.InetAddresses] Adding loopback address /0:0:0:0:0:0:0:1
2024-01-31T21:59:01.807+0530 [DEBUG] [org.gradle.internal.remote.internal.inet.InetAddresses] Adding IP addresses for network interface Microsoft 6to4 Adapter
2024-01-31T21:59:01.810+0530 [DEBUG] [org.gradle.internal.remote.internal.inet.InetAddresses] Is this a loopback interface? false
2024-01-31T21:59:01.810+0530 [DEBUG] [org.gradle.internal.remote.internal.inet.InetAddresses] Adding IP addresses for network interface Realtek PCIe GbE Family Controller
2024-01-31T21:59:01.813+0530 [DEBUG] [org.gradle.internal.remote.internal.inet.InetAddresses] Is this a loopback interface? false
2024-01-31T21:59:01.813+0530 [DEBUG] [org.gradle.internal.remote.internal.inet.InetAddresses] Adding remote address /fe80:0:0:0:2adf:db58:fee3:b766%eth0
2024-01-31T21:59:01.813+0530 [DEBUG] [org.gradle.internal.remote.internal.inet.InetAddresses] Adding IP addresses for network interface WAN Miniport (IPv6)
2024-01-31T21:59:01.816+0530 [DEBUG] [org.gradle.internal.remote.internal.inet.InetAddresses] Is this a loopback interface? false
2024-01-31T21:59:01.816+0530 [DEBUG] [org.gradle.internal.remote.internal.inet.InetAddresses] Adding IP addresses for network interface Microsoft IP-HTTPS Platform Adapter
2024-01-31T21:59:01.819+0530 [DEBUG] [org.gradle.internal.remote.internal.inet.InetAddresses] Is this a loopback interface? false
2024-01-31T21:59:01.819+0530 [DEBUG] [org.gradle.internal.remote.internal.inet.InetAddresses] Adding IP addresses for network interface Microsoft Kernel Debug Network Adapter
2024-01-31T21:59:01.822+0530 [DEBUG] [org.gradle.internal.remote.internal.inet.InetAddresses] Is this a loopback interface? false
2024-01-31T21:59:01.823+0530 [DEBUG] [org.gradle.internal.remote.internal.inet.InetAddresses] Adding IP addresses for network interface WAN Miniport (PPTP)
2024-01-31T21:59:01.825+0530 [DEBUG] [org.gradle.internal.remote.internal.inet.InetAddresses] Is this a loopback interface? false
2024-01-31T21:59:01.825+0530 [DEBUG] [org.gradle.internal.remote.internal.inet.InetAddresses] Adding IP addresses for network interface WAN Miniport (L2TP)
2024-01-31T21:59:01.829+0530 [DEBUG] [org.gradle.internal.remote.internal.inet.InetAddresses] Is this a loopback interface? false
2024-01-31T21:59:01.830+0530 [DEBUG] [org.gradle.internal.remote.internal.inet.InetAddresses] Adding IP addresses for network interface WAN Miniport (Network Monitor)
2024-01-31T21:59:01.833+0530 [DEBUG] [org.gradle.internal.remote.internal.inet.InetAddresses] Is this a loopback interface? false
2024-01-31T21:59:01.834+0530 [DEBUG] [org.gradle.internal.remote.internal.inet.InetAddresses] Adding IP addresses for network interface Microsoft Wi-Fi Direct Virtual Adapter
2024-01-31T21:59:01.837+0530 [DEBUG] [org.gradle.internal.remote.internal.inet.InetAddresses] Is this a loopback interface? false
2024-01-31T21:59:01.837+0530 [DEBUG] [org.gradle.internal.remote.internal.inet.InetAddresses] Adding remote address /fe80:0:0:0:165:a2ff:6d5:9981%wlan0
2024-01-31T21:59:01.838+0530 [DEBUG] [org.gradle.internal.remote.internal.inet.InetAddresses] Adding IP addresses for network interface WAN Miniport (PPPOE)
2024-01-31T21:59:01.841+0530 [DEBUG] [org.gradle.internal.remote.internal.inet.InetAddresses] Is this a loopback interface? false
2024-01-31T21:59:01.841+0530 [DEBUG] [org.gradle.internal.remote.internal.inet.InetAddresses] Adding IP addresses for network interface VMware Virtual Ethernet Adapter for VMnet1
2024-01-31T21:59:01.844+0530 [DEBUG] [org.gradle.internal.remote.internal.inet.InetAddresses] Is this a loopback interface? false
2024-01-31T21:59:01.844+0530 [DEBUG] [org.gradle.internal.remote.internal.inet.InetAddresses] Adding remote address /169.254.148.36
2024-01-31T21:59:01.845+0530 [DEBUG] [org.gradle.internal.remote.internal.inet.InetAddresses] Adding remote address /fe80:0:0:0:6bb6:b8d2:73c7:db95%eth4
2024-01-31T21:59:01.845+0530 [DEBUG] [org.gradle.internal.remote.internal.inet.InetAddresses] Adding IP addresses for network interface Microsoft Teredo Tunneling Adapter
2024-01-31T21:59:01.847+0530 [DEBUG] [org.gradle.internal.remote.internal.inet.InetAddresses] Is this a loopback interface? false
2024-01-31T21:59:01.848+0530 [DEBUG] [org.gradle.internal.remote.internal.inet.InetAddresses] Adding IP addresses for network interface WAN Miniport (IP)
2024-01-31T21:59:01.850+0530 [DEBUG] [org.gradle.internal.remote.internal.inet.InetAddresses] Is this a loopback interface? false
2024-01-31T21:59:01.851+0530 [DEBUG] [org.gradle.internal.remote.internal.inet.InetAddresses] Adding IP addresses for network interface Microsoft Wi-Fi Direct Virtual Adapter #2
2024-01-31T21:59:01.854+0530 [DEBUG] [org.gradle.internal.remote.internal.inet.InetAddresses] Is this a loopback interface? false
2024-01-31T21:59:01.854+0530 [DEBUG] [org.gradle.internal.remote.internal.inet.InetAddresses] Adding remote address /fe80:0:0:0:7cc0:1a20:8941:dba%wlan1
2024-01-31T21:59:01.854+0530 [DEBUG] [org.gradle.internal.remote.internal.inet.InetAddresses] Adding IP addresses for network interface VMware Virtual Ethernet Adapter for VMnet8
2024-01-31T21:59:01.857+0530 [DEBUG] [org.gradle.internal.remote.internal.inet.InetAddresses] Is this a loopback interface? false
2024-01-31T21:59:01.857+0530 [DEBUG] [org.gradle.internal.remote.internal.inet.InetAddresses] Adding remote address /169.254.7.113
2024-01-31T21:59:01.857+0530 [DEBUG] [org.gradle.internal.remote.internal.inet.InetAddresses] Adding remote address /fe80:0:0:0:2c2e:7de4:9194:da44%eth6
2024-01-31T21:59:01.857+0530 [DEBUG] [org.gradle.internal.remote.internal.inet.InetAddresses] Adding IP addresses for network interface WAN Miniport (IKEv2)
2024-01-31T21:59:01.860+0530 [DEBUG] [org.gradle.internal.remote.internal.inet.InetAddresses] Is this a loopback interface? false
2024-01-31T21:59:01.861+0530 [DEBUG] [org.gradle.internal.remote.internal.inet.InetAddresses] Adding IP addresses for network interface WAN Miniport (SSTP)
2024-01-31T21:59:01.863+0530 [DEBUG] [org.gradle.internal.remote.internal.inet.InetAddresses] Is this a loopback interface? false
2024-01-31T21:59:01.864+0530 [DEBUG] [org.gradle.internal.remote.internal.inet.InetAddresses] Adding IP addresses for network interface Bluetooth Device (Personal Area Network)
2024-01-31T21:59:01.866+0530 [DEBUG] [org.gradle.internal.remote.internal.inet.InetAddresses] Is this a loopback interface? false
2024-01-31T21:59:01.867+0530 [DEBUG] [org.gradle.internal.remote.internal.inet.InetAddresses] Adding IP addresses for network interface Qualcomm QCA61x4A 802.11ac Wireless Adapter
2024-01-31T21:59:01.870+0530 [DEBUG] [org.gradle.internal.remote.internal.inet.InetAddresses] Is this a loopback interface? false
2024-01-31T21:59:01.870+0530 [DEBUG] [org.gradle.internal.remote.internal.inet.InetAddresses] Adding remote address /172.21.3.217
2024-01-31T21:59:01.870+0530 [DEBUG] [org.gradle.internal.remote.internal.inet.InetAddresses] Adding remote address /fe80:0:0:0:f12a:8812:3d55:91cb%wlan2
2024-01-31T21:59:01.870+0530 [DEBUG] [org.gradle.internal.remote.internal.inet.InetAddresses] Adding IP addresses for network interface Realtek PCIe GbE Family Controller-WFP Native MAC Layer LightWeight Filter-0000
2024-01-31T21:59:01.873+0530 [DEBUG] [org.gradle.internal.remote.internal.inet.InetAddresses] Is this a loopback interface? false
2024-01-31T21:59:01.873+0530 [DEBUG] [org.gradle.internal.remote.internal.inet.InetAddresses] Adding IP addresses for network interface Realtek PCIe GbE Family Controller-QoS Packet Scheduler-0000
2024-01-31T21:59:01.877+0530 [DEBUG] [org.gradle.internal.remote.internal.inet.InetAddresses] Is this a loopback interface? false
2024-01-31T21:59:01.877+0530 [DEBUG] [org.gradle.internal.remote.internal.inet.InetAddresses] Adding IP addresses for network interface Realtek PCIe GbE Family Controller-WFP 802.3 MAC Layer LightWeight Filter-0000
2024-01-31T21:59:01.880+0530 [DEBUG] [org.gradle.internal.remote.internal.inet.InetAddresses] Is this a loopback interface? false
2024-01-31T21:59:01.880+0530 [DEBUG] [org.gradle.internal.remote.internal.inet.InetAddresses] Adding IP addresses for network interface Qualcomm QCA61x4A 802.11ac Wireless Adapter-WFP Native MAC Layer LightWeight Filter-0000
2024-01-31T21:59:01.882+0530 [DEBUG] [org.gradle.internal.remote.internal.inet.InetAddresses] Is this a loopback interface? false
2024-01-31T21:59:01.882+0530 [DEBUG] [org.gradle.internal.remote.internal.inet.InetAddresses] Adding IP addresses for network interface Qualcomm QCA61x4A 802.11ac Wireless Adapter-Virtual WiFi Filter Driver-0000
2024-01-31T21:59:01.884+0530 [DEBUG] [org.gradle.internal.remote.internal.inet.InetAddresses] Is this a loopback interface? false
2024-01-31T21:59:01.884+0530 [DEBUG] [org.gradle.internal.remote.internal.inet.InetAddresses] Adding IP addresses for network interface Qualcomm QCA61x4A 802.11ac Wireless Adapter-Native WiFi Filter Driver-0000
2024-01-31T21:59:01.887+0530 [DEBUG] [org.gradle.internal.remote.internal.inet.InetAddresses] Is this a loopback interface? false
2024-01-31T21:59:01.887+0530 [DEBUG] [org.gradle.internal.remote.internal.inet.InetAddresses] Adding IP addresses for network interface Qualcomm QCA61x4A 802.11ac Wireless Adapter-QoS Packet Scheduler-0000
2024-01-31T21:59:01.890+0530 [DEBUG] [org.gradle.internal.remote.internal.inet.InetAddresses] Is this a loopback interface? false
2024-01-31T21:59:01.890+0530 [DEBUG] [org.gradle.internal.remote.internal.inet.InetAddresses] Adding IP addresses for network interface Qualcomm QCA61x4A 802.11ac Wireless Adapter-WFP 802.3 MAC Layer LightWeight Filter-0000
2024-01-31T21:59:01.893+0530 [DEBUG] [org.gradle.internal.remote.internal.inet.InetAddresses] Is this a loopback interface? false
2024-01-31T21:59:01.893+0530 [DEBUG] [org.gradle.internal.remote.internal.inet.InetAddresses] Adding IP addresses for network interface Microsoft Wi-Fi Direct Virtual Adapter-WFP Native MAC Layer LightWeight Filter-0000
2024-01-31T21:59:01.896+0530 [DEBUG] [org.gradle.internal.remote.internal.inet.InetAddresses] Is this a loopback interface? false
2024-01-31T21:59:01.896+0530 [DEBUG] [org.gradle.internal.remote.internal.inet.InetAddresses] Adding IP addresses for network interface Microsoft Wi-Fi Direct Virtual Adapter-Native WiFi Filter Driver-0000
2024-01-31T21:59:01.900+0530 [DEBUG] [org.gradle.internal.remote.internal.inet.InetAddresses] Is this a loopback interface? false
2024-01-31T21:59:01.900+0530 [DEBUG] [org.gradle.internal.remote.internal.inet.InetAddresses] Adding IP addresses for network interface Microsoft Wi-Fi Direct Virtual Adapter-QoS Packet Scheduler-0000
2024-01-31T21:59:01.903+0530 [DEBUG] [org.gradle.internal.remote.internal.inet.InetAddresses] Is this a loopback interface? false
2024-01-31T21:59:01.903+0530 [DEBUG] [org.gradle.internal.remote.internal.inet.InetAddresses] Adding IP addresses for network interface Microsoft Wi-Fi Direct Virtual Adapter-WFP 802.3 MAC Layer LightWeight Filter-0000
2024-01-31T21:59:01.906+0530 [DEBUG] [org.gradle.internal.remote.internal.inet.InetAddresses] Is this a loopback interface? false
2024-01-31T21:59:01.907+0530 [DEBUG] [org.gradle.internal.remote.internal.inet.InetAddresses] Adding IP addresses for network interface WAN Miniport (IP)-WFP Native MAC Layer LightWeight Filter-0000
2024-01-31T21:59:01.910+0530 [DEBUG] [org.gradle.internal.remote.internal.inet.InetAddresses] Is this a loopback interface? false
2024-01-31T21:59:01.910+0530 [DEBUG] [org.gradle.internal.remote.internal.inet.InetAddresses] Adding IP addresses for network interface WAN Miniport (IP)-QoS Packet Scheduler-0000
2024-01-31T21:59:01.914+0530 [DEBUG] [org.gradle.internal.remote.internal.inet.InetAddresses] Is this a loopback interface? false
2024-01-31T21:59:01.914+0530 [DEBUG] [org.gradle.internal.remote.internal.inet.InetAddresses] Adding IP addresses for network interface WAN Miniport (IPv6)-WFP Native MAC Layer LightWeight Filter-0000
2024-01-31T21:59:01.917+0530 [DEBUG] [org.gradle.internal.remote.internal.inet.InetAddresses] Is this a loopback interface? false
2024-01-31T21:59:01.918+0530 [DEBUG] [org.gradle.internal.remote.internal.inet.InetAddresses] Adding IP addresses for network interface WAN Miniport (IPv6)-QoS Packet Scheduler-0000
2024-01-31T21:59:01.921+0530 [DEBUG] [org.gradle.internal.remote.internal.inet.InetAddresses] Is this a loopback interface? false
2024-01-31T21:59:01.922+0530 [DEBUG] [org.gradle.internal.remote.internal.inet.InetAddresses] Adding IP addresses for network interface WAN Miniport (Network Monitor)-WFP Native MAC Layer LightWeight Filter-0000
2024-01-31T21:59:01.925+0530 [DEBUG] [org.gradle.internal.remote.internal.inet.InetAddresses] Is this a loopback interface? false
2024-01-31T21:59:01.926+0530 [DEBUG] [org.gradle.internal.remote.internal.inet.InetAddresses] Adding IP addresses for network interface WAN Miniport (Network Monitor)-QoS Packet Scheduler-0000
2024-01-31T21:59:01.929+0530 [DEBUG] [org.gradle.internal.remote.internal.inet.InetAddresses] Is this a loopback interface? false
2024-01-31T21:59:01.929+0530 [DEBUG] [org.gradle.internal.remote.internal.inet.InetAddresses] Adding IP addresses for network interface Microsoft Wi-Fi Direct Virtual Adapter #2-WFP Native MAC Layer LightWeight Filter-0000
2024-01-31T21:59:01.933+0530 [DEBUG] [org.gradle.internal.remote.internal.inet.InetAddresses] Is this a loopback interface? false
2024-01-31T21:59:01.934+0530 [DEBUG] [org.gradle.internal.remote.internal.inet.InetAddresses] Adding IP addresses for network interface Microsoft Wi-Fi Direct Virtual Adapter #2-Native WiFi Filter Driver-0000
2024-01-31T21:59:01.938+0530 [DEBUG] [org.gradle.internal.remote.internal.inet.InetAddresses] Is this a loopback interface? false
2024-01-31T21:59:01.938+0530 [DEBUG] [org.gradle.internal.remote.internal.inet.InetAddresses] Adding IP addresses for network interface Microsoft Wi-Fi Direct Virtual Adapter #2-QoS Packet Scheduler-0000
2024-01-31T21:59:01.942+0530 [DEBUG] [org.gradle.internal.remote.internal.inet.InetAddresses] Is this a loopback interface? false
2024-01-31T21:59:01.942+0530 [DEBUG] [org.gradle.internal.remote.internal.inet.InetAddresses] Adding IP addresses for network interface Microsoft Wi-Fi Direct Virtual Adapter #2-WFP 802.3 MAC Layer LightWeight Filter-0000
2024-01-31T21:59:01.945+0530 [DEBUG] [org.gradle.internal.remote.internal.inet.InetAddresses] Is this a loopback interface? false
2024-01-31T21:59:01.952+0530 [DEBUG] [org.gradle.internal.remote.internal.inet.TcpIncomingConnector] Listening on [05b052dd-2ee3-4fa5-9901-36c141442b5d port:51844, addresses:[localhost/127.0.0.1]].
2024-01-31T21:59:01.962+0530 [DEBUG] [org.gradle.launcher.daemon.server.Daemon] Daemon starting at: Wed Jan 31 21:59:01 IST 2024, with address: [05b052dd-2ee3-4fa5-9901-36c141442b5d port:51844, addresses:[localhost/127.0.0.1]]
2024-01-31T21:59:01.962+0530 [INFO] [org.gradle.launcher.daemon.server.DaemonRegistryUpdater] Advertising the daemon address to the clients: [05b052dd-2ee3-4fa5-9901-36c141442b5d port:51844, addresses:[localhost/127.0.0.1]]
2024-01-31T21:59:01.962+0530 [DEBUG] [org.gradle.launcher.daemon.server.DaemonRegistryUpdater] Advertised daemon context: DefaultDaemonContext[uid=66d3c14d-a4d8-4e83-b8bc-42401b44b776,javaHome=C:\Program Files\Android\Android Studio\jbr,daemonRegistryDir=D:\vajra\Alarm-Clock-main\daemon,pid=8516,idleTimeout=10800000,priority=NORMAL,applyInstrumentationAgent=true,daemonOpts=--add-opens=java.base/java.util=ALL-UNNAMED,--add-opens=java.base/java.lang=ALL-UNNAMED,--add-opens=java.base/java.lang.invoke=ALL-UNNAMED,--add-opens=java.prefs/java.util.prefs=ALL-UNNAMED,--add-opens=java.base/java.nio.charset=ALL-UNNAMED,--add-opens=java.base/java.net=ALL-UNNAMED,--add-opens=java.base/java.util.concurrent.atomic=ALL-UNNAMED,-Xmx2048m,-Dfile.encoding=UTF-8,-Duser.country=US,-Duser.language=en,-Duser.variant]
2024-01-31T21:59:01.964+0530 [DEBUG] [org.gradle.launcher.daemon.registry.PersistentDaemonRegistry] Storing daemon address: [05b052dd-2ee3-4fa5-9901-36c141442b5d port:51844, addresses:[localhost/127.0.0.1]], context: DefaultDaemonContext[uid=66d3c14d-a4d8-4e83-b8bc-42401b44b776,javaHome=C:\Program Files\Android\Android Studio\jbr,daemonRegistryDir=D:\vajra\Alarm-Clock-main\daemon,pid=8516,idleTimeout=10800000,priority=NORMAL,applyInstrumentationAgent=true,daemonOpts=--add-opens=java.base/java.util=ALL-UNNAMED,--add-opens=java.base/java.lang=ALL-UNNAMED,--add-opens=java.base/java.lang.invoke=ALL-UNNAMED,--add-opens=java.prefs/java.util.prefs=ALL-UNNAMED,--add-opens=java.base/java.nio.charset=ALL-UNNAMED,--add-opens=java.base/java.net=ALL-UNNAMED,--add-opens=java.base/java.util.concurrent.atomic=ALL-UNNAMED,-Xmx2048m,-Dfile.encoding=UTF-8,-Duser.country=US,-Duser.language=en,-Duser.variant]
2024-01-31T21:59:01.980+0530 [DEBUG] [org.gradle.cache.internal.DefaultFileLockManager] Waiting to acquire exclusive lock on daemon addresses registry.
2024-01-31T21:59:01.986+0530 [DEBUG] [org.gradle.cache.internal.DefaultFileLockManager] Lock acquired on daemon addresses registry.
2024-01-31T21:59:01.994+0530 [DEBUG] [org.gradle.cache.internal.DefaultFileLockManager] Releasing lock on daemon addresses registry.
2024-01-31T21:59:01.995+0530 [LIFECYCLE] [org.gradle.launcher.daemon.server.Daemon] Daemon server started.
2024-01-31T21:59:01.997+0530 [DEBUG] [org.gradle.launcher.daemon.bootstrap.DaemonStartupCommunication] Completed writing the daemon greeting. Closing streams...
2024-01-31T21:59:02.006+0530 [DEBUG] [org.gradle.launcher.daemon.server.Daemon] stopOnExpiration() called on daemon
2024-01-31T21:59:02.008+0530 [DEBUG] [org.gradle.launcher.daemon.server.Daemon] awaitExpiration() called on daemon
2024-01-31T21:59:02.008+0530 [DEBUG] [org.gradle.launcher.daemon.server.DaemonStateCoordinator] daemon is running. Sleeping until state changes.
2024-01-31T21:59:02.012+0530 [DEBUG] [org.gradle.internal.remote.internal.inet.TcpIncomingConnector] Accepted connection from /127.0.0.1:51845 to /127.0.0.1:51844.
2024-01-31T21:59:02.132+0530 [DEBUG] [org.gradle.launcher.daemon.server.SynchronizedDispatchConnection] thread 22: received class org.gradle.launcher.daemon.protocol.Build
2024-01-31T21:59:02.132+0530 [DEBUG] [org.gradle.launcher.daemon.server.DefaultDaemonConnection] thread 22: Received non-IO message from client: Build{id=608bd017-03f6-41d2-94ff-9606a0749011, currentDir=D:\3-2\CSE225-DEVELOPING ANDROID APPS\My Application}
2024-01-31T21:59:02.133+0530 [INFO] [org.gradle.launcher.daemon.server.DefaultIncomingConnectionHandler] Received command: Build{id=608bd017-03f6-41d2-94ff-9606a0749011, currentDir=D:\3-2\CSE225-DEVELOPING ANDROID APPS\My Application}.
2024-01-31T21:59:02.133+0530 [DEBUG] [org.gradle.launcher.daemon.server.DefaultIncomingConnectionHandler] Starting executing command: Build{id=608bd017-03f6-41d2-94ff-9606a0749011, currentDir=D:\3-2\CSE225-DEVELOPING ANDROID APPS\My Application} with connection: socket connection from /127.0.0.1:51844 to /127.0.0.1:51845.
2024-01-31T21:59:02.136+0530 [DEBUG] [org.gradle.launcher.daemon.server.DaemonStateCoordinator] Command execution: started DaemonCommandExecution[command = Build{id=608bd017-03f6-41d2-94ff-9606a0749011, currentDir=D:\3-2\CSE225-DEVELOPING ANDROID APPS\My Application}, connection = DefaultDaemonConnection: socket connection from /127.0.0.1:51844 to /127.0.0.1:51845] after 0.0 minutes of idle
2024-01-31T21:59:02.137+0530 [INFO] [org.gradle.launcher.daemon.server.DaemonRegistryUpdater] Marking the daemon as busy, address: [05b052dd-2ee3-4fa5-9901-36c141442b5d port:51844, addresses:[localhost/127.0.0.1]]
2024-01-31T21:59:02.137+0530 [DEBUG] [org.gradle.launcher.daemon.registry.PersistentDaemonRegistry] Marking busy by address: [05b052dd-2ee3-4fa5-9901-36c141442b5d port:51844, addresses:[localhost/127.0.0.1]]
2024-01-31T21:59:02.138+0530 [DEBUG] [org.gradle.cache.internal.DefaultFileLockManager] Waiting to acquire exclusive lock on daemon addresses registry.
2024-01-31T21:59:02.138+0530 [DEBUG] [org.gradle.cache.internal.DefaultFileLockManager] Lock acquired on daemon addresses registry.
2024-01-31T21:59:02.139+0530 [DEBUG] [org.gradle.cache.internal.DefaultFileLockManager] Releasing lock on daemon addresses registry.
2024-01-31T21:59:02.140+0530 [DEBUG] [org.gradle.launcher.daemon.server.DaemonStateCoordinator] resetting idle timer
2024-01-31T21:59:02.140+0530 [DEBUG] [org.gradle.launcher.daemon.server.DaemonStateCoordinator] daemon is running. Sleeping until state changes.
2024-01-31T21:59:02.141+0530 [INFO] [org.gradle.launcher.daemon.server.exec.StartBuildOrRespondWithBusy] Daemon is about to start building Build{id=608bd017-03f6-41d2-94ff-9606a0749011, currentDir=D:\3-2\CSE225-DEVELOPING ANDROID APPS\My Application}. Dispatching build started information...
2024-01-31T21:59:02.141+0530 [DEBUG] [org.gradle.launcher.daemon.server.SynchronizedDispatchConnection] thread 24: dispatching org.gradle.launcher.daemon.protocol.BuildStarted@3ee0e33d
2024-01-31T21:59:02.143+0530 [DEBUG] [org.gradle.launcher.daemon.server.exec.EstablishBuildEnvironment] Configuring env variables: [USERDOMAIN_ROAMINGPROFILE, LOCALAPPDATA, PROCESSOR_LEVEL, USERDOMAIN, LOGONSERVER, FPS_BROWSER_APP_PROFILE_STRING, SESSIONNAME, ALLUSERSPROFILE, PROCESSOR_ARCHITECTURE, PSModulePath, SystemDrive, OneDrive, PT8HOME, APPDATA, USERNAME, ProgramFiles(x86), CommonProgramFiles, Path, FPS_BROWSER_USER_PROFILE_STRING, PATHEXT, DriverData, OS, OneDriveConsumer, COMPUTERNAME, IntelliJ IDEA Community Edition, PROCESSOR_REVISION, CommonProgramW6432, ComSpec, ProgramData, EFC_4256, ProgramW6432, TEMP, HOMEPATH, SystemRoot, PROCESSOR_IDENTIFIER, HOMEDRIVE, USERPROFILE, TMP, CommonProgramFiles(x86), ProgramFiles, PUBLIC, windir, NUMBER_OF_PROCESSORS, =::, IDEA_INITIAL_DIRECTORY]
2024-01-31T21:59:02.146+0530 [DEBUG] [org.gradle.launcher.daemon.server.SynchronizedDispatchConnection] thread 22: received class org.gradle.launcher.daemon.protocol.CloseInput
2024-01-31T21:59:02.146+0530 [DEBUG] [org.gradle.launcher.daemon.server.DefaultDaemonConnection] thread 22: Received IO message from client: org.gradle.launcher.daemon.protocol.CloseInput@ebb8683
2024-01-31T21:59:02.149+0530 [DEBUG] [org.gradle.launcher.daemon.server.exec.LogToClient] About to start relaying all logs to the client via the connection.
2024-01-31T21:59:02.149+0530 [INFO] [org.gradle.launcher.daemon.server.exec.LogToClient] The client will now receive all logging from the daemon (pid: 8516). The daemon log file: D:\vajra\Alarm-Clock-main\daemon\8.2\daemon-8516.out.log
2024-01-31T21:59:02.152+0530 [INFO] [org.gradle.launcher.daemon.server.exec.LogAndCheckHealth] Starting build in new daemon [memory: 2 GiB]
2024-01-31T21:59:02.153+0530 [INFO] [org.gradle.launcher.daemon.server.exec.ForwardClientInput] Closing daemon's stdin at end of input.
2024-01-31T21:59:02.154+0530 [INFO] [org.gradle.launcher.daemon.server.exec.ForwardClientInput] The daemon will no longer process any standard input.
2024-01-31T21:59:02.156+0530 [DEBUG] [org.gradle.launcher.daemon.server.exec.ExecuteBuild] The daemon has started executing the build.
2024-01-31T21:59:02.156+0530 [DEBUG] [org.gradle.launcher.daemon.server.exec.ExecuteBuild] Executing build with daemon context: DefaultDaemonContext[uid=66d3c14d-a4d8-4e83-b8bc-42401b44b776,javaHome=C:\Program Files\Android\Android Studio\jbr,daemonRegistryDir=D:\vajra\Alarm-Clock-main\daemon,pid=8516,idleTimeout=10800000,priority=NORMAL,applyInstrumentationAgent=true,daemonOpts=--add-opens=java.base/java.util=ALL-UNNAMED,--add-opens=java.base/java.lang=ALL-UNNAMED,--add-opens=java.base/java.lang.invoke=ALL-UNNAMED,--add-opens=java.prefs/java.util.prefs=ALL-UNNAMED,--add-opens=java.base/java.nio.charset=ALL-UNNAMED,--add-opens=java.base/java.net=ALL-UNNAMED,--add-opens=java.base/java.util.concurrent.atomic=ALL-UNNAMED,-Xmx2048m,-Dfile.encoding=UTF-8,-Duser.country=US,-Duser.language=en,-Duser.variant]

Deprecated Gradle features were used in this build, making it incompatible with Gradle 9.0.

You can use '--warning-mode all' to show the individual deprecation warnings and determine if they come from your own scripts or plugins.

For more on this, please refer to https://docs.gradle.org/8.2/userguide/command_line_interface.html#sec:command_line_warnings in the Gradle documentation.

BUILD SUCCESSFUL in 32s
2024-01-31T21:59:28.247+0530 [DEBUG] [org.gradle.launcher.daemon.server.exec.ExecuteBuild] The daemon has finished executing the build.
2024-01-31T21:59:28.264+0530 [DEBUG] [org.gradle.launcher.daemon.server.DaemonStateCoordinator] daemon is running. Sleeping until state changes.
2024-01-31T21:59:28.264+0530 [DEBUG] [org.gradle.launcher.daemon.server.DaemonStateCoordinator] Command execution: finished waiting for DaemonCommandExecution[command = Build{id=608bd017-03f6-41d2-94ff-9606a0749011, currentDir=D:\3-2\CSE225-DEVELOPING ANDROID APPS\My Application}, connection = DefaultDaemonConnection: socket connection from /127.0.0.1:51844 to /127.0.0.1:51845]. Result org.gradle.launcher.daemon.server.DaemonStateCoordinator@77096b06 with state Busy
2024-01-31T21:59:28.264+0530 [DEBUG] [org.gradle.launcher.daemon.server.DaemonStateCoordinator] Command execution: completed DaemonCommandExecution[command = Build{id=608bd017-03f6-41d2-94ff-9606a0749011, currentDir=D:\3-2\CSE225-DEVELOPING ANDROID APPS\My Application}, connection = DefaultDaemonConnection: socket connection from /127.0.0.1:51844 to /127.0.0.1:51845]
2024-01-31T21:59:28.264+0530 [DEBUG] [org.gradle.launcher.daemon.server.DaemonStateCoordinator] resetting idle timer
2024-01-31T21:59:28.264+0530 [INFO] [org.gradle.launcher.daemon.server.DaemonRegistryUpdater] Marking the daemon as idle, address: [05b052dd-2ee3-4fa5-9901-36c141442b5d port:51844, addresses:[localhost/127.0.0.1]]
2024-01-31T21:59:28.265+0530 [DEBUG] [org.gradle.launcher.daemon.registry.PersistentDaemonRegistry] Marking busy by address: [05b052dd-2ee3-4fa5-9901-36c141442b5d port:51844, addresses:[localhost/127.0.0.1]]
2024-01-31T21:59:28.265+0530 [DEBUG] [org.gradle.cache.internal.DefaultFileLockManager] Waiting to acquire exclusive lock on daemon addresses registry.
2024-01-31T21:59:28.266+0530 [DEBUG] [org.gradle.cache.internal.DefaultFileLockManager] Lock acquired on daemon addresses registry.
2024-01-31T21:59:28.266+0530 [DEBUG] [org.gradle.cache.internal.DefaultFileLockManager] Releasing lock on daemon addresses registry.
2024-01-31T21:59:28.267+0530 [DEBUG] [org.gradle.launcher.daemon.server.DaemonStateCoordinator] daemon is running. Sleeping until state changes.
2024-01-31T21:59:28.267+0530 [DEBUG] [org.gradle.launcher.daemon.server.exec.ReturnResult] Daemon is dispatching the build result: Success[value=org.gradle.launcher.exec.BuildActionResult@cd46081]
2024-01-31T21:59:28.268+0530 [DEBUG] [org.gradle.launcher.daemon.server.SynchronizedDispatchConnection] thread 21: dispatching Success[value=org.gradle.launcher.exec.BuildActionResult@cd46081]
2024-01-31T21:59:28.269+0530 [DEBUG] [org.gradle.launcher.daemon.server.DefaultIncomingConnectionHandler] Finishing executing command: Build{id=608bd017-03f6-41d2-94ff-9606a0749011, currentDir=D:\3-2\CSE225-DEVELOPING ANDROID APPS\My Application}
2024-01-31T21:59:28.270+0530 [DEBUG] [org.gradle.launcher.daemon.server.SynchronizedDispatchConnection] thread 22: received class org.gradle.launcher.daemon.protocol.Finished
2024-01-31T21:59:28.271+0530 [DEBUG] [org.gradle.launcher.daemon.server.DefaultDaemonConnection] thread 22: Received non-IO message from client: org.gradle.launcher.daemon.protocol.Finished@628dec62
2024-01-31T21:59:28.271+0530 [DEBUG] [org.gradle.launcher.daemon.server.DefaultIncomingConnectionHandler] Received finished message: org.gradle.launcher.daemon.protocol.Finished@628dec62
2024-01-31T21:59:28.271+0530 [DEBUG] [org.gradle.launcher.daemon.server.SynchronizedDispatchConnection] thread 21: stopping connection
2024-01-31T21:59:28.271+0530 [DEBUG] [org.gradle.internal.remote.internal.inet.SocketConnection] Discarding EOFException: java.io.EOFException
2024-01-31T21:59:28.271+0530 [DEBUG] [org.gradle.launcher.daemon.server.SynchronizedDispatchConnection] thread 22: received null
2024-01-31T21:59:28.272+0530 [DEBUG] [org.gradle.launcher.daemon.server.DefaultDaemonConnection] thread 22: Received end-of-input from client.
2024-01-31T21:59:28.273+0530 [DEBUG] [org.gradle.launcher.daemon.server.SynchronizedDispatchConnection] thread 21: stopping connection
2024-01-31T21:59:29.031+0530 [DEBUG] [org.gradle.process.internal.health.memory.DefaultMemoryManager] 789395046 memory requested, 355319808 free
2024-01-31T21:59:29.031+0530 [DEBUG] [org.gradle.workers.internal.WorkerDaemonExpiration] Will attempt to release 752 of memory
2024-01-31T21:59:29.032+0530 [DEBUG] [org.gradle.process.internal.health.memory.DefaultMemoryManager] 789395046 memory requested, 0 released, 355319808 free
2024-01-31T21:59:32.024+0530 [DEBUG] [org.gradle.cache.internal.DefaultFileLockManager] Waiting to acquire shared lock on daemon addresses registry.
2024-01-31T21:59:32.025+0530 [DEBUG] [org.gradle.cache.internal.DefaultFileLockManager] Lock acquired on daemon addresses registry.
2024-01-31T21:59:32.025+0530 [DEBUG] [org.gradle.cache.internal.DefaultFileLockManager] Releasing lock on daemon addresses registry.
2024-01-31T21:59:32.027+0530 [DEBUG] [org.gradle.cache.internal.DefaultFileLockManager] Waiting to acquire shared lock on daemon addresses registry.
2024-01-31T21:59:32.027+0530 [DEBUG] [org.gradle.cache.internal.DefaultFileLockManager] Lock acquired on daemon addresses registry.
2024-01-31T21:59:32.028+0530 [DEBUG] [org.gradle.cache.internal.DefaultFileLockManager] Releasing lock on daemon addresses registry.
2024-01-31T21:59:34.042+0530 [DEBUG] [org.gradle.process.internal.health.memory.DefaultMemoryManager] 789395046 memory requested, 374509568 free
2024-01-31T21:59:34.042+0530 [DEBUG] [org.gradle.workers.internal.WorkerDaemonExpiration] Will attempt to release 752 of memory
2024-01-31T21:59:34.042+0530 [DEBUG] [org.gradle.process.internal.health.memory.DefaultMemoryManager] 789395046 memory requested, 0 released, 374509568 free
2024-01-31T21:59:39.039+0530 [DEBUG] [org.gradle.process.internal.health.memory.DefaultMemoryManager] 789395046 memory requested, 324063232 free
2024-01-31T21:59:39.039+0530 [DEBUG] [org.gradle.workers.internal.WorkerDaemonExpiration] Will attempt to release 752 of memory
2024-01-31T21:59:39.039+0530 [DEBUG] [org.gradle.process.internal.health.memory.DefaultMemoryManager] 789395046 memory requested, 0 released, 324063232 free
2024-01-31T21:59:42.014+0530 [DEBUG] [org.gradle.cache.internal.DefaultFileLockManager] Waiting to acquire shared lock on daemon addresses registry.
2024-01-31T21:59:42.015+0530 [DEBUG] [org.gradle.cache.internal.DefaultFileLockManager] Lock acquired on daemon addresses registry.
2024-01-31T21:59:42.015+0530 [DEBUG] [org.gradle.cache.internal.DefaultFileLockManager] Releasing lock on daemon addresses registry.
2024-01-31T21:59:42.016+0530 [DEBUG] [org.gradle.cache.internal.DefaultFileLockManager] Waiting to acquire shared lock on daemon addresses registry.
2024-01-31T21:59:42.016+0530 [DEBUG] [org.gradle.cache.internal.DefaultFileLockManager] Lock acquired on daemon addresses registry.
2024-01-31T21:59:42.017+0530 [DEBUG] [org.gradle.cache.internal.DefaultFileLockManager] Releasing lock on daemon addresses registry.
2024-01-31T21:59:42.017+0530 [DEBUG] [org.gradle.cache.internal.DefaultFileLockManager] Waiting to acquire shared lock on daemon addresses registry.
2024-01-31T21:59:42.018+0530 [DEBUG] [org.gradle.cache.internal.DefaultFileLockManager] Lock acquired on daemon addresses registry.
2024-01-31T21:59:42.018+0530 [DEBUG] [org.gradle.cache.internal.DefaultFileLockManager] Releasing lock on daemon addresses registry.
2024-01-31T21:59:44.047+0530 [DEBUG] [org.gradle.process.internal.health.memory.DefaultMemoryManager] 789395046 memory requested, 516911104 free
2024-01-31T21:59:44.048+0530 [DEBUG] [org.gradle.workers.internal.WorkerDaemonExpiration] Will attempt to release 752 of memory
2024-01-31T21:59:44.048+0530 [DEBUG] [org.gradle.process.internal.health.memory.DefaultMemoryManager] 789395046 memory requested, 0 released, 516911104 free
2024-01-31T21:59:49.046+0530 [DEBUG] [org.gradle.process.internal.health.memory.DefaultMemoryManager] 789395046 memory requested, 377942016 free
2024-01-31T21:59:49.046+0530 [DEBUG] [org.gradle.workers.internal.WorkerDaemonExpiration] Will attempt to release 752 of memory
2024-01-31T21:59:49.046+0530 [DEBUG] [org.gradle.process.internal.health.memory.DefaultMemoryManager] 789395046 memory requested, 0 released, 377942016 free
2024-01-31T21:59:52.011+0530 [DEBUG] [org.gradle.cache.internal.DefaultFileLockManager] Waiting to acquire shared lock on daemon addresses registry.
2024-01-31T21:59:52.011+0530 [DEBUG] [org.gradle.cache.internal.DefaultFileLockManager] Lock acquired on daemon addresses registry.
2024-01-31T21:59:52.011+0530 [DEBUG] [org.gradle.cache.internal.DefaultFileLockManager] Releasing lock on daemon addresses registry.
2024-01-31T21:59:52.012+0530 [DEBUG] [org.gradle.cache.internal.DefaultFileLockManager] Waiting to acquire shared lock on daemon addresses registry.
2024-01-31T21:59:52.013+0530 [DEBUG] [org.gradle.cache.internal.DefaultFileLockManager] Lock acquired on daemon addresses registry.
2024-01-31T21:59:52.013+0530 [DEBUG] [org.gradle.cache.internal.DefaultFileLockManager] Releasing lock on daemon addresses registry.
2024-01-31T21:59:52.014+0530 [DEBUG] [org.gradle.cache.internal.DefaultFileLockManager] Waiting to acquire shared lock on daemon addresses registry.
2024-01-31T21:59:52.014+0530 [DEBUG] [org.gradle.cache.internal.DefaultFileLockManager] Lock acquired on daemon addresses registry.
2024-01-31T21:59:52.014+0530 [DEBUG] [org.gradle.cache.internal.DefaultFileLockManager] Releasing lock on daemon addresses registry.
2024-01-31T21:59:54.043+0530 [DEBUG] [org.gradle.process.internal.health.memory.DefaultMemoryManager] 789395046 memory requested, 346927104 free
2024-01-31T21:59:54.043+0530 [DEBUG] [org.gradle.workers.internal.WorkerDaemonExpiration] Will attempt to release 752 of memory
2024-01-31T21:59:54.043+0530 [DEBUG] [org.gradle.process.internal.health.memory.DefaultMemoryManager] 789395046 memory requested, 0 released, 346927104 free
2024-01-31T21:59:59.092+0530 [DEBUG] [org.gradle.process.internal.health.memory.DefaultMemoryManager] 789395046 memory requested, 260874240 free
2024-01-31T21:59:59.093+0530 [DEBUG] [org.gradle.workers.internal.WorkerDaemonExpiration] Will attempt to release 752 of memory
2024-01-31T21:59:59.093+0530 [DEBUG] [org.gradle.process.internal.health.memory.DefaultMemoryManager] 789395046 memory requested, 0 released, 260874240 free
2024-01-31T22:00:02.015+0530 [DEBUG] [org.gradle.cache.internal.DefaultFileLockManager] Waiting to acquire shared lock on daemon addresses registry.
2024-01-31T22:00:02.017+0530 [DEBUG] [org.gradle.cache.internal.DefaultFileLockManager] Lock acquired on daemon addresses registry.
2024-01-31T22:00:02.019+0530 [DEBUG] [org.gradle.cache.internal.DefaultFileLockManager] Releasing lock on daemon addresses registry.
2024-01-31T22:00:02.023+0530 [DEBUG] [org.gradle.cache.internal.DefaultFileLockManager] Waiting to acquire shared lock on daemon addresses registry.
2024-01-31T22:00:02.030+0530 [DEBUG] [org.gradle.cache.internal.DefaultFileLockManager] Lock acquired on daemon addresses registry.
2024-01-31T22:00:02.039+0530 [DEBUG] [org.gradle.cache.internal.DefaultFileLockManager] Releasing lock on daemon addresses registry.
2024-01-31T22:00:02.046+0530 [DEBUG] [org.gradle.cache.internal.DefaultFileLockManager] Waiting to acquire shared lock on daemon addresses registry.
2024-01-31T22:00:02.048+0530 [DEBUG] [org.gradle.cache.internal.DefaultFileLockManager] Lock acquired on daemon addresses registry.
2024-01-31T22:00:02.055+0530 [DEBUG] [org.gradle.cache.internal.DefaultFileLockManager] Releasing lock on daemon addresses registry.
2024-01-31T22:00:04.035+0530 [DEBUG] [org.gradle.process.internal.health.memory.DefaultMemoryManager] 789395046 memory requested, 248676352 free
2024-01-31T22:00:04.035+0530 [DEBUG] [org.gradle.workers.internal.WorkerDaemonExpiration] Will attempt to release 752 of memory
2024-01-31T22:00:04.035+0530 [DEBUG] [org.gradle.process.internal.health.memory.DefaultMemoryManager] 789395046 memory requested, 0 released, 248676352 free
2024-01-31T22:00:09.045+0530 [DEBUG] [org.gradle.process.internal.health.memory.DefaultMemoryManager] 789395046 memory requested, 225419264 free
2024-01-31T22:00:09.045+0530 [DEBUG] [org.gradle.workers.internal.WorkerDaemonExpiration] Will attempt to release 752 of memory
2024-01-31T22:00:09.045+0530 [DEBUG] [org.gradle.process.internal.health.memory.DefaultMemoryManager] 789395046 memory requested, 0 released, 225419264 free
2024-01-31T22:00:12.022+0530 [DEBUG] [org.gradle.cache.internal.DefaultFileLockManager] Waiting to acquire shared lock on daemon addresses registry.
2024-01-31T22:00:12.023+0530 [DEBUG] [org.gradle.cache.internal.DefaultFileLockManager] Lock acquired on daemon addresses registry.
2024-01-31T22:00:12.024+0530 [DEBUG] [org.gradle.cache.internal.DefaultFileLockManager] Releasing lock on daemon addresses registry.
2024-01-31T22:00:12.026+0530 [DEBUG] [org.gradle.cache.internal.DefaultFileLockManager] Waiting to acquire shared lock on daemon addresses registry.
2024-01-31T22:00:12.026+0530 [DEBUG] [org.gradle.cache.internal.DefaultFileLockManager] Lock acquired on daemon addresses registry.
2024-01-31T22:00:12.027+0530 [DEBUG] [org.gradle.cache.internal.DefaultFileLockManager] Releasing lock on daemon addresses registry.
2024-01-31T22:00:12.028+0530 [DEBUG] [org.gradle.cache.internal.DefaultFileLockManager] Waiting to acquire shared lock on daemon addresses registry.
2024-01-31T22:00:12.029+0530 [DEBUG] [org.gradle.cache.internal.DefaultFileLockManager] Lock acquired on daemon addresses registry.
2024-01-31T22:00:12.033+0530 [DEBUG] [org.gradle.cache.internal.DefaultFileLockManager] Releasing lock on daemon addresses registry.
2024-01-31T22:00:14.045+0530 [DEBUG] [org.gradle.process.internal.health.memory.DefaultMemoryManager] 789395046 memory requested, 287510528 free
2024-01-31T22:00:14.046+0530 [DEBUG] [org.gradle.workers.internal.WorkerDaemonExpiration] Will attempt to release 752 of memory
2024-01-31T22:00:14.046+0530 [DEBUG] [org.gradle.process.internal.health.memory.DefaultMemoryManager] 789395046 memory requested, 0 released, 287510528 free
2024-01-31T22:00:19.034+0530 [DEBUG] [org.gradle.process.internal.health.memory.DefaultMemoryManager] 789395046 memory requested, 249794560 free
2024-01-31T22:00:19.034+0530 [DEBUG] [org.gradle.workers.internal.WorkerDaemonExpiration] Will attempt to release 752 of memory
2024-01-31T22:00:19.034+0530 [DEBUG] [org.gradle.process.internal.health.memory.DefaultMemoryManager] 789395046 memory requested, 0 released, 249794560 free
2024-01-31T22:00:22.017+0530 [DEBUG] [org.gradle.cache.internal.DefaultFileLockManager] Waiting to acquire shared lock on daemon addresses registry.
2024-01-31T22:00:22.018+0530 [DEBUG] [org.gradle.cache.internal.DefaultFileLockManager] Lock acquired on daemon addresses registry.
2024-01-31T22:00:22.019+0530 [DEBUG] [org.gradle.cache.internal.DefaultFileLockManager] Releasing lock on daemon addresses registry.
2024-01-31T22:00:22.020+0530 [DEBUG] [org.gradle.cache.internal.DefaultFileLockManager] Waiting to acquire shared lock on daemon addresses registry.
2024-01-31T22:00:22.020+0530 [DEBUG] [org.gradle.cache.internal.DefaultFileLockManager] Lock acquired on daemon addresses registry.
2024-01-31T22:00:22.020+0530 [DEBUG] [org.gradle.cache.internal.DefaultFileLockManager] Releasing lock on daemon addresses registry.
2024-01-31T22:00:22.021+0530 [DEBUG] [org.gradle.cache.internal.DefaultFileLockManager] Waiting to acquire shared lock on daemon addresses registry.
2024-01-31T22:00:22.021+0530 [DEBUG] [org.gradle.cache.internal.DefaultFileLockManager] Lock acquired on daemon addresses registry.
2024-01-31T22:00:22.022+0530 [DEBUG] [org.gradle.cache.internal.DefaultFileLockManager] Releasing lock on daemon addresses registry.
2024-01-31T22:00:24.054+0530 [DEBUG] [org.gradle.process.internal.health.memory.DefaultMemoryManager] 789395046 memory requested, 291430400 free
2024-01-31T22:00:24.055+0530 [DEBUG] [org.gradle.workers.internal.WorkerDaemonExpiration] Will attempt to release 752 of memory
2024-01-31T22:00:24.056+0530 [DEBUG] [org.gradle.process.internal.health.memory.DefaultMemoryManager] 789395046 memory requested, 0 released, 291430400 free
2024-01-31T22:00:28.886+0530 [DEBUG] [org.gradle.internal.remote.internal.inet.TcpIncomingConnector] Accepted connection from /127.0.0.1:52620 to /127.0.0.1:51844.
2024-01-31T22:00:28.909+0530 [DEBUG] [org.gradle.launcher.daemon.server.SynchronizedDispatchConnection] thread 85: received class org.gradle.launcher.daemon.protocol.StopWhenIdle
2024-01-31T22:00:28.910+0530 [DEBUG] [org.gradle.launcher.daemon.server.DefaultDaemonConnection] thread 85: Received non-IO message from client: StopWhenIdle[id=4d462bfd-65fe-479a-a57f-b602b17b3ad4]
2024-01-31T22:00:28.910+0530 [INFO] [org.gradle.launcher.daemon.server.DefaultIncomingConnectionHandler] Received command: StopWhenIdle[id=4d462bfd-65fe-479a-a57f-b602b17b3ad4].
2024-01-31T22:00:28.911+0530 [DEBUG] [org.gradle.launcher.daemon.server.DefaultIncomingConnectionHandler] Starting executing command: StopWhenIdle[id=4d462bfd-65fe-479a-a57f-b602b17b3ad4] with connection: socket connection from /127.0.0.1:51844 to /127.0.0.1:52620.
2024-01-31T22:00:28.912+0530 [DEBUG] [org.gradle.launcher.daemon.server.DaemonRegistryUpdater] Storing daemon stop event: stop command received
2024-01-31T22:00:28.915+0530 [DEBUG] [org.gradle.launcher.daemon.registry.PersistentDaemonRegistry] Storing daemon stop event with timestamp 1706718628913
2024-01-31T22:00:28.917+0530 [DEBUG] [org.gradle.cache.internal.DefaultFileLockManager] Waiting to acquire exclusive lock on daemon addresses registry.
2024-01-31T22:00:28.918+0530 [DEBUG] [org.gradle.cache.internal.DefaultFileLockManager] Lock acquired on daemon addresses registry.
2024-01-31T22:00:28.920+0530 [DEBUG] [org.gradle.cache.internal.DefaultFileLockManager] Releasing lock on daemon addresses registry.
2024-01-31T22:00:28.921+0530 [LIFECYCLE] [org.gradle.launcher.daemon.server.DaemonStateCoordinator] Daemon will be stopped at the end of the build stop command received
2024-01-31T22:00:28.922+0530 [DEBUG] [org.gradle.launcher.daemon.server.DaemonStateCoordinator] Marking daemon stopped due to stop command received. The daemon is running a build: false
2024-01-31T22:00:28.922+0530 [DEBUG] [org.gradle.launcher.daemon.server.SynchronizedDispatchConnection] thread 84: dispatching Success[value=null]
2024-01-31T22:00:28.922+0530 [DEBUG] [org.gradle.launcher.daemon.server.DaemonStateCoordinator] daemon has stopped.
2024-01-31T22:00:28.923+0530 [DEBUG] [org.gradle.launcher.daemon.server.DefaultIncomingConnectionHandler] Finishing executing command: StopWhenIdle[id=4d462bfd-65fe-479a-a57f-b602b17b3ad4]
2024-01-31T22:00:28.923+0530 [DEBUG] [org.gradle.launcher.daemon.server.Daemon] stop() called on daemon
2024-01-31T22:00:28.923+0530 [INFO] [org.gradle.launcher.daemon.server.Daemon] Stop requested. Daemon is removing its presence from the registry...
2024-01-31T22:00:28.924+0530 [DEBUG] [org.gradle.launcher.daemon.server.DaemonRegistryUpdater] Removing our presence to clients, eg. removing this address from the registry: [05b052dd-2ee3-4fa5-9901-36c141442b5d port:51844, addresses:[localhost/127.0.0.1]]
2024-01-31T22:00:28.924+0530 [DEBUG] [org.gradle.launcher.daemon.server.SynchronizedDispatchConnection] thread 85: received class org.gradle.launcher.daemon.protocol.Finished
2024-01-31T22:00:28.924+0530 [DEBUG] [org.gradle.launcher.daemon.registry.PersistentDaemonRegistry] Removing daemon address: [05b052dd-2ee3-4fa5-9901-36c141442b5d port:51844, addresses:[localhost/127.0.0.1]]
2024-01-31T22:00:28.924+0530 [DEBUG] [org.gradle.launcher.daemon.server.DefaultDaemonConnection] thread 85: Received non-IO message from client: org.gradle.launcher.daemon.protocol.Finished@231ab8a2
2024-01-31T22:00:28.925+0530 [DEBUG] [org.gradle.launcher.daemon.server.DefaultIncomingConnectionHandler] Received finished message: org.gradle.launcher.daemon.protocol.Finished@231ab8a2
2024-01-31T22:00:28.925+0530 [DEBUG] [org.gradle.internal.remote.internal.inet.SocketConnection] Discarding EOFException: java.io.EOFException
2024-01-31T22:00:28.925+0530 [DEBUG] [org.gradle.launcher.daemon.server.SynchronizedDispatchConnection] thread 84: stopping connection
2024-01-31T22:00:28.925+0530 [DEBUG] [org.gradle.launcher.daemon.server.SynchronizedDispatchConnection] thread 85: received null
2024-01-31T22:00:28.926+0530 [DEBUG] [org.gradle.launcher.daemon.server.DefaultDaemonConnection] thread 85: Received end-of-input from client.
2024-01-31T22:00:28.927+0530 [DEBUG] [org.gradle.launcher.daemon.server.SynchronizedDispatchConnection] thread 84: stopping connection
2024-01-31T22:00:28.927+0530 [DEBUG] [org.gradle.cache.internal.DefaultFileLockManager] Waiting to acquire exclusive lock on daemon addresses registry.
2024-01-31T22:00:28.928+0530 [DEBUG] [org.gradle.cache.internal.DefaultFileLockManager] Lock acquired on daemon addresses registry.
2024-01-31T22:00:28.930+0530 [DEBUG] [org.gradle.cache.internal.DefaultFileLockManager] Releasing lock on daemon addresses registry.
2024-01-31T22:00:28.931+0530 [DEBUG] [org.gradle.launcher.daemon.server.DaemonRegistryUpdater] Address removed from registry.
2024-01-31T22:00:28.935+0530 [DEBUG] [org.gradle.cache.internal.LockOnDemandCrossProcessCacheAccess] Releasing file lock for jars (D:\vajra\Alarm-Clock-main\caches\jars-9)
2024-01-31T22:00:28.936+0530 [DEBUG] [org.gradle.cache.internal.DefaultFileLockManager] Releasing lock on jars (D:\vajra\Alarm-Clock-main\caches\jars-9).
2024-01-31T22:00:28.938+0530 [DEBUG] [org.gradle.cache.internal.DefaultPersistentDirectoryStore] jars (D:\vajra\Alarm-Clock-main\caches\jars-9) has last been fully cleaned up 177 hours ago
2024-01-31T22:00:28.945+0530 [INFO] [org.gradle.cache.internal.AbstractCacheCleanup] jars (D:\vajra\Alarm-Clock-main\caches\jars-9) cleanup deleted 0 files/directories.
2024-01-31T22:00:28.946+0530 [INFO] [org.gradle.cache.internal.LeastRecentlyUsedCacheCleanup] jars (D:\vajra\Alarm-Clock-main\caches\jars-9) removing files not accessed on or after Wed Jan 24 21:59:07 IST 2024.
2024-01-31T22:00:28.950+0530 [INFO] [org.gradle.cache.internal.AbstractCacheCleanup] jars (D:\vajra\Alarm-Clock-main\caches\jars-9) cleanup deleted 0 files/directories.
2024-01-31T22:00:28.951+0530 [INFO] [org.gradle.cache.internal.DefaultPersistentDirectoryStore] jars (D:\vajra\Alarm-Clock-main\caches\jars-9) cleaned up in 0.012 secs.
2024-01-31T22:00:28.952+0530 [DEBUG] [org.gradle.cache.internal.LockOnDemandCrossProcessCacheAccess] Releasing file lock for Artifact transforms cache (D:\vajra\Alarm-Clock-main\caches\transforms-3)
2024-01-31T22:00:28.952+0530 [DEBUG] [org.gradle.cache.internal.DefaultFileLockManager] Releasing lock on Artifact transforms cache (D:\vajra\Alarm-Clock-main\caches\transforms-3).
2024-01-31T22:00:28.954+0530 [DEBUG] [org.gradle.cache.internal.DefaultPersistentDirectoryStore] Artifact transforms cache (D:\vajra\Alarm-Clock-main\caches\transforms-3) has last been fully cleaned up 177 hours ago
2024-01-31T22:00:28.954+0530 [INFO] [org.gradle.cache.internal.LeastRecentlyUsedCacheCleanup] Artifact transforms cache (D:\vajra\Alarm-Clock-main\caches\transforms-3) removing files not accessed on or after Wed Jan 24 21:59:07 IST 2024.
2024-01-31T22:00:28.955+0530 [INFO] [org.gradle.cache.internal.AbstractCacheCleanup] Artifact transforms cache (D:\vajra\Alarm-Clock-main\caches\transforms-3) cleanup deleted 0 files/directories.
2024-01-31T22:00:28.956+0530 [INFO] [org.gradle.cache.internal.DefaultPersistentDirectoryStore] Artifact transforms cache (D:\vajra\Alarm-Clock-main\caches\transforms-3) cleaned up in 0.001 secs.
2024-01-31T22:00:28.956+0530 [DEBUG] [org.gradle.cache.internal.LockOnDemandCrossProcessCacheAccess] Releasing file lock for kotlin-dsl (D:\vajra\Alarm-Clock-main\caches\8.2\kotlin-dsl)
2024-01-31T22:00:28.959+0530 [DEBUG] [org.gradle.cache.internal.btree.BTreePersistentIndexedCache] Closing cache executionHistory.bin (D:\vajra\Alarm-Clock-main\caches\8.2\kotlin-dsl\executionHistory.bin)
2024-01-31T22:00:28.961+0530 [DEBUG] [org.gradle.cache.internal.DefaultFileLockManager] Releasing lock on kotlin-dsl (D:\vajra\Alarm-Clock-main\caches\8.2\kotlin-dsl).
2024-01-31T22:00:28.963+0530 [DEBUG] [org.gradle.cache.internal.DefaultPersistentDirectoryStore] kotlin-dsl (D:\vajra\Alarm-Clock-main\caches\8.2\kotlin-dsl) has last been fully cleaned up 177 hours ago
2024-01-31T22:00:28.964+0530 [INFO] [org.gradle.cache.internal.LeastRecentlyUsedCacheCleanup] kotlin-dsl (D:\vajra\Alarm-Clock-main\caches\8.2\kotlin-dsl) removing files not accessed on or after Wed Jan 24 21:59:07 IST 2024.
2024-01-31T22:00:28.966+0530 [INFO] [org.gradle.cache.internal.AbstractCacheCleanup] kotlin-dsl (D:\vajra\Alarm-Clock-main\caches\8.2\kotlin-dsl) cleanup deleted 0 files/directories.
2024-01-31T22:00:28.967+0530 [INFO] [org.gradle.cache.internal.DefaultPersistentDirectoryStore] kotlin-dsl (D:\vajra\Alarm-Clock-main\caches\8.2\kotlin-dsl) cleaned up in 0.003 secs.
2024-01-31T22:00:28.986+0530 [DEBUG] [org.gradle.cache.internal.LockOnDemandCrossProcessCacheAccess] Releasing file lock for file content cache (D:\vajra\Alarm-Clock-main\caches\8.2\fileContent)
2024-01-31T22:00:28.987+0530 [DEBUG] [org.gradle.cache.internal.DefaultFileLockManager] Releasing lock on file content cache (D:\vajra\Alarm-Clock-main\caches\8.2\fileContent).
2024-01-31T22:00:28.999+0530 [DEBUG] [org.gradle.internal.watch.vfs.impl.WatchingVirtualFileSystem] Closing VFS, dropping state
2024-01-31T22:00:29.037+0530 [DEBUG] [org.gradle.process.internal.health.memory.DefaultMemoryManager] 789395046 memory requested, 178245632 free
2024-01-31T22:00:29.037+0530 [DEBUG] [org.gradle.process.internal.health.memory.DefaultMemoryManager] 789395046 memory requested, 0 released, 178245632 free
2024-01-31T22:00:29.129+0530 [DEBUG] [org.gradle.cache.internal.LockOnDemandCrossProcessCacheAccess] Releasing file lock for Generated Gradle JARs cache (D:\vajra\Alarm-Clock-main\caches\8.2\generated-gradle-jars)
2024-01-31T22:00:29.129+0530 [DEBUG] [org.gradle.cache.internal.DefaultFileLockManager] Releasing lock on Generated Gradle JARs cache (D:\vajra\Alarm-Clock-main\caches\8.2\generated-gradle-jars).
2024-01-31T22:00:29.131+0530 [DEBUG] [org.gradle.cache.internal.LockOnDemandCrossProcessCacheAccess] Releasing file lock for artifact cache (D:\vajra\Alarm-Clock-main\caches\modules-2)
2024-01-31T22:00:29.132+0530 [DEBUG] [org.gradle.cache.internal.btree.BTreePersistentIndexedCache] Closing cache module-artifact.bin (D:\vajra\Alarm-Clock-main\caches\modules-2\metadata-2.106\module-artifact.bin)
2024-01-31T22:00:29.129+0530 [DEBUG] [org.gradle.internal.watch.registry.impl.DefaultFileWatcherRegistry] Finished listening to file system change events
2024-01-31T22:00:29.132+0530 [DEBUG] [org.gradle.cache.internal.btree.BTreePersistentIndexedCache] Closing cache module-metadata.bin (D:\vajra\Alarm-Clock-main\caches\modules-2\metadata-2.106\module-metadata.bin)
2024-01-31T22:00:29.133+0530 [DEBUG] [org.gradle.cache.internal.btree.BTreePersistentIndexedCache] Closing cache module-artifacts.bin (D:\vajra\Alarm-Clock-main\caches\modules-2\metadata-2.106\module-artifacts.bin)
2024-01-31T22:00:29.134+0530 [DEBUG] [org.gradle.cache.internal.DefaultFileLockManager] Releasing lock on artifact cache (D:\vajra\Alarm-Clock-main\caches\modules-2).
2024-01-31T22:00:29.135+0530 [DEBUG] [org.gradle.cache.internal.DefaultPersistentDirectoryStore] artifact cache (D:\vajra\Alarm-Clock-main\caches\modules-2) has last been fully cleaned up 177 hours ago
2024-01-31T22:00:29.138+0530 [INFO] [org.gradle.cache.internal.AbstractCacheCleanup] artifact cache (D:\vajra\Alarm-Clock-main\caches\modules-2) cleanup deleted 0 files/directories.
2024-01-31T22:00:29.141+0530 [INFO] [org.gradle.cache.internal.AbstractCacheCleanup] artifact cache (D:\vajra\Alarm-Clock-main\caches\modules-2) [subdir: D:\vajra\Alarm-Clock-main\caches\modules-2\resources-2.1] cleanup deleted 0 files/directories.
2024-01-31T22:00:29.142+0530 [INFO] [org.gradle.cache.internal.LeastRecentlyUsedCacheCleanup] artifact cache (D:\vajra\Alarm-Clock-main\caches\modules-2) [subdir: D:\vajra\Alarm-Clock-main\caches\modules-2\resources-2.1] removing files not accessed on or after Mon Jan 01 21:59:07 IST 2024.
2024-01-31T22:00:29.142+0530 [INFO] [org.gradle.cache.internal.AbstractCacheCleanup] artifact cache (D:\vajra\Alarm-Clock-main\caches\modules-2) [subdir: D:\vajra\Alarm-Clock-main\caches\modules-2\resources-2.1] cleanup deleted 0 files/directories.
2024-01-31T22:00:29.143+0530 [INFO] [org.gradle.cache.internal.AbstractCacheCleanup] artifact cache (D:\vajra\Alarm-Clock-main\caches\modules-2) [subdir: D:\vajra\Alarm-Clock-main\caches\modules-2\files-2.1] cleanup deleted 0 files/directories.
2024-01-31T22:00:29.144+0530 [INFO] [org.gradle.cache.internal.LeastRecentlyUsedCacheCleanup] artifact cache (D:\vajra\Alarm-Clock-main\caches\modules-2) [subdir: D:\vajra\Alarm-Clock-main\caches\modules-2\files-2.1] removing files not accessed on or after Mon Jan 01 21:59:07 IST 2024.
2024-01-31T22:00:29.309+0530 [INFO] [org.gradle.cache.internal.AbstractCacheCleanup] artifact cache (D:\vajra\Alarm-Clock-main\caches\modules-2) [subdir: D:\vajra\Alarm-Clock-main\caches\modules-2\files-2.1] cleanup deleted 0 files/directories.
2024-01-31T22:00:30.337+0530 [DEBUG] [org.gradle.cache.internal.UnusedVersionsCacheCleanup] Deleting unused versioned cache directory at D:\vajra\Alarm-Clock-main\caches\modules-2\metadata-2.100
2024-01-31T22:00:31.114+0530 [DEBUG] [org.gradle.cache.internal.UnusedVersionsCacheCleanup] Deleting unused versioned cache directory at D:\vajra\Alarm-Clock-main\caches\modules-2\metadata-2.97
2024-01-31T22:00:31.114+0530 [INFO] [org.gradle.cache.internal.AbstractCacheCleanup] artifact cache (D:\vajra\Alarm-Clock-main\caches\modules-2) [subdir: D:\vajra\Alarm-Clock-main\caches\modules-2\metadata-2.106] cleanup deleted 2 files/directories.
2024-01-31T22:00:31.114+0530 [INFO] [org.gradle.cache.internal.DefaultPersistentDirectoryStore] artifact cache (D:\vajra\Alarm-Clock-main\caches\modules-2) cleaned up in 1.978 secs.
2024-01-31T22:00:31.115+0530 [DEBUG] [org.gradle.cache.internal.LockOnDemandCrossProcessCacheAccess] Releasing file lock for journal cache (D:\vajra\Alarm-Clock-main\caches\journal-1)
2024-01-31T22:00:31.115+0530 [DEBUG] [org.gradle.cache.internal.btree.BTreePersistentIndexedCache] Closing cache file-access.bin (D:\vajra\Alarm-Clock-main\caches\journal-1\file-access.bin)
2024-01-31T22:00:31.115+0530 [DEBUG] [org.gradle.cache.internal.DefaultFileLockManager] Releasing lock on journal cache (D:\vajra\Alarm-Clock-main\caches\journal-1).
2024-01-31T22:00:31.116+0530 [DEBUG] [org.gradle.cache.internal.LockOnDemandCrossProcessCacheAccess] Releasing file lock for file hash cache (D:\vajra\Alarm-Clock-main\caches\8.2\fileHashes)
2024-01-31T22:00:31.116+0530 [DEBUG] [org.gradle.cache.internal.btree.BTreePersistentIndexedCache] Closing cache fileHashes.bin (D:\vajra\Alarm-Clock-main\caches\8.2\fileHashes\fileHashes.bin)
2024-01-31T22:00:31.116+0530 [DEBUG] [org.gradle.cache.internal.btree.BTreePersistentIndexedCache] Closing cache resourceHashesCache.bin (D:\vajra\Alarm-Clock-main\caches\8.2\fileHashes\resourceHashesCache.bin)
2024-01-31T22:00:31.117+0530 [DEBUG] [org.gradle.cache.internal.DefaultFileLockManager] Releasing lock on file hash cache (D:\vajra\Alarm-Clock-main\caches\8.2\fileHashes).
2024-01-31T22:00:31.118+0530 [DEBUG] [org.gradle.cache.internal.LockOnDemandCrossProcessCacheAccess] Releasing file lock for execution history cache (D:\vajra\Alarm-Clock-main\caches\8.2\executionHistory)
2024-01-31T22:00:31.118+0530 [DEBUG] [org.gradle.cache.internal.btree.BTreePersistentIndexedCache] Closing cache executionHistory.bin (D:\vajra\Alarm-Clock-main\caches\8.2\executionHistory\executionHistory.bin)
2024-01-31T22:00:31.118+0530 [DEBUG] [org.gradle.cache.internal.DefaultFileLockManager] Releasing lock on execution history cache (D:\vajra\Alarm-Clock-main\caches\8.2\executionHistory).
2024-01-31T22:00:31.121+0530 [DEBUG] [org.gradle.cache.internal.VersionSpecificCacheCleanupAction] Processed version-specific caches at D:\vajra\Alarm-Clock-main\caches for cleanup in 0.0 secs
2024-01-31T22:00:31.126+0530 [DEBUG] [org.gradle.launcher.daemon.registry.PersistentDaemonRegistry] Removing daemon address: [05b052dd-2ee3-4fa5-9901-36c141442b5d port:51844, addresses:[localhost/127.0.0.1]]
Daemon vm is shutting down... The daemon has exited normally or was terminated in response to a user interrupt.
2024-01-31T22:00:31.127+0530 [DEBUG] [org.gradle.cache.internal.DefaultFileLockManager] Waiting to acquire exclusive lock on daemon addresses registry.
2024-01-31T22:00:31.128+0530 [DEBUG] [org.gradle.cache.internal.DefaultFileLockManager] Lock acquired on daemon addresses registry.
2024-01-31T22:00:31.129+0530 [DEBUG] [org.gradle.cache.internal.DefaultFileLockManager] Releasing lock on daemon addresses registry.
