2024-02-20T19:32:27.377+0530 [DEBUG] [org.gradle.launcher.daemon.bootstrap.DaemonMain] Assuming the daemon was started with following jvm opts: [--add-opens=java.base/java.util=ALL-UNNAMED, --add-opens=java.base/java.lang=ALL-UNNAMED, --add-opens=java.base/java.lang.invoke=ALL-UNNAMED, --add-opens=java.prefs/java.util.prefs=ALL-UNNAMED, --add-opens=java.base/java.nio.charset=ALL-UNNAMED, --add-opens=java.base/java.net=ALL-UNNAMED, --add-opens=java.base/java.util.concurrent.atomic=ALL-UNNAMED, -Xmx2048m, -Dfile.encoding=UTF-8, -Duser.country=US, -Duser.language=en, -Duser.variant]
2024-02-20T19:32:27.761+0530 [DEBUG] [org.gradle.internal.nativeintegration.services.NativeServices] Native-platform posix files integration is not available. Continuing with fallback.
2024-02-20T19:32:27.816+0530 [INFO] [org.gradle.launcher.daemon.server.Daemon] start() called on daemon - DefaultDaemonContext[uid=169a765b-ca8a-41ab-8ce2-b05aecb693d0,javaHome=C:\Program Files\Android\Android Studio\jbr,daemonRegistryDir=D:\vajra\Alarm-Clock-main\daemon,pid=19980,idleTimeout=10800000,priority=NORMAL,applyInstrumentationAgent=true,daemonOpts=--add-opens=java.base/java.util=ALL-UNNAMED,--add-opens=java.base/java.lang=ALL-UNNAMED,--add-opens=java.base/java.lang.invoke=ALL-UNNAMED,--add-opens=java.prefs/java.util.prefs=ALL-UNNAMED,--add-opens=java.base/java.nio.charset=ALL-UNNAMED,--add-opens=java.base/java.net=ALL-UNNAMED,--add-opens=java.base/java.util.concurrent.atomic=ALL-UNNAMED,-Xmx2048m,-Dfile.encoding=UTF-8,-Duser.country=US,-Duser.language=en,-Duser.variant]
2024-02-20T19:32:28.014+0530 [DEBUG] [org.gradle.internal.remote.internal.inet.InetAddresses] Adding IP addresses for network interface Software Loopback Interface 1
2024-02-20T19:32:28.019+0530 [DEBUG] [org.gradle.internal.remote.internal.inet.InetAddresses] Is this a loopback interface? true
2024-02-20T19:32:28.020+0530 [DEBUG] [org.gradle.internal.remote.internal.inet.InetAddresses] Adding loopback address /127.0.0.1
2024-02-20T19:32:28.020+0530 [DEBUG] [org.gradle.internal.remote.internal.inet.InetAddresses] Adding loopback address /0:0:0:0:0:0:0:1
2024-02-20T19:32:28.022+0530 [DEBUG] [org.gradle.internal.remote.internal.inet.InetAddresses] Adding IP addresses for network interface Microsoft 6to4 Adapter
2024-02-20T19:32:28.027+0530 [DEBUG] [org.gradle.internal.remote.internal.inet.InetAddresses] Is this a loopback interface? false
2024-02-20T19:32:28.028+0530 [DEBUG] [org.gradle.internal.remote.internal.inet.InetAddresses] Adding IP addresses for network interface Realtek PCIe GbE Family Controller
2024-02-20T19:32:28.032+0530 [DEBUG] [org.gradle.internal.remote.internal.inet.InetAddresses] Is this a loopback interface? false
2024-02-20T19:32:28.033+0530 [DEBUG] [org.gradle.internal.remote.internal.inet.InetAddresses] Adding remote address /fe80:0:0:0:2adf:db58:fee3:b766%eth0
2024-02-20T19:32:28.033+0530 [DEBUG] [org.gradle.internal.remote.internal.inet.InetAddresses] Adding IP addresses for network interface WAN Miniport (IPv6)
2024-02-20T19:32:28.038+0530 [DEBUG] [org.gradle.internal.remote.internal.inet.InetAddresses] Is this a loopback interface? false
2024-02-20T19:32:28.038+0530 [DEBUG] [org.gradle.internal.remote.internal.inet.InetAddresses] Adding IP addresses for network interface Microsoft IP-HTTPS Platform Adapter
2024-02-20T19:32:28.043+0530 [DEBUG] [org.gradle.internal.remote.internal.inet.InetAddresses] Is this a loopback interface? false
2024-02-20T19:32:28.044+0530 [DEBUG] [org.gradle.internal.remote.internal.inet.InetAddresses] Adding IP addresses for network interface Microsoft Kernel Debug Network Adapter
2024-02-20T19:32:28.049+0530 [DEBUG] [org.gradle.internal.remote.internal.inet.InetAddresses] Is this a loopback interface? false
2024-02-20T19:32:28.049+0530 [DEBUG] [org.gradle.internal.remote.internal.inet.InetAddresses] Adding IP addresses for network interface WAN Miniport (PPTP)
2024-02-20T19:32:28.053+0530 [DEBUG] [org.gradle.internal.remote.internal.inet.InetAddresses] Is this a loopback interface? false
2024-02-20T19:32:28.054+0530 [DEBUG] [org.gradle.internal.remote.internal.inet.InetAddresses] Adding IP addresses for network interface WAN Miniport (L2TP)
2024-02-20T19:32:28.059+0530 [DEBUG] [org.gradle.internal.remote.internal.inet.InetAddresses] Is this a loopback interface? false
2024-02-20T19:32:28.059+0530 [DEBUG] [org.gradle.internal.remote.internal.inet.InetAddresses] Adding IP addresses for network interface WAN Miniport (Network Monitor)
2024-02-20T19:32:28.064+0530 [DEBUG] [org.gradle.internal.remote.internal.inet.InetAddresses] Is this a loopback interface? false
2024-02-20T19:32:28.064+0530 [DEBUG] [org.gradle.internal.remote.internal.inet.InetAddresses] Adding IP addresses for network interface Microsoft Wi-Fi Direct Virtual Adapter
2024-02-20T19:32:28.069+0530 [DEBUG] [org.gradle.internal.remote.internal.inet.InetAddresses] Is this a loopback interface? false
2024-02-20T19:32:28.069+0530 [DEBUG] [org.gradle.internal.remote.internal.inet.InetAddresses] Adding remote address /fe80:0:0:0:165:a2ff:6d5:9981%wlan0
2024-02-20T19:32:28.070+0530 [DEBUG] [org.gradle.internal.remote.internal.inet.InetAddresses] Adding IP addresses for network interface WAN Miniport (PPPOE)
2024-02-20T19:32:28.075+0530 [DEBUG] [org.gradle.internal.remote.internal.inet.InetAddresses] Is this a loopback interface? false
2024-02-20T19:32:28.075+0530 [DEBUG] [org.gradle.internal.remote.internal.inet.InetAddresses] Adding IP addresses for network interface VMware Virtual Ethernet Adapter for VMnet1
2024-02-20T19:32:28.080+0530 [DEBUG] [org.gradle.internal.remote.internal.inet.InetAddresses] Is this a loopback interface? false
2024-02-20T19:32:28.081+0530 [DEBUG] [org.gradle.internal.remote.internal.inet.InetAddresses] Adding remote address /169.254.148.36
2024-02-20T19:32:28.082+0530 [DEBUG] [org.gradle.internal.remote.internal.inet.InetAddresses] Adding remote address /fe80:0:0:0:6bb6:b8d2:73c7:db95%eth4
2024-02-20T19:32:28.083+0530 [DEBUG] [org.gradle.internal.remote.internal.inet.InetAddresses] Adding IP addresses for network interface Microsoft Teredo Tunneling Adapter
2024-02-20T19:32:28.089+0530 [DEBUG] [org.gradle.internal.remote.internal.inet.InetAddresses] Is this a loopback interface? false
2024-02-20T19:32:28.089+0530 [DEBUG] [org.gradle.internal.remote.internal.inet.InetAddresses] Adding IP addresses for network interface WAN Miniport (IP)
2024-02-20T19:32:28.095+0530 [DEBUG] [org.gradle.internal.remote.internal.inet.InetAddresses] Is this a loopback interface? false
2024-02-20T19:32:28.095+0530 [DEBUG] [org.gradle.internal.remote.internal.inet.InetAddresses] Adding IP addresses for network interface Microsoft Wi-Fi Direct Virtual Adapter #2
2024-02-20T19:32:28.100+0530 [DEBUG] [org.gradle.internal.remote.internal.inet.InetAddresses] Is this a loopback interface? false
2024-02-20T19:32:28.101+0530 [DEBUG] [org.gradle.internal.remote.internal.inet.InetAddresses] Adding remote address /fe80:0:0:0:7cc0:1a20:8941:dba%wlan1
2024-02-20T19:32:28.101+0530 [DEBUG] [org.gradle.internal.remote.internal.inet.InetAddresses] Adding IP addresses for network interface VMware Virtual Ethernet Adapter for VMnet8
2024-02-20T19:32:28.106+0530 [DEBUG] [org.gradle.internal.remote.internal.inet.InetAddresses] Is this a loopback interface? false
2024-02-20T19:32:28.106+0530 [DEBUG] [org.gradle.internal.remote.internal.inet.InetAddresses] Adding remote address /169.254.7.113
2024-02-20T19:32:28.107+0530 [DEBUG] [org.gradle.internal.remote.internal.inet.InetAddresses] Adding remote address /fe80:0:0:0:2c2e:7de4:9194:da44%eth6
2024-02-20T19:32:28.107+0530 [DEBUG] [org.gradle.internal.remote.internal.inet.InetAddresses] Adding IP addresses for network interface WAN Miniport (IKEv2)
2024-02-20T19:32:28.112+0530 [DEBUG] [org.gradle.internal.remote.internal.inet.InetAddresses] Is this a loopback interface? false
2024-02-20T19:32:28.112+0530 [DEBUG] [org.gradle.internal.remote.internal.inet.InetAddresses] Adding IP addresses for network interface WAN Miniport (SSTP)
2024-02-20T19:32:28.117+0530 [DEBUG] [org.gradle.internal.remote.internal.inet.InetAddresses] Is this a loopback interface? false
2024-02-20T19:32:28.117+0530 [DEBUG] [org.gradle.internal.remote.internal.inet.InetAddresses] Adding IP addresses for network interface Bluetooth Device (Personal Area Network)
2024-02-20T19:32:28.122+0530 [DEBUG] [org.gradle.internal.remote.internal.inet.InetAddresses] Is this a loopback interface? false
2024-02-20T19:32:28.122+0530 [DEBUG] [org.gradle.internal.remote.internal.inet.InetAddresses] Adding IP addresses for network interface Qualcomm QCA61x4A 802.11ac Wireless Adapter
2024-02-20T19:32:28.127+0530 [DEBUG] [org.gradle.internal.remote.internal.inet.InetAddresses] Is this a loopback interface? false
2024-02-20T19:32:28.128+0530 [DEBUG] [org.gradle.internal.remote.internal.inet.InetAddresses] Adding remote address /172.21.0.120
2024-02-20T19:32:28.128+0530 [DEBUG] [org.gradle.internal.remote.internal.inet.InetAddresses] Adding remote address /fe80:0:0:0:f12a:8812:3d55:91cb%wlan2
2024-02-20T19:32:28.128+0530 [DEBUG] [org.gradle.internal.remote.internal.inet.InetAddresses] Adding IP addresses for network interface Realtek PCIe GbE Family Controller-WFP Native MAC Layer LightWeight Filter-0000
2024-02-20T19:32:28.133+0530 [DEBUG] [org.gradle.internal.remote.internal.inet.InetAddresses] Is this a loopback interface? false
2024-02-20T19:32:28.134+0530 [DEBUG] [org.gradle.internal.remote.internal.inet.InetAddresses] Adding IP addresses for network interface Realtek PCIe GbE Family Controller-QoS Packet Scheduler-0000
2024-02-20T19:32:28.139+0530 [DEBUG] [org.gradle.internal.remote.internal.inet.InetAddresses] Is this a loopback interface? false
2024-02-20T19:32:28.139+0530 [DEBUG] [org.gradle.internal.remote.internal.inet.InetAddresses] Adding IP addresses for network interface Realtek PCIe GbE Family Controller-WFP 802.3 MAC Layer LightWeight Filter-0000
2024-02-20T19:32:28.145+0530 [DEBUG] [org.gradle.internal.remote.internal.inet.InetAddresses] Is this a loopback interface? false
2024-02-20T19:32:28.145+0530 [DEBUG] [org.gradle.internal.remote.internal.inet.InetAddresses] Adding IP addresses for network interface Qualcomm QCA61x4A 802.11ac Wireless Adapter-WFP Native MAC Layer LightWeight Filter-0000
2024-02-20T19:32:28.150+0530 [DEBUG] [org.gradle.internal.remote.internal.inet.InetAddresses] Is this a loopback interface? false
2024-02-20T19:32:28.150+0530 [DEBUG] [org.gradle.internal.remote.internal.inet.InetAddresses] Adding IP addresses for network interface Qualcomm QCA61x4A 802.11ac Wireless Adapter-Virtual WiFi Filter Driver-0000
2024-02-20T19:32:28.156+0530 [DEBUG] [org.gradle.internal.remote.internal.inet.InetAddresses] Is this a loopback interface? false
2024-02-20T19:32:28.156+0530 [DEBUG] [org.gradle.internal.remote.internal.inet.InetAddresses] Adding IP addresses for network interface Qualcomm QCA61x4A 802.11ac Wireless Adapter-Native WiFi Filter Driver-0000
2024-02-20T19:32:28.162+0530 [DEBUG] [org.gradle.internal.remote.internal.inet.InetAddresses] Is this a loopback interface? false
2024-02-20T19:32:28.162+0530 [DEBUG] [org.gradle.internal.remote.internal.inet.InetAddresses] Adding IP addresses for network interface Qualcomm QCA61x4A 802.11ac Wireless Adapter-QoS Packet Scheduler-0000
2024-02-20T19:32:28.167+0530 [DEBUG] [org.gradle.internal.remote.internal.inet.InetAddresses] Is this a loopback interface? false
2024-02-20T19:32:28.167+0530 [DEBUG] [org.gradle.internal.remote.internal.inet.InetAddresses] Adding IP addresses for network interface Qualcomm QCA61x4A 802.11ac Wireless Adapter-WFP 802.3 MAC Layer LightWeight Filter-0000
2024-02-20T19:32:28.172+0530 [DEBUG] [org.gradle.internal.remote.internal.inet.InetAddresses] Is this a loopback interface? false
2024-02-20T19:32:28.173+0530 [DEBUG] [org.gradle.internal.remote.internal.inet.InetAddresses] Adding IP addresses for network interface WAN Miniport (IP)-WFP Native MAC Layer LightWeight Filter-0000
2024-02-20T19:32:28.179+0530 [DEBUG] [org.gradle.internal.remote.internal.inet.InetAddresses] Is this a loopback interface? false
2024-02-20T19:32:28.179+0530 [DEBUG] [org.gradle.internal.remote.internal.inet.InetAddresses] Adding IP addresses for network interface WAN Miniport (IP)-QoS Packet Scheduler-0000
2024-02-20T19:32:28.184+0530 [DEBUG] [org.gradle.internal.remote.internal.inet.InetAddresses] Is this a loopback interface? false
2024-02-20T19:32:28.184+0530 [DEBUG] [org.gradle.internal.remote.internal.inet.InetAddresses] Adding IP addresses for network interface WAN Miniport (IPv6)-WFP Native MAC Layer LightWeight Filter-0000
2024-02-20T19:32:28.190+0530 [DEBUG] [org.gradle.internal.remote.internal.inet.InetAddresses] Is this a loopback interface? false
2024-02-20T19:32:28.191+0530 [DEBUG] [org.gradle.internal.remote.internal.inet.InetAddresses] Adding IP addresses for network interface WAN Miniport (IPv6)-QoS Packet Scheduler-0000
2024-02-20T19:32:28.195+0530 [DEBUG] [org.gradle.internal.remote.internal.inet.InetAddresses] Is this a loopback interface? false
2024-02-20T19:32:28.196+0530 [DEBUG] [org.gradle.internal.remote.internal.inet.InetAddresses] Adding IP addresses for network interface WAN Miniport (Network Monitor)-WFP Native MAC Layer LightWeight Filter-0000
2024-02-20T19:32:28.200+0530 [DEBUG] [org.gradle.internal.remote.internal.inet.InetAddresses] Is this a loopback interface? false
2024-02-20T19:32:28.201+0530 [DEBUG] [org.gradle.internal.remote.internal.inet.InetAddresses] Adding IP addresses for network interface WAN Miniport (Network Monitor)-QoS Packet Scheduler-0000
2024-02-20T19:32:28.206+0530 [DEBUG] [org.gradle.internal.remote.internal.inet.InetAddresses] Is this a loopback interface? false
2024-02-20T19:32:28.206+0530 [DEBUG] [org.gradle.internal.remote.internal.inet.InetAddresses] Adding IP addresses for network interface Microsoft Wi-Fi Direct Virtual Adapter-WFP Native MAC Layer LightWeight Filter-0000
2024-02-20T19:32:28.211+0530 [DEBUG] [org.gradle.internal.remote.internal.inet.InetAddresses] Is this a loopback interface? false
2024-02-20T19:32:28.211+0530 [DEBUG] [org.gradle.internal.remote.internal.inet.InetAddresses] Adding IP addresses for network interface Microsoft Wi-Fi Direct Virtual Adapter-Native WiFi Filter Driver-0000
2024-02-20T19:32:28.215+0530 [DEBUG] [org.gradle.internal.remote.internal.inet.InetAddresses] Is this a loopback interface? false
2024-02-20T19:32:28.216+0530 [DEBUG] [org.gradle.internal.remote.internal.inet.InetAddresses] Adding IP addresses for network interface Microsoft Wi-Fi Direct Virtual Adapter-QoS Packet Scheduler-0000
2024-02-20T19:32:28.220+0530 [DEBUG] [org.gradle.internal.remote.internal.inet.InetAddresses] Is this a loopback interface? false
2024-02-20T19:32:28.221+0530 [DEBUG] [org.gradle.internal.remote.internal.inet.InetAddresses] Adding IP addresses for network interface Microsoft Wi-Fi Direct Virtual Adapter-WFP 802.3 MAC Layer LightWeight Filter-0000
2024-02-20T19:32:28.226+0530 [DEBUG] [org.gradle.internal.remote.internal.inet.InetAddresses] Is this a loopback interface? false
2024-02-20T19:32:28.226+0530 [DEBUG] [org.gradle.internal.remote.internal.inet.InetAddresses] Adding IP addresses for network interface Microsoft Wi-Fi Direct Virtual Adapter #2-WFP Native MAC Layer LightWeight Filter-0000
2024-02-20T19:32:28.231+0530 [DEBUG] [org.gradle.internal.remote.internal.inet.InetAddresses] Is this a loopback interface? false
2024-02-20T19:32:28.231+0530 [DEBUG] [org.gradle.internal.remote.internal.inet.InetAddresses] Adding IP addresses for network interface Microsoft Wi-Fi Direct Virtual Adapter #2-Native WiFi Filter Driver-0000
2024-02-20T19:32:28.236+0530 [DEBUG] [org.gradle.internal.remote.internal.inet.InetAddresses] Is this a loopback interface? false
2024-02-20T19:32:28.237+0530 [DEBUG] [org.gradle.internal.remote.internal.inet.InetAddresses] Adding IP addresses for network interface Microsoft Wi-Fi Direct Virtual Adapter #2-QoS Packet Scheduler-0000
2024-02-20T19:32:28.242+0530 [DEBUG] [org.gradle.internal.remote.internal.inet.InetAddresses] Is this a loopback interface? false
2024-02-20T19:32:28.242+0530 [DEBUG] [org.gradle.internal.remote.internal.inet.InetAddresses] Adding IP addresses for network interface Microsoft Wi-Fi Direct Virtual Adapter #2-WFP 802.3 MAC Layer LightWeight Filter-0000
2024-02-20T19:32:28.246+0530 [DEBUG] [org.gradle.internal.remote.internal.inet.InetAddresses] Is this a loopback interface? false
2024-02-20T19:32:28.259+0530 [DEBUG] [org.gradle.internal.remote.internal.inet.TcpIncomingConnector] Listening on [79df2fe1-c461-45e0-be6c-b18f0d51836c port:62047, addresses:[localhost/127.0.0.1]].
2024-02-20T19:32:28.275+0530 [DEBUG] [org.gradle.launcher.daemon.server.Daemon] Daemon starting at: Tue Feb 20 19:32:28 IST 2024, with address: [79df2fe1-c461-45e0-be6c-b18f0d51836c port:62047, addresses:[localhost/127.0.0.1]]
2024-02-20T19:32:28.275+0530 [INFO] [org.gradle.launcher.daemon.server.DaemonRegistryUpdater] Advertising the daemon address to the clients: [79df2fe1-c461-45e0-be6c-b18f0d51836c port:62047, addresses:[localhost/127.0.0.1]]
2024-02-20T19:32:28.276+0530 [DEBUG] [org.gradle.launcher.daemon.server.DaemonRegistryUpdater] Advertised daemon context: DefaultDaemonContext[uid=169a765b-ca8a-41ab-8ce2-b05aecb693d0,javaHome=C:\Program Files\Android\Android Studio\jbr,daemonRegistryDir=D:\vajra\Alarm-Clock-main\daemon,pid=19980,idleTimeout=10800000,priority=NORMAL,applyInstrumentationAgent=true,daemonOpts=--add-opens=java.base/java.util=ALL-UNNAMED,--add-opens=java.base/java.lang=ALL-UNNAMED,--add-opens=java.base/java.lang.invoke=ALL-UNNAMED,--add-opens=java.prefs/java.util.prefs=ALL-UNNAMED,--add-opens=java.base/java.nio.charset=ALL-UNNAMED,--add-opens=java.base/java.net=ALL-UNNAMED,--add-opens=java.base/java.util.concurrent.atomic=ALL-UNNAMED,-Xmx2048m,-Dfile.encoding=UTF-8,-Duser.country=US,-Duser.language=en,-Duser.variant]
2024-02-20T19:32:28.277+0530 [DEBUG] [org.gradle.launcher.daemon.registry.PersistentDaemonRegistry] Storing daemon address: [79df2fe1-c461-45e0-be6c-b18f0d51836c port:62047, addresses:[localhost/127.0.0.1]], context: DefaultDaemonContext[uid=169a765b-ca8a-41ab-8ce2-b05aecb693d0,javaHome=C:\Program Files\Android\Android Studio\jbr,daemonRegistryDir=D:\vajra\Alarm-Clock-main\daemon,pid=19980,idleTimeout=10800000,priority=NORMAL,applyInstrumentationAgent=true,daemonOpts=--add-opens=java.base/java.util=ALL-UNNAMED,--add-opens=java.base/java.lang=ALL-UNNAMED,--add-opens=java.base/java.lang.invoke=ALL-UNNAMED,--add-opens=java.prefs/java.util.prefs=ALL-UNNAMED,--add-opens=java.base/java.nio.charset=ALL-UNNAMED,--add-opens=java.base/java.net=ALL-UNNAMED,--add-opens=java.base/java.util.concurrent.atomic=ALL-UNNAMED,-Xmx2048m,-Dfile.encoding=UTF-8,-Duser.country=US,-Duser.language=en,-Duser.variant]
2024-02-20T19:32:28.301+0530 [DEBUG] [org.gradle.cache.internal.DefaultFileLockManager] Waiting to acquire exclusive lock on daemon addresses registry.
2024-02-20T19:32:28.311+0530 [DEBUG] [org.gradle.cache.internal.DefaultFileLockManager] Lock acquired on daemon addresses registry.
2024-02-20T19:32:28.325+0530 [DEBUG] [org.gradle.cache.internal.DefaultFileLockManager] Releasing lock on daemon addresses registry.
2024-02-20T19:32:28.326+0530 [LIFECYCLE] [org.gradle.launcher.daemon.server.Daemon] Daemon server started.
2024-02-20T19:32:28.328+0530 [DEBUG] [org.gradle.launcher.daemon.bootstrap.DaemonStartupCommunication] Completed writing the daemon greeting. Closing streams...
2024-02-20T19:32:28.341+0530 [DEBUG] [org.gradle.launcher.daemon.server.Daemon] stopOnExpiration() called on daemon
2024-02-20T19:32:28.343+0530 [DEBUG] [org.gradle.launcher.daemon.server.Daemon] awaitExpiration() called on daemon
2024-02-20T19:32:28.346+0530 [DEBUG] [org.gradle.launcher.daemon.server.DaemonStateCoordinator] daemon is running. Sleeping until state changes.
2024-02-20T19:32:28.348+0530 [DEBUG] [org.gradle.internal.remote.internal.inet.TcpIncomingConnector] Accepted connection from /127.0.0.1:62048 to /127.0.0.1:62047.
2024-02-20T19:32:28.568+0530 [DEBUG] [org.gradle.launcher.daemon.server.SynchronizedDispatchConnection] thread 22: received class org.gradle.launcher.daemon.protocol.Build
2024-02-20T19:32:28.568+0530 [DEBUG] [org.gradle.launcher.daemon.server.DefaultDaemonConnection] thread 22: Received non-IO message from client: Build{id=8233d756-f947-4328-934f-3f05670e47df, currentDir=D:\3-1\MyCa1SetB}
2024-02-20T19:32:28.569+0530 [INFO] [org.gradle.launcher.daemon.server.DefaultIncomingConnectionHandler] Received command: Build{id=8233d756-f947-4328-934f-3f05670e47df, currentDir=D:\3-1\MyCa1SetB}.
2024-02-20T19:32:28.570+0530 [DEBUG] [org.gradle.launcher.daemon.server.DefaultIncomingConnectionHandler] Starting executing command: Build{id=8233d756-f947-4328-934f-3f05670e47df, currentDir=D:\3-1\MyCa1SetB} with connection: socket connection from /127.0.0.1:62047 to /127.0.0.1:62048.
2024-02-20T19:32:28.574+0530 [DEBUG] [org.gradle.launcher.daemon.server.DaemonStateCoordinator] Command execution: started DaemonCommandExecution[command = Build{id=8233d756-f947-4328-934f-3f05670e47df, currentDir=D:\3-1\MyCa1SetB}, connection = DefaultDaemonConnection: socket connection from /127.0.0.1:62047 to /127.0.0.1:62048] after 0.0 minutes of idle
2024-02-20T19:32:28.574+0530 [INFO] [org.gradle.launcher.daemon.server.DaemonRegistryUpdater] Marking the daemon as busy, address: [79df2fe1-c461-45e0-be6c-b18f0d51836c port:62047, addresses:[localhost/127.0.0.1]]
2024-02-20T19:32:28.575+0530 [DEBUG] [org.gradle.launcher.daemon.registry.PersistentDaemonRegistry] Marking busy by address: [79df2fe1-c461-45e0-be6c-b18f0d51836c port:62047, addresses:[localhost/127.0.0.1]]
2024-02-20T19:32:28.576+0530 [DEBUG] [org.gradle.cache.internal.DefaultFileLockManager] Waiting to acquire exclusive lock on daemon addresses registry.
2024-02-20T19:32:28.577+0530 [DEBUG] [org.gradle.cache.internal.DefaultFileLockManager] Lock acquired on daemon addresses registry.
2024-02-20T19:32:28.578+0530 [DEBUG] [org.gradle.cache.internal.DefaultFileLockManager] Releasing lock on daemon addresses registry.
2024-02-20T19:32:28.579+0530 [DEBUG] [org.gradle.launcher.daemon.server.DaemonStateCoordinator] resetting idle timer
2024-02-20T19:32:28.580+0530 [DEBUG] [org.gradle.launcher.daemon.server.DaemonStateCoordinator] daemon is running. Sleeping until state changes.
2024-02-20T19:32:28.581+0530 [INFO] [org.gradle.launcher.daemon.server.exec.StartBuildOrRespondWithBusy] Daemon is about to start building Build{id=8233d756-f947-4328-934f-3f05670e47df, currentDir=D:\3-1\MyCa1SetB}. Dispatching build started information...
2024-02-20T19:32:28.581+0530 [DEBUG] [org.gradle.launcher.daemon.server.SynchronizedDispatchConnection] thread 24: dispatching org.gradle.launcher.daemon.protocol.BuildStarted@671c763d
2024-02-20T19:32:28.584+0530 [DEBUG] [org.gradle.launcher.daemon.server.exec.EstablishBuildEnvironment] Configuring env variables: [USERDOMAIN_ROAMINGPROFILE, LOCALAPPDATA, ChocolateyLastPathUpdate, PROCESSOR_LEVEL, USERDOMAIN, LOGONSERVER, FPS_BROWSER_APP_PROFILE_STRING, SESSIONNAME, ALLUSERSPROFILE, PROCESSOR_ARCHITECTURE, PSModulePath, SystemDrive, OneDrive, PT8HOME, APPDATA, USERNAME, ChocolateyInstall, ProgramFiles(x86), CommonProgramFiles, Path, FPS_BROWSER_USER_PROFILE_STRING, PATHEXT, DriverData, OS, OneDriveConsumer, COMPUTERNAME, IntelliJ IDEA Community Edition, PROCESSOR_REVISION, CommonProgramW6432, ComSpec, ProgramData, ProgramW6432, TEMP, HOMEPATH, SystemRoot, PROCESSOR_IDENTIFIER, HOMEDRIVE, USERPROFILE, TMP, CommonProgramFiles(x86), ProgramFiles, PUBLIC, EFC_18316, windir, NUMBER_OF_PROCESSORS, =::, IDEA_INITIAL_DIRECTORY]
2024-02-20T19:32:28.591+0530 [DEBUG] [org.gradle.launcher.daemon.server.SynchronizedDispatchConnection] thread 22: received class org.gradle.launcher.daemon.protocol.CloseInput
2024-02-20T19:32:28.591+0530 [DEBUG] [org.gradle.launcher.daemon.server.DefaultDaemonConnection] thread 22: Received IO message from client: org.gradle.launcher.daemon.protocol.CloseInput@485e5939
2024-02-20T19:32:28.596+0530 [DEBUG] [org.gradle.launcher.daemon.server.exec.LogToClient] About to start relaying all logs to the client via the connection.
2024-02-20T19:32:28.597+0530 [INFO] [org.gradle.launcher.daemon.server.exec.LogToClient] The client will now receive all logging from the daemon (pid: 19980). The daemon log file: D:\vajra\Alarm-Clock-main\daemon\8.2\daemon-19980.out.log
2024-02-20T19:32:28.600+0530 [INFO] [org.gradle.launcher.daemon.server.exec.LogAndCheckHealth] Starting build in new daemon [memory: 2 GiB]
2024-02-20T19:32:28.603+0530 [INFO] [org.gradle.launcher.daemon.server.exec.ForwardClientInput] Closing daemon's stdin at end of input.
2024-02-20T19:32:28.603+0530 [INFO] [org.gradle.launcher.daemon.server.exec.ForwardClientInput] The daemon will no longer process any standard input.
2024-02-20T19:32:28.617+0530 [DEBUG] [org.gradle.launcher.daemon.server.exec.ExecuteBuild] The daemon has started executing the build.
2024-02-20T19:32:28.618+0530 [DEBUG] [org.gradle.launcher.daemon.server.exec.ExecuteBuild] Executing build with daemon context: DefaultDaemonContext[uid=169a765b-ca8a-41ab-8ce2-b05aecb693d0,javaHome=C:\Program Files\Android\Android Studio\jbr,daemonRegistryDir=D:\vajra\Alarm-Clock-main\daemon,pid=19980,idleTimeout=10800000,priority=NORMAL,applyInstrumentationAgent=true,daemonOpts=--add-opens=java.base/java.util=ALL-UNNAMED,--add-opens=java.base/java.lang=ALL-UNNAMED,--add-opens=java.base/java.lang.invoke=ALL-UNNAMED,--add-opens=java.prefs/java.util.prefs=ALL-UNNAMED,--add-opens=java.base/java.nio.charset=ALL-UNNAMED,--add-opens=java.base/java.net=ALL-UNNAMED,--add-opens=java.base/java.util.concurrent.atomic=ALL-UNNAMED,-Xmx2048m,-Dfile.encoding=UTF-8,-Duser.country=US,-Duser.language=en,-Duser.variant]

Deprecated Gradle features were used in this build, making it incompatible with Gradle 9.0.

You can use '--warning-mode all' to show the individual deprecation warnings and determine if they come from your own scripts or plugins.

For more on this, please refer to https://docs.gradle.org/8.2/userguide/command_line_interface.html#sec:command_line_warnings in the Gradle documentation.

BUILD SUCCESSFUL in 3m
2024-02-20T19:35:14.912+0530 [DEBUG] [org.gradle.launcher.daemon.server.exec.ExecuteBuild] The daemon has finished executing the build.
2024-02-20T19:35:14.931+0530 [DEBUG] [org.gradle.launcher.daemon.server.DaemonStateCoordinator] daemon is running. Sleeping until state changes.
2024-02-20T19:35:14.932+0530 [DEBUG] [org.gradle.launcher.daemon.server.DaemonStateCoordinator] Command execution: finished waiting for DaemonCommandExecution[command = Build{id=8233d756-f947-4328-934f-3f05670e47df, currentDir=D:\3-1\MyCa1SetB}, connection = DefaultDaemonConnection: socket connection from /127.0.0.1:62047 to /127.0.0.1:62048]. Result org.gradle.launcher.daemon.server.DaemonStateCoordinator@1d91be94 with state Busy
2024-02-20T19:35:14.933+0530 [DEBUG] [org.gradle.launcher.daemon.server.DaemonStateCoordinator] Command execution: completed DaemonCommandExecution[command = Build{id=8233d756-f947-4328-934f-3f05670e47df, currentDir=D:\3-1\MyCa1SetB}, connection = DefaultDaemonConnection: socket connection from /127.0.0.1:62047 to /127.0.0.1:62048]
2024-02-20T19:35:14.933+0530 [DEBUG] [org.gradle.launcher.daemon.server.DaemonStateCoordinator] resetting idle timer
2024-02-20T19:35:14.933+0530 [INFO] [org.gradle.launcher.daemon.server.DaemonRegistryUpdater] Marking the daemon as idle, address: [79df2fe1-c461-45e0-be6c-b18f0d51836c port:62047, addresses:[localhost/127.0.0.1]]
2024-02-20T19:35:14.933+0530 [DEBUG] [org.gradle.launcher.daemon.registry.PersistentDaemonRegistry] Marking busy by address: [79df2fe1-c461-45e0-be6c-b18f0d51836c port:62047, addresses:[localhost/127.0.0.1]]
2024-02-20T19:35:14.934+0530 [DEBUG] [org.gradle.cache.internal.DefaultFileLockManager] Waiting to acquire exclusive lock on daemon addresses registry.
2024-02-20T19:35:14.935+0530 [DEBUG] [org.gradle.cache.internal.DefaultFileLockManager] Lock acquired on daemon addresses registry.
2024-02-20T19:35:14.937+0530 [DEBUG] [org.gradle.cache.internal.DefaultFileLockManager] Releasing lock on daemon addresses registry.
2024-02-20T19:35:14.938+0530 [DEBUG] [org.gradle.launcher.daemon.server.DaemonStateCoordinator] daemon is running. Sleeping until state changes.
2024-02-20T19:35:14.938+0530 [DEBUG] [org.gradle.launcher.daemon.server.exec.ReturnResult] Daemon is dispatching the build result: Success[value=org.gradle.launcher.exec.BuildActionResult@5443665b]
2024-02-20T19:35:14.939+0530 [DEBUG] [org.gradle.launcher.daemon.server.SynchronizedDispatchConnection] thread 21: dispatching Success[value=org.gradle.launcher.exec.BuildActionResult@5443665b]
2024-02-20T19:35:14.940+0530 [DEBUG] [org.gradle.launcher.daemon.server.DefaultIncomingConnectionHandler] Finishing executing command: Build{id=8233d756-f947-4328-934f-3f05670e47df, currentDir=D:\3-1\MyCa1SetB}
2024-02-20T19:35:14.942+0530 [DEBUG] [org.gradle.launcher.daemon.server.SynchronizedDispatchConnection] thread 22: received class org.gradle.launcher.daemon.protocol.Finished
2024-02-20T19:35:14.943+0530 [DEBUG] [org.gradle.launcher.daemon.server.DefaultDaemonConnection] thread 22: Received non-IO message from client: org.gradle.launcher.daemon.protocol.Finished@4a8e0107
2024-02-20T19:35:14.943+0530 [DEBUG] [org.gradle.launcher.daemon.server.DefaultIncomingConnectionHandler] Received finished message: org.gradle.launcher.daemon.protocol.Finished@4a8e0107
2024-02-20T19:35:14.944+0530 [DEBUG] [org.gradle.launcher.daemon.server.SynchronizedDispatchConnection] thread 21: stopping connection
2024-02-20T19:35:14.946+0530 [DEBUG] [org.gradle.internal.remote.internal.inet.SocketConnection] Discarding EOFException: java.io.EOFException
2024-02-20T19:35:14.946+0530 [DEBUG] [org.gradle.launcher.daemon.server.SynchronizedDispatchConnection] thread 22: received null
2024-02-20T19:35:14.947+0530 [DEBUG] [org.gradle.launcher.daemon.server.DefaultDaemonConnection] thread 22: Received end-of-input from client.
2024-02-20T19:35:14.948+0530 [DEBUG] [org.gradle.launcher.daemon.server.SynchronizedDispatchConnection] thread 21: stopping connection
2024-02-20T19:35:15.458+0530 [DEBUG] [org.gradle.process.internal.health.memory.DefaultMemoryManager] 789395046 memory requested, 557789184 free
2024-02-20T19:35:15.459+0530 [DEBUG] [org.gradle.workers.internal.WorkerDaemonExpiration] Will attempt to release 752 of memory
2024-02-20T19:35:15.459+0530 [DEBUG] [org.gradle.process.internal.health.memory.DefaultMemoryManager] 789395046 memory requested, 0 released, 557789184 free
2024-02-20T19:35:18.345+0530 [DEBUG] [org.gradle.cache.internal.DefaultFileLockManager] Waiting to acquire shared lock on daemon addresses registry.
2024-02-20T19:35:18.346+0530 [DEBUG] [org.gradle.cache.internal.DefaultFileLockManager] Lock acquired on daemon addresses registry.
2024-02-20T19:35:18.346+0530 [DEBUG] [org.gradle.cache.internal.DefaultFileLockManager] Releasing lock on daemon addresses registry.
2024-02-20T19:35:18.348+0530 [DEBUG] [org.gradle.cache.internal.DefaultFileLockManager] Waiting to acquire shared lock on daemon addresses registry.
2024-02-20T19:35:18.349+0530 [DEBUG] [org.gradle.cache.internal.DefaultFileLockManager] Lock acquired on daemon addresses registry.
2024-02-20T19:35:18.349+0530 [DEBUG] [org.gradle.cache.internal.DefaultFileLockManager] Releasing lock on daemon addresses registry.
2024-02-20T19:35:20.457+0530 [DEBUG] [org.gradle.process.internal.health.memory.DefaultMemoryManager] 789395046 memory requested, 538750976 free
2024-02-20T19:35:20.457+0530 [DEBUG] [org.gradle.workers.internal.WorkerDaemonExpiration] Will attempt to release 752 of memory
2024-02-20T19:35:20.457+0530 [DEBUG] [org.gradle.process.internal.health.memory.DefaultMemoryManager] 789395046 memory requested, 0 released, 538750976 free
2024-02-20T19:35:25.456+0530 [DEBUG] [org.gradle.process.internal.health.memory.DefaultMemoryManager] 789395046 memory requested, 508297216 free
2024-02-20T19:35:25.457+0530 [DEBUG] [org.gradle.workers.internal.WorkerDaemonExpiration] Will attempt to release 752 of memory
2024-02-20T19:35:25.458+0530 [DEBUG] [org.gradle.process.internal.health.memory.DefaultMemoryManager] 789395046 memory requested, 0 released, 508297216 free
2024-02-20T19:35:28.347+0530 [DEBUG] [org.gradle.cache.internal.DefaultFileLockManager] Waiting to acquire shared lock on daemon addresses registry.
2024-02-20T19:35:28.348+0530 [DEBUG] [org.gradle.cache.internal.DefaultFileLockManager] Lock acquired on daemon addresses registry.
2024-02-20T19:35:28.349+0530 [DEBUG] [org.gradle.cache.internal.DefaultFileLockManager] Releasing lock on daemon addresses registry.
2024-02-20T19:35:28.351+0530 [DEBUG] [org.gradle.cache.internal.DefaultFileLockManager] Waiting to acquire shared lock on daemon addresses registry.
2024-02-20T19:35:28.351+0530 [DEBUG] [org.gradle.cache.internal.DefaultFileLockManager] Lock acquired on daemon addresses registry.
2024-02-20T19:35:28.352+0530 [DEBUG] [org.gradle.cache.internal.DefaultFileLockManager] Releasing lock on daemon addresses registry.
2024-02-20T19:35:28.353+0530 [DEBUG] [org.gradle.cache.internal.DefaultFileLockManager] Waiting to acquire shared lock on daemon addresses registry.
2024-02-20T19:35:28.354+0530 [DEBUG] [org.gradle.cache.internal.DefaultFileLockManager] Lock acquired on daemon addresses registry.
2024-02-20T19:35:28.354+0530 [DEBUG] [org.gradle.cache.internal.DefaultFileLockManager] Releasing lock on daemon addresses registry.
2024-02-20T19:35:30.456+0530 [DEBUG] [org.gradle.process.internal.health.memory.DefaultMemoryManager] 789395046 memory requested, 545280000 free
2024-02-20T19:35:30.456+0530 [DEBUG] [org.gradle.workers.internal.WorkerDaemonExpiration] Will attempt to release 752 of memory
2024-02-20T19:35:30.456+0530 [DEBUG] [org.gradle.process.internal.health.memory.DefaultMemoryManager] 789395046 memory requested, 0 released, 545280000 free
2024-02-20T19:35:35.491+0530 [DEBUG] [org.gradle.process.internal.health.memory.DefaultMemoryManager] 789395046 memory requested, 444600320 free
2024-02-20T19:35:35.492+0530 [DEBUG] [org.gradle.workers.internal.WorkerDaemonExpiration] Will attempt to release 752 of memory
2024-02-20T19:35:35.492+0530 [DEBUG] [org.gradle.process.internal.health.memory.DefaultMemoryManager] 789395046 memory requested, 0 released, 444600320 free
2024-02-20T19:35:38.383+0530 [DEBUG] [org.gradle.cache.internal.DefaultFileLockManager] Waiting to acquire shared lock on daemon addresses registry.
2024-02-20T19:35:38.384+0530 [DEBUG] [org.gradle.cache.internal.DefaultFileLockManager] Lock acquired on daemon addresses registry.
2024-02-20T19:35:38.386+0530 [DEBUG] [org.gradle.cache.internal.DefaultFileLockManager] Releasing lock on daemon addresses registry.
2024-02-20T19:35:38.389+0530 [DEBUG] [org.gradle.cache.internal.DefaultFileLockManager] Waiting to acquire shared lock on daemon addresses registry.
2024-02-20T19:35:38.392+0530 [DEBUG] [org.gradle.cache.internal.DefaultFileLockManager] Lock acquired on daemon addresses registry.
2024-02-20T19:35:38.396+0530 [DEBUG] [org.gradle.cache.internal.DefaultFileLockManager] Releasing lock on daemon addresses registry.
2024-02-20T19:35:38.398+0530 [DEBUG] [org.gradle.cache.internal.DefaultFileLockManager] Waiting to acquire shared lock on daemon addresses registry.
2024-02-20T19:35:38.399+0530 [DEBUG] [org.gradle.cache.internal.DefaultFileLockManager] Lock acquired on daemon addresses registry.
2024-02-20T19:35:38.403+0530 [DEBUG] [org.gradle.cache.internal.DefaultFileLockManager] Releasing lock on daemon addresses registry.
2024-02-20T19:35:40.460+0530 [DEBUG] [org.gradle.process.internal.health.memory.DefaultMemoryManager] 789395046 memory requested, 450703360 free
2024-02-20T19:35:40.461+0530 [DEBUG] [org.gradle.workers.internal.WorkerDaemonExpiration] Will attempt to release 752 of memory
2024-02-20T19:35:40.461+0530 [DEBUG] [org.gradle.process.internal.health.memory.DefaultMemoryManager] 789395046 memory requested, 0 released, 450703360 free
2024-02-20T19:35:45.456+0530 [DEBUG] [org.gradle.process.internal.health.memory.DefaultMemoryManager] 789395046 memory requested, 423456768 free
2024-02-20T19:35:45.456+0530 [DEBUG] [org.gradle.workers.internal.WorkerDaemonExpiration] Will attempt to release 752 of memory
2024-02-20T19:35:45.456+0530 [DEBUG] [org.gradle.process.internal.health.memory.DefaultMemoryManager] 789395046 memory requested, 0 released, 423456768 free
2024-02-20T19:35:48.359+0530 [DEBUG] [org.gradle.cache.internal.DefaultFileLockManager] Waiting to acquire shared lock on daemon addresses registry.
2024-02-20T19:35:48.359+0530 [DEBUG] [org.gradle.cache.internal.DefaultFileLockManager] Lock acquired on daemon addresses registry.
2024-02-20T19:35:48.360+0530 [DEBUG] [org.gradle.cache.internal.DefaultFileLockManager] Releasing lock on daemon addresses registry.
2024-02-20T19:35:48.361+0530 [DEBUG] [org.gradle.cache.internal.DefaultFileLockManager] Waiting to acquire shared lock on daemon addresses registry.
2024-02-20T19:35:48.361+0530 [DEBUG] [org.gradle.cache.internal.DefaultFileLockManager] Lock acquired on daemon addresses registry.
2024-02-20T19:35:48.362+0530 [DEBUG] [org.gradle.cache.internal.DefaultFileLockManager] Releasing lock on daemon addresses registry.
2024-02-20T19:35:48.363+0530 [DEBUG] [org.gradle.cache.internal.DefaultFileLockManager] Waiting to acquire shared lock on daemon addresses registry.
2024-02-20T19:35:48.363+0530 [DEBUG] [org.gradle.cache.internal.DefaultFileLockManager] Lock acquired on daemon addresses registry.
2024-02-20T19:35:48.363+0530 [DEBUG] [org.gradle.cache.internal.DefaultFileLockManager] Releasing lock on daemon addresses registry.
2024-02-20T19:35:50.461+0530 [DEBUG] [org.gradle.process.internal.health.memory.DefaultMemoryManager] 789395046 memory requested, 441241600 free
2024-02-20T19:35:50.461+0530 [DEBUG] [org.gradle.workers.internal.WorkerDaemonExpiration] Will attempt to release 752 of memory
2024-02-20T19:35:50.462+0530 [DEBUG] [org.gradle.process.internal.health.memory.DefaultMemoryManager] 789395046 memory requested, 0 released, 441241600 free
2024-02-20T19:35:55.447+0530 [DEBUG] [org.gradle.process.internal.health.memory.DefaultMemoryManager] 789395046 memory requested, 378617856 free
2024-02-20T19:35:55.447+0530 [DEBUG] [org.gradle.workers.internal.WorkerDaemonExpiration] Will attempt to release 752 of memory
2024-02-20T19:35:55.447+0530 [DEBUG] [org.gradle.process.internal.health.memory.DefaultMemoryManager] 789395046 memory requested, 0 released, 378617856 free
2024-02-20T19:35:58.353+0530 [DEBUG] [org.gradle.cache.internal.DefaultFileLockManager] Waiting to acquire shared lock on daemon addresses registry.
2024-02-20T19:35:58.354+0530 [DEBUG] [org.gradle.cache.internal.DefaultFileLockManager] Lock acquired on daemon addresses registry.
2024-02-20T19:35:58.356+0530 [DEBUG] [org.gradle.cache.internal.DefaultFileLockManager] Releasing lock on daemon addresses registry.
2024-02-20T19:35:58.358+0530 [DEBUG] [org.gradle.cache.internal.DefaultFileLockManager] Waiting to acquire shared lock on daemon addresses registry.
2024-02-20T19:35:58.358+0530 [DEBUG] [org.gradle.cache.internal.DefaultFileLockManager] Lock acquired on daemon addresses registry.
2024-02-20T19:35:58.359+0530 [DEBUG] [org.gradle.cache.internal.DefaultFileLockManager] Releasing lock on daemon addresses registry.
2024-02-20T19:35:58.360+0530 [DEBUG] [org.gradle.cache.internal.DefaultFileLockManager] Waiting to acquire shared lock on daemon addresses registry.
2024-02-20T19:35:58.360+0530 [DEBUG] [org.gradle.cache.internal.DefaultFileLockManager] Lock acquired on daemon addresses registry.
2024-02-20T19:35:58.361+0530 [DEBUG] [org.gradle.cache.internal.DefaultFileLockManager] Releasing lock on daemon addresses registry.
2024-02-20T19:36:00.447+0530 [DEBUG] [org.gradle.process.internal.health.memory.DefaultMemoryManager] 789395046 memory requested, 315002880 free
2024-02-20T19:36:00.447+0530 [DEBUG] [org.gradle.workers.internal.WorkerDaemonExpiration] Will attempt to release 752 of memory
2024-02-20T19:36:00.447+0530 [DEBUG] [org.gradle.process.internal.health.memory.DefaultMemoryManager] 789395046 memory requested, 0 released, 315002880 free
2024-02-20T19:36:03.697+0530 [DEBUG] [org.gradle.internal.remote.internal.inet.TcpIncomingConnector] Accepted connection from /127.0.0.1:62606 to /127.0.0.1:62047.
2024-02-20T19:36:03.706+0530 [DEBUG] [org.gradle.launcher.daemon.server.SynchronizedDispatchConnection] thread 192: received class org.gradle.launcher.daemon.protocol.Build
2024-02-20T19:36:03.707+0530 [DEBUG] [org.gradle.launcher.daemon.server.DefaultDaemonConnection] thread 192: Received non-IO message from client: Build{id=3aa5be91-5acd-4bdb-9015-3b1e0c855f74, currentDir=D:\3-1\MyCa1SetB}
2024-02-20T19:36:03.707+0530 [INFO] [org.gradle.launcher.daemon.server.DefaultIncomingConnectionHandler] Received command: Build{id=3aa5be91-5acd-4bdb-9015-3b1e0c855f74, currentDir=D:\3-1\MyCa1SetB}.
2024-02-20T19:36:03.707+0530 [DEBUG] [org.gradle.launcher.daemon.server.DefaultIncomingConnectionHandler] Starting executing command: Build{id=3aa5be91-5acd-4bdb-9015-3b1e0c855f74, currentDir=D:\3-1\MyCa1SetB} with connection: socket connection from /127.0.0.1:62047 to /127.0.0.1:62606.
2024-02-20T19:36:03.708+0530 [DEBUG] [org.gradle.launcher.daemon.server.DaemonStateCoordinator] Command execution: started DaemonCommandExecution[command = Build{id=3aa5be91-5acd-4bdb-9015-3b1e0c855f74, currentDir=D:\3-1\MyCa1SetB}, connection = DefaultDaemonConnection: socket connection from /127.0.0.1:62047 to /127.0.0.1:62606] after 0.0 minutes of idle
2024-02-20T19:36:03.708+0530 [INFO] [org.gradle.launcher.daemon.server.DaemonRegistryUpdater] Marking the daemon as busy, address: [79df2fe1-c461-45e0-be6c-b18f0d51836c port:62047, addresses:[localhost/127.0.0.1]]
2024-02-20T19:36:03.709+0530 [DEBUG] [org.gradle.launcher.daemon.registry.PersistentDaemonRegistry] Marking busy by address: [79df2fe1-c461-45e0-be6c-b18f0d51836c port:62047, addresses:[localhost/127.0.0.1]]
2024-02-20T19:36:03.710+0530 [DEBUG] [org.gradle.cache.internal.DefaultFileLockManager] Waiting to acquire exclusive lock on daemon addresses registry.
2024-02-20T19:36:03.711+0530 [DEBUG] [org.gradle.cache.internal.DefaultFileLockManager] Lock acquired on daemon addresses registry.
2024-02-20T19:36:03.713+0530 [DEBUG] [org.gradle.cache.internal.DefaultFileLockManager] Releasing lock on daemon addresses registry.
2024-02-20T19:36:03.714+0530 [DEBUG] [org.gradle.launcher.daemon.server.DaemonStateCoordinator] resetting idle timer
2024-02-20T19:36:03.714+0530 [DEBUG] [org.gradle.launcher.daemon.server.DaemonStateCoordinator] daemon is running. Sleeping until state changes.
2024-02-20T19:36:03.714+0530 [INFO] [org.gradle.launcher.daemon.server.exec.StartBuildOrRespondWithBusy] Daemon is about to start building Build{id=3aa5be91-5acd-4bdb-9015-3b1e0c855f74, currentDir=D:\3-1\MyCa1SetB}. Dispatching build started information...
2024-02-20T19:36:03.715+0530 [DEBUG] [org.gradle.launcher.daemon.server.SynchronizedDispatchConnection] thread 24: dispatching org.gradle.launcher.daemon.protocol.BuildStarted@6d1ef93c
2024-02-20T19:36:03.716+0530 [DEBUG] [org.gradle.launcher.daemon.server.exec.EstablishBuildEnvironment] Configuring env variables: [USERDOMAIN_ROAMINGPROFILE, LOCALAPPDATA, ChocolateyLastPathUpdate, PROCESSOR_LEVEL, USERDOMAIN, LOGONSERVER, FPS_BROWSER_APP_PROFILE_STRING, SESSIONNAME, ALLUSERSPROFILE, PROCESSOR_ARCHITECTURE, PSModulePath, SystemDrive, OneDrive, PT8HOME, APPDATA, USERNAME, ChocolateyInstall, ProgramFiles(x86), CommonProgramFiles, Path, FPS_BROWSER_USER_PROFILE_STRING, PATHEXT, DriverData, OS, OneDriveConsumer, COMPUTERNAME, IntelliJ IDEA Community Edition, PROCESSOR_REVISION, CommonProgramW6432, ComSpec, ProgramData, ProgramW6432, TEMP, HOMEPATH, SystemRoot, PROCESSOR_IDENTIFIER, HOMEDRIVE, USERPROFILE, TMP, CommonProgramFiles(x86), ProgramFiles, PUBLIC, EFC_18316, windir, NUMBER_OF_PROCESSORS, =::, IDEA_INITIAL_DIRECTORY]
2024-02-20T19:36:03.717+0530 [DEBUG] [org.gradle.launcher.daemon.server.SynchronizedDispatchConnection] thread 192: received class org.gradle.launcher.daemon.protocol.CloseInput
2024-02-20T19:36:03.718+0530 [DEBUG] [org.gradle.launcher.daemon.server.DefaultDaemonConnection] thread 192: Received IO message from client: org.gradle.launcher.daemon.protocol.CloseInput@34dad310
2024-02-20T19:36:03.719+0530 [DEBUG] [org.gradle.launcher.daemon.server.exec.LogToClient] About to start relaying all logs to the client via the connection.
2024-02-20T19:36:03.719+0530 [INFO] [org.gradle.launcher.daemon.server.exec.LogToClient] The client will now receive all logging from the daemon (pid: 19980). The daemon log file: D:\vajra\Alarm-Clock-main\daemon\8.2\daemon-19980.out.log
2024-02-20T19:36:03.724+0530 [INFO] [org.gradle.launcher.daemon.server.exec.LogAndCheckHealth] Starting 2nd build in daemon [uptime: 3 mins 36.199 secs, performance: 100%, GC rate: 0.00/s, heap usage: 0% of 2 GiB]
2024-02-20T19:36:03.725+0530 [DEBUG] [org.gradle.launcher.daemon.server.exec.ExecuteBuild] The daemon has started executing the build.
2024-02-20T19:36:03.725+0530 [DEBUG] [org.gradle.launcher.daemon.server.exec.ExecuteBuild] Executing build with daemon context: DefaultDaemonContext[uid=169a765b-ca8a-41ab-8ce2-b05aecb693d0,javaHome=C:\Program Files\Android\Android Studio\jbr,daemonRegistryDir=D:\vajra\Alarm-Clock-main\daemon,pid=19980,idleTimeout=10800000,priority=NORMAL,applyInstrumentationAgent=true,daemonOpts=--add-opens=java.base/java.util=ALL-UNNAMED,--add-opens=java.base/java.lang=ALL-UNNAMED,--add-opens=java.base/java.lang.invoke=ALL-UNNAMED,--add-opens=java.prefs/java.util.prefs=ALL-UNNAMED,--add-opens=java.base/java.nio.charset=ALL-UNNAMED,--add-opens=java.base/java.net=ALL-UNNAMED,--add-opens=java.base/java.util.concurrent.atomic=ALL-UNNAMED,-Xmx2048m,-Dfile.encoding=UTF-8,-Duser.country=US,-Duser.language=en,-Duser.variant]
2024-02-20T19:36:03.725+0530 [INFO] [org.gradle.launcher.daemon.server.exec.ForwardClientInput] Closing daemon's stdin at end of input.
2024-02-20T19:36:03.726+0530 [INFO] [org.gradle.launcher.daemon.server.exec.ForwardClientInput] The daemon will no longer process any standard input.

BUILD SUCCESSFUL in 1m 20s
32 actionable tasks: 1 executed, 31 up-to-date
2024-02-20T19:37:24.298+0530 [DEBUG] [org.gradle.launcher.daemon.server.exec.ExecuteBuild] The daemon has finished executing the build.
2024-02-20T19:37:24.319+0530 [DEBUG] [org.gradle.launcher.daemon.server.DaemonStateCoordinator] Command execution: finished waiting for DaemonCommandExecution[command = Build{id=3aa5be91-5acd-4bdb-9015-3b1e0c855f74, currentDir=D:\3-1\MyCa1SetB}, connection = DefaultDaemonConnection: socket connection from /127.0.0.1:62047 to /127.0.0.1:62606]. Result org.gradle.launcher.daemon.server.DaemonStateCoordinator@1d91be94 with state Busy
2024-02-20T19:37:24.321+0530 [DEBUG] [org.gradle.launcher.daemon.server.DaemonStateCoordinator] Command execution: completed DaemonCommandExecution[command = Build{id=3aa5be91-5acd-4bdb-9015-3b1e0c855f74, currentDir=D:\3-1\MyCa1SetB}, connection = DefaultDaemonConnection: socket connection from /127.0.0.1:62047 to /127.0.0.1:62606]
2024-02-20T19:37:24.321+0530 [DEBUG] [org.gradle.launcher.daemon.server.DaemonStateCoordinator] resetting idle timer
2024-02-20T19:37:24.322+0530 [INFO] [org.gradle.launcher.daemon.server.DaemonRegistryUpdater] Marking the daemon as idle, address: [79df2fe1-c461-45e0-be6c-b18f0d51836c port:62047, addresses:[localhost/127.0.0.1]]
2024-02-20T19:37:24.322+0530 [DEBUG] [org.gradle.launcher.daemon.registry.PersistentDaemonRegistry] Marking busy by address: [79df2fe1-c461-45e0-be6c-b18f0d51836c port:62047, addresses:[localhost/127.0.0.1]]
2024-02-20T19:37:24.323+0530 [DEBUG] [org.gradle.cache.internal.DefaultFileLockManager] Waiting to acquire exclusive lock on daemon addresses registry.
2024-02-20T19:37:24.325+0530 [DEBUG] [org.gradle.cache.internal.DefaultFileLockManager] Lock acquired on daemon addresses registry.
2024-02-20T19:37:24.328+0530 [DEBUG] [org.gradle.cache.internal.DefaultFileLockManager] Releasing lock on daemon addresses registry.
2024-02-20T19:37:24.329+0530 [DEBUG] [org.gradle.launcher.daemon.server.exec.ReturnResult] Daemon is dispatching the build result: Success[value=org.gradle.launcher.exec.BuildActionResult@20dfb208]
2024-02-20T19:37:24.330+0530 [DEBUG] [org.gradle.launcher.daemon.server.SynchronizedDispatchConnection] thread 21: dispatching Success[value=org.gradle.launcher.exec.BuildActionResult@20dfb208]
2024-02-20T19:37:24.329+0530 [DEBUG] [org.gradle.launcher.daemon.server.DaemonStateCoordinator] daemon is running. Sleeping until state changes.
2024-02-20T19:37:24.332+0530 [DEBUG] [org.gradle.launcher.daemon.server.DefaultIncomingConnectionHandler] Finishing executing command: Build{id=3aa5be91-5acd-4bdb-9015-3b1e0c855f74, currentDir=D:\3-1\MyCa1SetB}
2024-02-20T19:37:24.347+0530 [DEBUG] [org.gradle.launcher.daemon.server.SynchronizedDispatchConnection] thread 192: received class org.gradle.launcher.daemon.protocol.Finished
2024-02-20T19:37:24.347+0530 [DEBUG] [org.gradle.launcher.daemon.server.DefaultDaemonConnection] thread 192: Received non-IO message from client: org.gradle.launcher.daemon.protocol.Finished@3a1d3bfb
2024-02-20T19:37:24.347+0530 [DEBUG] [org.gradle.launcher.daemon.server.DefaultIncomingConnectionHandler] Received finished message: org.gradle.launcher.daemon.protocol.Finished@3a1d3bfb
2024-02-20T19:37:24.348+0530 [DEBUG] [org.gradle.launcher.daemon.server.SynchronizedDispatchConnection] thread 21: stopping connection
2024-02-20T19:37:24.349+0530 [DEBUG] [org.gradle.internal.remote.internal.inet.SocketConnection] Discarding EOFException: java.io.EOFException
2024-02-20T19:37:24.350+0530 [DEBUG] [org.gradle.launcher.daemon.server.SynchronizedDispatchConnection] thread 192: received null
2024-02-20T19:37:24.350+0530 [DEBUG] [org.gradle.launcher.daemon.server.DefaultDaemonConnection] thread 192: Received end-of-input from client.
2024-02-20T19:37:24.351+0530 [DEBUG] [org.gradle.launcher.daemon.server.SynchronizedDispatchConnection] thread 21: stopping connection
2024-02-20T19:37:25.462+0530 [DEBUG] [org.gradle.process.internal.health.memory.DefaultMemoryManager] 789395046 memory requested, 463093760 free
2024-02-20T19:37:25.466+0530 [DEBUG] [org.gradle.workers.internal.WorkerDaemonExpiration] Will attempt to release 752 of memory
2024-02-20T19:37:25.466+0530 [DEBUG] [org.gradle.process.internal.health.memory.DefaultMemoryManager] 789395046 memory requested, 0 released, 463093760 free
2024-02-20T19:37:28.344+0530 [DEBUG] [org.gradle.cache.internal.DefaultFileLockManager] Waiting to acquire shared lock on daemon addresses registry.
2024-02-20T19:37:28.344+0530 [DEBUG] [org.gradle.cache.internal.DefaultFileLockManager] Lock acquired on daemon addresses registry.
2024-02-20T19:37:28.345+0530 [DEBUG] [org.gradle.cache.internal.DefaultFileLockManager] Releasing lock on daemon addresses registry.
2024-02-20T19:37:28.346+0530 [DEBUG] [org.gradle.cache.internal.DefaultFileLockManager] Waiting to acquire shared lock on daemon addresses registry.
2024-02-20T19:37:28.346+0530 [DEBUG] [org.gradle.cache.internal.DefaultFileLockManager] Lock acquired on daemon addresses registry.
2024-02-20T19:37:28.346+0530 [DEBUG] [org.gradle.cache.internal.DefaultFileLockManager] Releasing lock on daemon addresses registry.
2024-02-20T19:37:38.357+0530 [DEBUG] [org.gradle.cache.internal.DefaultFileLockManager] Waiting to acquire shared lock on daemon addresses registry.
2024-02-20T19:37:38.357+0530 [DEBUG] [org.gradle.cache.internal.DefaultFileLockManager] Lock acquired on daemon addresses registry.
2024-02-20T19:37:38.358+0530 [DEBUG] [org.gradle.cache.internal.DefaultFileLockManager] Releasing lock on daemon addresses registry.
2024-02-20T19:37:38.360+0530 [DEBUG] [org.gradle.cache.internal.DefaultFileLockManager] Waiting to acquire shared lock on daemon addresses registry.
2024-02-20T19:37:38.361+0530 [DEBUG] [org.gradle.cache.internal.DefaultFileLockManager] Lock acquired on daemon addresses registry.
2024-02-20T19:37:38.362+0530 [DEBUG] [org.gradle.cache.internal.DefaultFileLockManager] Releasing lock on daemon addresses registry.
2024-02-20T19:37:38.366+0530 [DEBUG] [org.gradle.cache.internal.DefaultFileLockManager] Waiting to acquire shared lock on daemon addresses registry.
2024-02-20T19:37:38.366+0530 [DEBUG] [org.gradle.cache.internal.DefaultFileLockManager] Lock acquired on daemon addresses registry.
2024-02-20T19:37:38.367+0530 [DEBUG] [org.gradle.cache.internal.DefaultFileLockManager] Releasing lock on daemon addresses registry.
2024-02-20T19:37:40.449+0530 [DEBUG] [org.gradle.process.internal.health.memory.DefaultMemoryManager] 789395046 memory requested, 618266624 free
2024-02-20T19:37:40.450+0530 [DEBUG] [org.gradle.workers.internal.WorkerDaemonExpiration] Will attempt to release 752 of memory
2024-02-20T19:37:40.450+0530 [DEBUG] [org.gradle.process.internal.health.memory.DefaultMemoryManager] 789395046 memory requested, 0 released, 618266624 free
2024-02-20T19:37:45.457+0530 [DEBUG] [org.gradle.process.internal.health.memory.DefaultMemoryManager] 789395046 memory requested, 781049856 free
2024-02-20T19:37:45.458+0530 [DEBUG] [org.gradle.workers.internal.WorkerDaemonExpiration] Will attempt to release 752 of memory
2024-02-20T19:37:45.458+0530 [DEBUG] [org.gradle.process.internal.health.memory.DefaultMemoryManager] 789395046 memory requested, 0 released, 781049856 free
2024-02-20T19:37:48.346+0530 [DEBUG] [org.gradle.cache.internal.DefaultFileLockManager] Waiting to acquire shared lock on daemon addresses registry.
2024-02-20T19:37:48.347+0530 [DEBUG] [org.gradle.cache.internal.DefaultFileLockManager] Lock acquired on daemon addresses registry.
2024-02-20T19:37:48.348+0530 [DEBUG] [org.gradle.cache.internal.DefaultFileLockManager] Releasing lock on daemon addresses registry.
2024-02-20T19:37:48.349+0530 [DEBUG] [org.gradle.cache.internal.DefaultFileLockManager] Waiting to acquire shared lock on daemon addresses registry.
2024-02-20T19:37:48.349+0530 [DEBUG] [org.gradle.cache.internal.DefaultFileLockManager] Lock acquired on daemon addresses registry.
2024-02-20T19:37:48.349+0530 [DEBUG] [org.gradle.cache.internal.DefaultFileLockManager] Releasing lock on daemon addresses registry.
2024-02-20T19:37:48.350+0530 [DEBUG] [org.gradle.cache.internal.DefaultFileLockManager] Waiting to acquire shared lock on daemon addresses registry.
2024-02-20T19:37:48.350+0530 [DEBUG] [org.gradle.cache.internal.DefaultFileLockManager] Lock acquired on daemon addresses registry.
2024-02-20T19:37:48.350+0530 [DEBUG] [org.gradle.cache.internal.DefaultFileLockManager] Releasing lock on daemon addresses registry.
2024-02-20T19:37:50.463+0530 [DEBUG] [org.gradle.process.internal.health.memory.DefaultMemoryManager] 789395046 memory requested, 761511936 free
2024-02-20T19:37:50.463+0530 [DEBUG] [org.gradle.workers.internal.WorkerDaemonExpiration] Will attempt to release 752 of memory
2024-02-20T19:37:50.463+0530 [DEBUG] [org.gradle.process.internal.health.memory.DefaultMemoryManager] 789395046 memory requested, 0 released, 761511936 free
2024-02-20T19:37:55.454+0530 [DEBUG] [org.gradle.process.internal.health.memory.DefaultMemoryManager] 789395046 memory requested, 745590784 free
2024-02-20T19:37:55.454+0530 [DEBUG] [org.gradle.workers.internal.WorkerDaemonExpiration] Will attempt to release 752 of memory
2024-02-20T19:37:55.455+0530 [DEBUG] [org.gradle.process.internal.health.memory.DefaultMemoryManager] 789395046 memory requested, 0 released, 745590784 free
2024-02-20T19:37:58.351+0530 [DEBUG] [org.gradle.cache.internal.DefaultFileLockManager] Waiting to acquire shared lock on daemon addresses registry.
2024-02-20T19:37:58.352+0530 [DEBUG] [org.gradle.cache.internal.DefaultFileLockManager] Lock acquired on daemon addresses registry.
2024-02-20T19:37:58.352+0530 [DEBUG] [org.gradle.cache.internal.DefaultFileLockManager] Releasing lock on daemon addresses registry.
2024-02-20T19:37:58.352+0530 [DEBUG] [org.gradle.cache.internal.DefaultFileLockManager] Waiting to acquire shared lock on daemon addresses registry.
2024-02-20T19:37:58.352+0530 [DEBUG] [org.gradle.cache.internal.DefaultFileLockManager] Lock acquired on daemon addresses registry.
2024-02-20T19:37:58.353+0530 [DEBUG] [org.gradle.cache.internal.DefaultFileLockManager] Releasing lock on daemon addresses registry.
2024-02-20T19:37:58.353+0530 [DEBUG] [org.gradle.cache.internal.DefaultFileLockManager] Waiting to acquire shared lock on daemon addresses registry.
2024-02-20T19:37:58.353+0530 [DEBUG] [org.gradle.cache.internal.DefaultFileLockManager] Lock acquired on daemon addresses registry.
2024-02-20T19:37:58.354+0530 [DEBUG] [org.gradle.cache.internal.DefaultFileLockManager] Releasing lock on daemon addresses registry.
2024-02-20T19:38:00.450+0530 [DEBUG] [org.gradle.process.internal.health.memory.DefaultMemoryManager] 789395046 memory requested, 723791872 free
2024-02-20T19:38:00.450+0530 [DEBUG] [org.gradle.workers.internal.WorkerDaemonExpiration] Will attempt to release 752 of memory
2024-02-20T19:38:00.450+0530 [DEBUG] [org.gradle.process.internal.health.memory.DefaultMemoryManager] 789395046 memory requested, 0 released, 723791872 free
2024-02-20T19:38:05.447+0530 [DEBUG] [org.gradle.process.internal.health.memory.DefaultMemoryManager] 789395046 memory requested, 682979328 free
2024-02-20T19:38:05.448+0530 [DEBUG] [org.gradle.workers.internal.WorkerDaemonExpiration] Will attempt to release 752 of memory
2024-02-20T19:38:05.448+0530 [DEBUG] [org.gradle.process.internal.health.memory.DefaultMemoryManager] 789395046 memory requested, 0 released, 682979328 free
2024-02-20T19:38:08.356+0530 [DEBUG] [org.gradle.cache.internal.DefaultFileLockManager] Waiting to acquire shared lock on daemon addresses registry.
2024-02-20T19:38:08.356+0530 [DEBUG] [org.gradle.cache.internal.DefaultFileLockManager] Lock acquired on daemon addresses registry.
2024-02-20T19:38:08.357+0530 [DEBUG] [org.gradle.cache.internal.DefaultFileLockManager] Releasing lock on daemon addresses registry.
2024-02-20T19:38:08.358+0530 [DEBUG] [org.gradle.cache.internal.DefaultFileLockManager] Waiting to acquire shared lock on daemon addresses registry.
2024-02-20T19:38:08.358+0530 [DEBUG] [org.gradle.cache.internal.DefaultFileLockManager] Lock acquired on daemon addresses registry.
2024-02-20T19:38:08.358+0530 [DEBUG] [org.gradle.cache.internal.DefaultFileLockManager] Releasing lock on daemon addresses registry.
2024-02-20T19:38:08.359+0530 [DEBUG] [org.gradle.cache.internal.DefaultFileLockManager] Waiting to acquire shared lock on daemon addresses registry.
2024-02-20T19:38:08.359+0530 [DEBUG] [org.gradle.cache.internal.DefaultFileLockManager] Lock acquired on daemon addresses registry.
2024-02-20T19:38:08.359+0530 [DEBUG] [org.gradle.cache.internal.DefaultFileLockManager] Releasing lock on daemon addresses registry.
2024-02-20T19:38:10.447+0530 [DEBUG] [org.gradle.process.internal.health.memory.DefaultMemoryManager] 789395046 memory requested, 688001024 free
2024-02-20T19:38:10.447+0530 [DEBUG] [org.gradle.workers.internal.WorkerDaemonExpiration] Will attempt to release 752 of memory
2024-02-20T19:38:10.447+0530 [DEBUG] [org.gradle.process.internal.health.memory.DefaultMemoryManager] 789395046 memory requested, 0 released, 688001024 free
2024-02-20T19:38:18.349+0530 [DEBUG] [org.gradle.cache.internal.DefaultFileLockManager] Waiting to acquire shared lock on daemon addresses registry.
2024-02-20T19:38:18.349+0530 [DEBUG] [org.gradle.cache.internal.DefaultFileLockManager] Lock acquired on daemon addresses registry.
2024-02-20T19:38:18.349+0530 [DEBUG] [org.gradle.cache.internal.DefaultFileLockManager] Releasing lock on daemon addresses registry.
2024-02-20T19:38:18.349+0530 [DEBUG] [org.gradle.cache.internal.DefaultFileLockManager] Waiting to acquire shared lock on daemon addresses registry.
2024-02-20T19:38:18.349+0530 [DEBUG] [org.gradle.cache.internal.DefaultFileLockManager] Lock acquired on daemon addresses registry.
2024-02-20T19:38:18.350+0530 [DEBUG] [org.gradle.cache.internal.DefaultFileLockManager] Releasing lock on daemon addresses registry.
2024-02-20T19:38:18.350+0530 [DEBUG] [org.gradle.cache.internal.DefaultFileLockManager] Waiting to acquire shared lock on daemon addresses registry.
2024-02-20T19:38:18.351+0530 [DEBUG] [org.gradle.cache.internal.DefaultFileLockManager] Lock acquired on daemon addresses registry.
2024-02-20T19:38:18.351+0530 [DEBUG] [org.gradle.cache.internal.DefaultFileLockManager] Releasing lock on daemon addresses registry.
2024-02-20T19:38:25.449+0530 [DEBUG] [org.gradle.process.internal.health.memory.DefaultMemoryManager] 789395046 memory requested, 727289856 free
2024-02-20T19:38:25.449+0530 [DEBUG] [org.gradle.workers.internal.WorkerDaemonExpiration] Will attempt to release 752 of memory
2024-02-20T19:38:25.450+0530 [DEBUG] [org.gradle.process.internal.health.memory.DefaultMemoryManager] 789395046 memory requested, 0 released, 727289856 free
2024-02-20T19:38:28.353+0530 [DEBUG] [org.gradle.cache.internal.DefaultFileLockManager] Waiting to acquire shared lock on daemon addresses registry.
2024-02-20T19:38:28.353+0530 [DEBUG] [org.gradle.cache.internal.DefaultFileLockManager] Lock acquired on daemon addresses registry.
2024-02-20T19:38:28.353+0530 [DEBUG] [org.gradle.cache.internal.DefaultFileLockManager] Releasing lock on daemon addresses registry.
2024-02-20T19:38:28.354+0530 [DEBUG] [org.gradle.cache.internal.DefaultFileLockManager] Waiting to acquire shared lock on daemon addresses registry.
2024-02-20T19:38:28.354+0530 [DEBUG] [org.gradle.cache.internal.DefaultFileLockManager] Lock acquired on daemon addresses registry.
2024-02-20T19:38:28.354+0530 [DEBUG] [org.gradle.cache.internal.DefaultFileLockManager] Releasing lock on daemon addresses registry.
2024-02-20T19:38:28.355+0530 [DEBUG] [org.gradle.cache.internal.DefaultFileLockManager] Waiting to acquire shared lock on daemon addresses registry.
2024-02-20T19:38:28.355+0530 [DEBUG] [org.gradle.cache.internal.DefaultFileLockManager] Lock acquired on daemon addresses registry.
2024-02-20T19:38:28.355+0530 [DEBUG] [org.gradle.cache.internal.DefaultFileLockManager] Releasing lock on daemon addresses registry.
2024-02-20T19:38:30.446+0530 [DEBUG] [org.gradle.process.internal.health.memory.DefaultMemoryManager] 789395046 memory requested, 465858560 free
2024-02-20T19:38:30.446+0530 [DEBUG] [org.gradle.workers.internal.WorkerDaemonExpiration] Will attempt to release 752 of memory
2024-02-20T19:38:30.447+0530 [DEBUG] [org.gradle.process.internal.health.memory.DefaultMemoryManager] 789395046 memory requested, 0 released, 465858560 free
2024-02-20T19:38:33.948+0530 [DEBUG] [org.gradle.internal.remote.internal.inet.TcpIncomingConnector] Accepted connection from /127.0.0.1:55835 to /127.0.0.1:62047.
2024-02-20T19:38:33.982+0530 [DEBUG] [org.gradle.internal.remote.internal.inet.TcpIncomingConnector] Accepted connection from /127.0.0.1:55836 to /127.0.0.1:62047.
2024-02-20T19:38:34.058+0530 [DEBUG] [org.gradle.launcher.daemon.server.SynchronizedDispatchConnection] thread 348: received class org.gradle.launcher.daemon.protocol.StopWhenIdle
2024-02-20T19:38:34.058+0530 [DEBUG] [org.gradle.launcher.daemon.server.SynchronizedDispatchConnection] thread 349: received class org.gradle.launcher.daemon.protocol.StopWhenIdle
2024-02-20T19:38:34.061+0530 [DEBUG] [org.gradle.launcher.daemon.server.DefaultDaemonConnection] thread 349: Received non-IO message from client: StopWhenIdle[id=40284d50-200f-43ad-95cd-9cf594c1bfb1]
2024-02-20T19:38:34.061+0530 [DEBUG] [org.gradle.launcher.daemon.server.DefaultDaemonConnection] thread 348: Received non-IO message from client: StopWhenIdle[id=e5fdbd8e-16f8-4e87-963c-2e62444d30af]
2024-02-20T19:38:34.063+0530 [INFO] [org.gradle.launcher.daemon.server.DefaultIncomingConnectionHandler] Received command: StopWhenIdle[id=e5fdbd8e-16f8-4e87-963c-2e62444d30af].
2024-02-20T19:38:34.064+0530 [DEBUG] [org.gradle.launcher.daemon.server.DefaultIncomingConnectionHandler] Starting executing command: StopWhenIdle[id=e5fdbd8e-16f8-4e87-963c-2e62444d30af] with connection: socket connection from /127.0.0.1:62047 to /127.0.0.1:55835.
2024-02-20T19:38:34.062+0530 [INFO] [org.gradle.launcher.daemon.server.DefaultIncomingConnectionHandler] Received command: StopWhenIdle[id=40284d50-200f-43ad-95cd-9cf594c1bfb1].
2024-02-20T19:38:34.065+0530 [DEBUG] [org.gradle.launcher.daemon.server.DefaultIncomingConnectionHandler] Starting executing command: StopWhenIdle[id=40284d50-200f-43ad-95cd-9cf594c1bfb1] with connection: socket connection from /127.0.0.1:62047 to /127.0.0.1:55836.
2024-02-20T19:38:34.069+0530 [DEBUG] [org.gradle.launcher.daemon.server.DaemonRegistryUpdater] Storing daemon stop event: stop command received
2024-02-20T19:38:34.069+0530 [DEBUG] [org.gradle.launcher.daemon.registry.PersistentDaemonRegistry] Storing daemon stop event with timestamp 1708438114070
2024-02-20T19:38:34.088+0530 [DEBUG] [org.gradle.cache.internal.DefaultFileLockManager] Waiting to acquire exclusive lock on daemon addresses registry.
2024-02-20T19:38:34.090+0530 [DEBUG] [org.gradle.cache.internal.DefaultFileLockManager] Lock acquired on daemon addresses registry.
2024-02-20T19:38:34.096+0530 [DEBUG] [org.gradle.cache.internal.DefaultFileLockManager] Releasing lock on daemon addresses registry.
2024-02-20T19:38:34.100+0530 [LIFECYCLE] [org.gradle.launcher.daemon.server.DaemonStateCoordinator] Daemon will be stopped at the end of the build stop command received
2024-02-20T19:38:34.102+0530 [DEBUG] [org.gradle.launcher.daemon.server.DaemonStateCoordinator] Marking daemon stopped due to stop command received. The daemon is running a build: false
2024-02-20T19:38:34.104+0530 [DEBUG] [org.gradle.launcher.daemon.server.DaemonRegistryUpdater] Storing daemon stop event: stop command received
2024-02-20T19:38:34.104+0530 [DEBUG] [org.gradle.launcher.daemon.registry.PersistentDaemonRegistry] Storing daemon stop event with timestamp 1708438114105
2024-02-20T19:38:34.107+0530 [DEBUG] [org.gradle.cache.internal.DefaultFileLockManager] Waiting to acquire exclusive lock on daemon addresses registry.
2024-02-20T19:38:34.108+0530 [DEBUG] [org.gradle.launcher.daemon.server.DaemonStateCoordinator] daemon has stopped.
2024-02-20T19:38:34.108+0530 [DEBUG] [org.gradle.launcher.daemon.server.Daemon] stop() called on daemon
2024-02-20T19:38:34.108+0530 [INFO] [org.gradle.launcher.daemon.server.Daemon] Stop requested. Daemon is removing its presence from the registry...
2024-02-20T19:38:34.109+0530 [DEBUG] [org.gradle.launcher.daemon.server.SynchronizedDispatchConnection] thread 347: dispatching Success[value=null]
2024-02-20T19:38:34.109+0530 [DEBUG] [org.gradle.cache.internal.DefaultFileLockManager] Lock acquired on daemon addresses registry.
2024-02-20T19:38:34.109+0530 [DEBUG] [org.gradle.launcher.daemon.server.DefaultIncomingConnectionHandler] Finishing executing command: StopWhenIdle[id=40284d50-200f-43ad-95cd-9cf594c1bfb1]
2024-02-20T19:38:34.110+0530 [DEBUG] [org.gradle.launcher.daemon.server.SynchronizedDispatchConnection] thread 349: received class org.gradle.launcher.daemon.protocol.Finished
2024-02-20T19:38:34.111+0530 [DEBUG] [org.gradle.launcher.daemon.server.DefaultDaemonConnection] thread 349: Received non-IO message from client: org.gradle.launcher.daemon.protocol.Finished@49849d29
2024-02-20T19:38:34.111+0530 [DEBUG] [org.gradle.internal.remote.internal.inet.SocketConnection] Discarding EOFException: java.io.EOFException
2024-02-20T19:38:34.111+0530 [DEBUG] [org.gradle.launcher.daemon.server.SynchronizedDispatchConnection] thread 349: received null
2024-02-20T19:38:34.111+0530 [DEBUG] [org.gradle.launcher.daemon.server.DefaultDaemonConnection] thread 349: Received end-of-input from client.
2024-02-20T19:38:34.112+0530 [DEBUG] [org.gradle.launcher.daemon.server.DaemonRegistryUpdater] Removing our presence to clients, eg. removing this address from the registry: [79df2fe1-c461-45e0-be6c-b18f0d51836c port:62047, addresses:[localhost/127.0.0.1]]
2024-02-20T19:38:34.111+0530 [DEBUG] [org.gradle.launcher.daemon.server.DefaultIncomingConnectionHandler] Received finished message: org.gradle.launcher.daemon.protocol.Finished@49849d29
2024-02-20T19:38:34.112+0530 [DEBUG] [org.gradle.cache.internal.DefaultFileLockManager] Releasing lock on daemon addresses registry.
2024-02-20T19:38:34.112+0530 [DEBUG] [org.gradle.launcher.daemon.server.SynchronizedDispatchConnection] thread 347: stopping connection
2024-02-20T19:38:34.114+0530 [DEBUG] [org.gradle.launcher.daemon.server.SynchronizedDispatchConnection] thread 346: dispatching Success[value=null]
2024-02-20T19:38:34.117+0530 [DEBUG] [org.gradle.launcher.daemon.server.DefaultIncomingConnectionHandler] Finishing executing command: StopWhenIdle[id=e5fdbd8e-16f8-4e87-963c-2e62444d30af]
2024-02-20T19:38:34.119+0530 [DEBUG] [org.gradle.launcher.daemon.server.SynchronizedDispatchConnection] thread 348: received class org.gradle.launcher.daemon.protocol.Finished
2024-02-20T19:38:34.120+0530 [DEBUG] [org.gradle.launcher.daemon.server.DefaultDaemonConnection] thread 348: Received non-IO message from client: org.gradle.launcher.daemon.protocol.Finished@56ff431e
2024-02-20T19:38:34.120+0530 [DEBUG] [org.gradle.launcher.daemon.server.DefaultIncomingConnectionHandler] Received finished message: org.gradle.launcher.daemon.protocol.Finished@56ff431e
2024-02-20T19:38:34.121+0530 [DEBUG] [org.gradle.internal.remote.internal.inet.SocketConnection] Discarding EOFException: java.io.EOFException
2024-02-20T19:38:34.122+0530 [DEBUG] [org.gradle.launcher.daemon.server.SynchronizedDispatchConnection] thread 348: received null
2024-02-20T19:38:34.122+0530 [DEBUG] [org.gradle.launcher.daemon.server.DefaultDaemonConnection] thread 348: Received end-of-input from client.
2024-02-20T19:38:34.122+0530 [DEBUG] [org.gradle.launcher.daemon.registry.PersistentDaemonRegistry] Removing daemon address: [79df2fe1-c461-45e0-be6c-b18f0d51836c port:62047, addresses:[localhost/127.0.0.1]]
2024-02-20T19:38:34.121+0530 [DEBUG] [org.gradle.launcher.daemon.server.SynchronizedDispatchConnection] thread 346: stopping connection
2024-02-20T19:38:34.124+0530 [DEBUG] [org.gradle.launcher.daemon.server.SynchronizedDispatchConnection] thread 347: stopping connection
2024-02-20T19:38:34.128+0530 [DEBUG] [org.gradle.launcher.daemon.server.SynchronizedDispatchConnection] thread 346: stopping connection
2024-02-20T19:38:34.132+0530 [DEBUG] [org.gradle.cache.internal.DefaultFileLockManager] Waiting to acquire exclusive lock on daemon addresses registry.
2024-02-20T19:38:34.134+0530 [DEBUG] [org.gradle.cache.internal.DefaultFileLockManager] Lock acquired on daemon addresses registry.
2024-02-20T19:38:34.144+0530 [DEBUG] [org.gradle.cache.internal.DefaultFileLockManager] Releasing lock on daemon addresses registry.
2024-02-20T19:38:34.147+0530 [DEBUG] [org.gradle.launcher.daemon.server.DaemonRegistryUpdater] Address removed from registry.
2024-02-20T19:38:34.185+0530 [DEBUG] [org.gradle.cache.internal.LockOnDemandCrossProcessCacheAccess] Releasing file lock for jars (D:\vajra\Alarm-Clock-main\caches\jars-9)
2024-02-20T19:38:34.186+0530 [DEBUG] [org.gradle.cache.internal.DefaultFileLockManager] Releasing lock on jars (D:\vajra\Alarm-Clock-main\caches\jars-9).
2024-02-20T19:38:34.195+0530 [DEBUG] [org.gradle.cache.internal.DefaultPersistentDirectoryStore] jars (D:\vajra\Alarm-Clock-main\caches\jars-9) has last been fully cleaned up 17 hours ago
2024-02-20T19:38:34.205+0530 [DEBUG] [org.gradle.cache.internal.LockOnDemandCrossProcessCacheAccess] Releasing file lock for Artifact transforms cache (D:\vajra\Alarm-Clock-main\caches\transforms-3)
2024-02-20T19:38:34.206+0530 [DEBUG] [org.gradle.cache.internal.DefaultFileLockManager] Releasing lock on Artifact transforms cache (D:\vajra\Alarm-Clock-main\caches\transforms-3).
2024-02-20T19:38:34.213+0530 [DEBUG] [org.gradle.cache.internal.DefaultPersistentDirectoryStore] Artifact transforms cache (D:\vajra\Alarm-Clock-main\caches\transforms-3) has last been fully cleaned up 166 hours ago
2024-02-20T19:38:34.225+0530 [INFO] [org.gradle.cache.internal.LeastRecentlyUsedCacheCleanup] Artifact transforms cache (D:\vajra\Alarm-Clock-main\caches\transforms-3) removing files not accessed on or after Tue Feb 13 19:36:03 IST 2024.
2024-02-20T19:38:35.459+0530 [DEBUG] [org.gradle.process.internal.health.memory.DefaultMemoryManager] 789395046 memory requested, 205803520 free
2024-02-20T19:38:35.459+0530 [DEBUG] [org.gradle.process.internal.health.memory.DefaultMemoryManager] 789395046 memory requested, 0 released, 205803520 free
2024-02-20T19:38:45.535+0530 [INFO] [org.gradle.cache.internal.AbstractCacheCleanup] Artifact transforms cache (D:\vajra\Alarm-Clock-main\caches\transforms-3) cleanup deleted 135 files/directories.
2024-02-20T19:38:45.537+0530 [INFO] [org.gradle.cache.internal.DefaultPersistentDirectoryStore] Artifact transforms cache (D:\vajra\Alarm-Clock-main\caches\transforms-3) cleaned up in 11.319 secs.
2024-02-20T19:38:45.539+0530 [DEBUG] [org.gradle.cache.internal.LockOnDemandCrossProcessCacheAccess] Releasing file lock for kotlin-dsl (D:\vajra\Alarm-Clock-main\caches\8.2\kotlin-dsl)
2024-02-20T19:38:45.540+0530 [DEBUG] [org.gradle.cache.internal.btree.BTreePersistentIndexedCache] Closing cache executionHistory.bin (D:\vajra\Alarm-Clock-main\caches\8.2\kotlin-dsl\executionHistory.bin)
2024-02-20T19:38:45.541+0530 [DEBUG] [org.gradle.cache.internal.DefaultFileLockManager] Releasing lock on kotlin-dsl (D:\vajra\Alarm-Clock-main\caches\8.2\kotlin-dsl).
2024-02-20T19:38:45.542+0530 [DEBUG] [org.gradle.cache.internal.DefaultPersistentDirectoryStore] kotlin-dsl (D:\vajra\Alarm-Clock-main\caches\8.2\kotlin-dsl) has last been fully cleaned up 166 hours ago
2024-02-20T19:38:45.543+0530 [INFO] [org.gradle.cache.internal.LeastRecentlyUsedCacheCleanup] kotlin-dsl (D:\vajra\Alarm-Clock-main\caches\8.2\kotlin-dsl) removing files not accessed on or after Tue Feb 13 19:36:03 IST 2024.
2024-02-20T19:38:45.560+0530 [INFO] [org.gradle.cache.internal.AbstractCacheCleanup] kotlin-dsl (D:\vajra\Alarm-Clock-main\caches\8.2\kotlin-dsl) cleanup deleted 4 files/directories.
2024-02-20T19:38:45.560+0530 [INFO] [org.gradle.cache.internal.DefaultPersistentDirectoryStore] kotlin-dsl (D:\vajra\Alarm-Clock-main\caches\8.2\kotlin-dsl) cleaned up in 0.017 secs.
2024-02-20T19:38:45.632+0530 [DEBUG] [org.gradle.cache.internal.LockOnDemandCrossProcessCacheAccess] Releasing file lock for file content cache (D:\vajra\Alarm-Clock-main\caches\8.2\fileContent)
2024-02-20T19:38:45.633+0530 [DEBUG] [org.gradle.cache.internal.DefaultFileLockManager] Releasing lock on file content cache (D:\vajra\Alarm-Clock-main\caches\8.2\fileContent).
2024-02-20T19:38:45.634+0530 [DEBUG] [org.gradle.internal.watch.vfs.impl.WatchingVirtualFileSystem] Closing VFS, dropping state
2024-02-20T19:38:45.645+0530 [DEBUG] [org.gradle.cache.internal.LockOnDemandCrossProcessCacheAccess] Releasing file lock for Generated Gradle JARs cache (D:\vajra\Alarm-Clock-main\caches\8.2\generated-gradle-jars)
2024-02-20T19:38:45.645+0530 [DEBUG] [org.gradle.internal.watch.registry.impl.DefaultFileWatcherRegistry] Finished listening to file system change events
2024-02-20T19:38:45.645+0530 [DEBUG] [org.gradle.cache.internal.DefaultFileLockManager] Releasing lock on Generated Gradle JARs cache (D:\vajra\Alarm-Clock-main\caches\8.2\generated-gradle-jars).
2024-02-20T19:38:45.646+0530 [DEBUG] [org.gradle.cache.internal.LockOnDemandCrossProcessCacheAccess] Releasing file lock for artifact cache (D:\vajra\Alarm-Clock-main\caches\modules-2)
2024-02-20T19:38:45.646+0530 [DEBUG] [org.gradle.cache.internal.btree.BTreePersistentIndexedCache] Closing cache module-artifact.bin (D:\vajra\Alarm-Clock-main\caches\modules-2\metadata-2.106\module-artifact.bin)
2024-02-20T19:38:45.647+0530 [DEBUG] [org.gradle.cache.internal.btree.BTreePersistentIndexedCache] Closing cache resource-at-url.bin (D:\vajra\Alarm-Clock-main\caches\modules-2\metadata-2.106\resource-at-url.bin)
2024-02-20T19:38:45.648+0530 [DEBUG] [org.gradle.cache.internal.btree.BTreePersistentIndexedCache] Closing cache module-metadata.bin (D:\vajra\Alarm-Clock-main\caches\modules-2\metadata-2.106\module-metadata.bin)
2024-02-20T19:38:45.648+0530 [DEBUG] [org.gradle.cache.internal.btree.BTreePersistentIndexedCache] Closing cache module-artifacts.bin (D:\vajra\Alarm-Clock-main\caches\modules-2\metadata-2.106\module-artifacts.bin)
2024-02-20T19:38:45.649+0530 [DEBUG] [org.gradle.cache.internal.DefaultFileLockManager] Releasing lock on artifact cache (D:\vajra\Alarm-Clock-main\caches\modules-2).
2024-02-20T19:38:45.650+0530 [DEBUG] [org.gradle.cache.internal.DefaultPersistentDirectoryStore] artifact cache (D:\vajra\Alarm-Clock-main\caches\modules-2) has last been fully cleaned up 166 hours ago
2024-02-20T19:38:45.681+0530 [INFO] [org.gradle.cache.internal.AbstractCacheCleanup] artifact cache (D:\vajra\Alarm-Clock-main\caches\modules-2) cleanup deleted 0 files/directories.
2024-02-20T19:38:45.684+0530 [INFO] [org.gradle.cache.internal.AbstractCacheCleanup] artifact cache (D:\vajra\Alarm-Clock-main\caches\modules-2) [subdir: D:\vajra\Alarm-Clock-main\caches\modules-2\resources-2.1] cleanup deleted 0 files/directories.
2024-02-20T19:38:45.684+0530 [INFO] [org.gradle.cache.internal.LeastRecentlyUsedCacheCleanup] artifact cache (D:\vajra\Alarm-Clock-main\caches\modules-2) [subdir: D:\vajra\Alarm-Clock-main\caches\modules-2\resources-2.1] removing files not accessed on or after Sun Jan 21 19:36:03 IST 2024.
2024-02-20T19:38:45.684+0530 [INFO] [org.gradle.cache.internal.AbstractCacheCleanup] artifact cache (D:\vajra\Alarm-Clock-main\caches\modules-2) [subdir: D:\vajra\Alarm-Clock-main\caches\modules-2\resources-2.1] cleanup deleted 0 files/directories.
2024-02-20T19:38:45.685+0530 [INFO] [org.gradle.cache.internal.AbstractCacheCleanup] artifact cache (D:\vajra\Alarm-Clock-main\caches\modules-2) [subdir: D:\vajra\Alarm-Clock-main\caches\modules-2\files-2.1] cleanup deleted 0 files/directories.
2024-02-20T19:38:45.685+0530 [INFO] [org.gradle.cache.internal.LeastRecentlyUsedCacheCleanup] artifact cache (D:\vajra\Alarm-Clock-main\caches\modules-2) [subdir: D:\vajra\Alarm-Clock-main\caches\modules-2\files-2.1] removing files not accessed on or after Sun Jan 21 19:36:03 IST 2024.
2024-02-20T19:38:46.195+0530 [INFO] [org.gradle.cache.internal.AbstractCacheCleanup] artifact cache (D:\vajra\Alarm-Clock-main\caches\modules-2) [subdir: D:\vajra\Alarm-Clock-main\caches\modules-2\files-2.1] cleanup deleted 0 files/directories.
2024-02-20T19:38:46.195+0530 [INFO] [org.gradle.cache.internal.AbstractCacheCleanup] artifact cache (D:\vajra\Alarm-Clock-main\caches\modules-2) [subdir: D:\vajra\Alarm-Clock-main\caches\modules-2\metadata-2.106] cleanup deleted 0 files/directories.
2024-02-20T19:38:46.196+0530 [INFO] [org.gradle.cache.internal.DefaultPersistentDirectoryStore] artifact cache (D:\vajra\Alarm-Clock-main\caches\modules-2) cleaned up in 0.545 secs.
2024-02-20T19:38:46.196+0530 [DEBUG] [org.gradle.cache.internal.LockOnDemandCrossProcessCacheAccess] Releasing file lock for journal cache (D:\vajra\Alarm-Clock-main\caches\journal-1)
2024-02-20T19:38:46.196+0530 [DEBUG] [org.gradle.cache.internal.btree.BTreePersistentIndexedCache] Closing cache file-access.bin (D:\vajra\Alarm-Clock-main\caches\journal-1\file-access.bin)
2024-02-20T19:38:46.196+0530 [DEBUG] [org.gradle.cache.internal.DefaultFileLockManager] Releasing lock on journal cache (D:\vajra\Alarm-Clock-main\caches\journal-1).
2024-02-20T19:38:46.197+0530 [DEBUG] [org.gradle.cache.internal.LockOnDemandCrossProcessCacheAccess] Releasing file lock for file hash cache (D:\vajra\Alarm-Clock-main\caches\8.2\fileHashes)
2024-02-20T19:38:46.197+0530 [DEBUG] [org.gradle.cache.internal.btree.BTreePersistentIndexedCache] Closing cache fileHashes.bin (D:\vajra\Alarm-Clock-main\caches\8.2\fileHashes\fileHashes.bin)
2024-02-20T19:38:46.201+0530 [DEBUG] [org.gradle.cache.internal.btree.BTreePersistentIndexedCache] Closing cache resourceHashesCache.bin (D:\vajra\Alarm-Clock-main\caches\8.2\fileHashes\resourceHashesCache.bin)
2024-02-20T19:38:46.201+0530 [DEBUG] [org.gradle.cache.internal.DefaultFileLockManager] Releasing lock on file hash cache (D:\vajra\Alarm-Clock-main\caches\8.2\fileHashes).
2024-02-20T19:38:46.202+0530 [DEBUG] [org.gradle.cache.internal.LockOnDemandCrossProcessCacheAccess] Releasing file lock for execution history cache (D:\vajra\Alarm-Clock-main\caches\8.2\executionHistory)
2024-02-20T19:38:46.202+0530 [DEBUG] [org.gradle.cache.internal.btree.BTreePersistentIndexedCache] Closing cache executionHistory.bin (D:\vajra\Alarm-Clock-main\caches\8.2\executionHistory\executionHistory.bin)
2024-02-20T19:38:46.204+0530 [DEBUG] [org.gradle.cache.internal.DefaultFileLockManager] Releasing lock on execution history cache (D:\vajra\Alarm-Clock-main\caches\8.2\executionHistory).
2024-02-20T19:38:46.219+0530 [DEBUG] [org.gradle.cache.internal.VersionSpecificCacheCleanupAction] Processed version-specific caches at D:\vajra\Alarm-Clock-main\caches for cleanup in 0.013 secs
Daemon vm is shutting down... The daemon has exited normally or was terminated in response to a user interrupt.
2024-02-20T19:38:46.247+0530 [DEBUG] [org.gradle.launcher.daemon.registry.PersistentDaemonRegistry] Removing daemon address: [79df2fe1-c461-45e0-be6c-b18f0d51836c port:62047, addresses:[localhost/127.0.0.1]]
2024-02-20T19:38:46.248+0530 [DEBUG] [org.gradle.cache.internal.DefaultFileLockManager] Waiting to acquire exclusive lock on daemon addresses registry.
2024-02-20T19:38:46.248+0530 [DEBUG] [org.gradle.cache.internal.DefaultFileLockManager] Lock acquired on daemon addresses registry.
2024-02-20T19:38:46.249+0530 [DEBUG] [org.gradle.cache.internal.DefaultFileLockManager] Releasing lock on daemon addresses registry.
