2024-01-24T12:00:40.342+0530 [DEBUG] [org.gradle.launcher.daemon.bootstrap.DaemonMain] Assuming the daemon was started with following jvm opts: [--add-opens=java.base/java.util=ALL-UNNAMED, --add-opens=java.base/java.lang=ALL-UNNAMED, --add-opens=java.base/java.lang.invoke=ALL-UNNAMED, --add-opens=java.prefs/java.util.prefs=ALL-UNNAMED, --add-opens=java.base/java.nio.charset=ALL-UNNAMED, --add-opens=java.base/java.net=ALL-UNNAMED, --add-opens=java.base/java.util.concurrent.atomic=ALL-UNNAMED, -Xmx2048m, -Dfile.encoding=UTF-8, -Duser.country=US, -Duser.language=en, -Duser.variant]
2024-01-24T12:00:40.564+0530 [DEBUG] [org.gradle.internal.nativeintegration.services.NativeServices] Native-platform posix files integration is not available. Continuing with fallback.
2024-01-24T12:00:40.584+0530 [INFO] [org.gradle.launcher.daemon.server.Daemon] start() called on daemon - DefaultDaemonContext[uid=00ea27ca-192c-44be-87b2-551a874f35a7,javaHome=C:\Program Files\Android\Android Studio\jbr,daemonRegistryDir=D:\vajra\Alarm-Clock-main\daemon,pid=16668,idleTimeout=10800000,priority=NORMAL,applyInstrumentationAgent=true,daemonOpts=--add-opens=java.base/java.util=ALL-UNNAMED,--add-opens=java.base/java.lang=ALL-UNNAMED,--add-opens=java.base/java.lang.invoke=ALL-UNNAMED,--add-opens=java.prefs/java.util.prefs=ALL-UNNAMED,--add-opens=java.base/java.nio.charset=ALL-UNNAMED,--add-opens=java.base/java.net=ALL-UNNAMED,--add-opens=java.base/java.util.concurrent.atomic=ALL-UNNAMED,-Xmx2048m,-Dfile.encoding=UTF-8,-Duser.country=US,-Duser.language=en,-Duser.variant]
2024-01-24T12:00:40.770+0530 [DEBUG] [org.gradle.internal.remote.internal.inet.InetAddresses] Adding IP addresses for network interface Software Loopback Interface 1
2024-01-24T12:00:40.773+0530 [DEBUG] [org.gradle.internal.remote.internal.inet.InetAddresses] Is this a loopback interface? true
2024-01-24T12:00:40.773+0530 [DEBUG] [org.gradle.internal.remote.internal.inet.InetAddresses] Adding loopback address /127.0.0.1
2024-01-24T12:00:40.773+0530 [DEBUG] [org.gradle.internal.remote.internal.inet.InetAddresses] Adding loopback address /0:0:0:0:0:0:0:1
2024-01-24T12:00:40.774+0530 [DEBUG] [org.gradle.internal.remote.internal.inet.InetAddresses] Adding IP addresses for network interface Microsoft 6to4 Adapter
2024-01-24T12:00:40.777+0530 [DEBUG] [org.gradle.internal.remote.internal.inet.InetAddresses] Is this a loopback interface? false
2024-01-24T12:00:40.777+0530 [DEBUG] [org.gradle.internal.remote.internal.inet.InetAddresses] Adding IP addresses for network interface Realtek PCIe GbE Family Controller
2024-01-24T12:00:40.779+0530 [DEBUG] [org.gradle.internal.remote.internal.inet.InetAddresses] Is this a loopback interface? false
2024-01-24T12:00:40.779+0530 [DEBUG] [org.gradle.internal.remote.internal.inet.InetAddresses] Adding remote address /fe80:0:0:0:2adf:db58:fee3:b766%eth0
2024-01-24T12:00:40.779+0530 [DEBUG] [org.gradle.internal.remote.internal.inet.InetAddresses] Adding IP addresses for network interface WAN Miniport (IPv6)
2024-01-24T12:00:40.782+0530 [DEBUG] [org.gradle.internal.remote.internal.inet.InetAddresses] Is this a loopback interface? false
2024-01-24T12:00:40.782+0530 [DEBUG] [org.gradle.internal.remote.internal.inet.InetAddresses] Adding IP addresses for network interface Microsoft IP-HTTPS Platform Adapter
2024-01-24T12:00:40.784+0530 [DEBUG] [org.gradle.internal.remote.internal.inet.InetAddresses] Is this a loopback interface? false
2024-01-24T12:00:40.785+0530 [DEBUG] [org.gradle.internal.remote.internal.inet.InetAddresses] Adding IP addresses for network interface Microsoft Kernel Debug Network Adapter
2024-01-24T12:00:40.787+0530 [DEBUG] [org.gradle.internal.remote.internal.inet.InetAddresses] Is this a loopback interface? false
2024-01-24T12:00:40.787+0530 [DEBUG] [org.gradle.internal.remote.internal.inet.InetAddresses] Adding IP addresses for network interface WAN Miniport (PPTP)
2024-01-24T12:00:40.789+0530 [DEBUG] [org.gradle.internal.remote.internal.inet.InetAddresses] Is this a loopback interface? false
2024-01-24T12:00:40.789+0530 [DEBUG] [org.gradle.internal.remote.internal.inet.InetAddresses] Adding IP addresses for network interface WAN Miniport (L2TP)
2024-01-24T12:00:40.792+0530 [DEBUG] [org.gradle.internal.remote.internal.inet.InetAddresses] Is this a loopback interface? false
2024-01-24T12:00:40.792+0530 [DEBUG] [org.gradle.internal.remote.internal.inet.InetAddresses] Adding IP addresses for network interface WAN Miniport (Network Monitor)
2024-01-24T12:00:40.794+0530 [DEBUG] [org.gradle.internal.remote.internal.inet.InetAddresses] Is this a loopback interface? false
2024-01-24T12:00:40.795+0530 [DEBUG] [org.gradle.internal.remote.internal.inet.InetAddresses] Adding IP addresses for network interface Microsoft Wi-Fi Direct Virtual Adapter
2024-01-24T12:00:40.797+0530 [DEBUG] [org.gradle.internal.remote.internal.inet.InetAddresses] Is this a loopback interface? false
2024-01-24T12:00:40.797+0530 [DEBUG] [org.gradle.internal.remote.internal.inet.InetAddresses] Adding remote address /fe80:0:0:0:165:a2ff:6d5:9981%wlan0
2024-01-24T12:00:40.797+0530 [DEBUG] [org.gradle.internal.remote.internal.inet.InetAddresses] Adding IP addresses for network interface WAN Miniport (PPPOE)
2024-01-24T12:00:40.799+0530 [DEBUG] [org.gradle.internal.remote.internal.inet.InetAddresses] Is this a loopback interface? false
2024-01-24T12:00:40.800+0530 [DEBUG] [org.gradle.internal.remote.internal.inet.InetAddresses] Adding IP addresses for network interface VMware Virtual Ethernet Adapter for VMnet1
2024-01-24T12:00:40.802+0530 [DEBUG] [org.gradle.internal.remote.internal.inet.InetAddresses] Is this a loopback interface? false
2024-01-24T12:00:40.802+0530 [DEBUG] [org.gradle.internal.remote.internal.inet.InetAddresses] Adding remote address /169.254.148.36
2024-01-24T12:00:40.802+0530 [DEBUG] [org.gradle.internal.remote.internal.inet.InetAddresses] Adding remote address /fe80:0:0:0:6bb6:b8d2:73c7:db95%eth4
2024-01-24T12:00:40.802+0530 [DEBUG] [org.gradle.internal.remote.internal.inet.InetAddresses] Adding IP addresses for network interface Microsoft Teredo Tunneling Adapter
2024-01-24T12:00:40.805+0530 [DEBUG] [org.gradle.internal.remote.internal.inet.InetAddresses] Is this a loopback interface? false
2024-01-24T12:00:40.805+0530 [DEBUG] [org.gradle.internal.remote.internal.inet.InetAddresses] Adding IP addresses for network interface WAN Miniport (IP)
2024-01-24T12:00:40.808+0530 [DEBUG] [org.gradle.internal.remote.internal.inet.InetAddresses] Is this a loopback interface? false
2024-01-24T12:00:40.808+0530 [DEBUG] [org.gradle.internal.remote.internal.inet.InetAddresses] Adding IP addresses for network interface Microsoft Wi-Fi Direct Virtual Adapter #2
2024-01-24T12:00:40.810+0530 [DEBUG] [org.gradle.internal.remote.internal.inet.InetAddresses] Is this a loopback interface? false
2024-01-24T12:00:40.810+0530 [DEBUG] [org.gradle.internal.remote.internal.inet.InetAddresses] Adding remote address /fe80:0:0:0:7cc0:1a20:8941:dba%wlan1
2024-01-24T12:00:40.810+0530 [DEBUG] [org.gradle.internal.remote.internal.inet.InetAddresses] Adding IP addresses for network interface VMware Virtual Ethernet Adapter for VMnet8
2024-01-24T12:00:40.812+0530 [DEBUG] [org.gradle.internal.remote.internal.inet.InetAddresses] Is this a loopback interface? false
2024-01-24T12:00:40.813+0530 [DEBUG] [org.gradle.internal.remote.internal.inet.InetAddresses] Adding remote address /169.254.7.113
2024-01-24T12:00:40.813+0530 [DEBUG] [org.gradle.internal.remote.internal.inet.InetAddresses] Adding remote address /fe80:0:0:0:2c2e:7de4:9194:da44%eth6
2024-01-24T12:00:40.813+0530 [DEBUG] [org.gradle.internal.remote.internal.inet.InetAddresses] Adding IP addresses for network interface WAN Miniport (IKEv2)
2024-01-24T12:00:40.815+0530 [DEBUG] [org.gradle.internal.remote.internal.inet.InetAddresses] Is this a loopback interface? false
2024-01-24T12:00:40.815+0530 [DEBUG] [org.gradle.internal.remote.internal.inet.InetAddresses] Adding IP addresses for network interface WAN Miniport (SSTP)
2024-01-24T12:00:40.817+0530 [DEBUG] [org.gradle.internal.remote.internal.inet.InetAddresses] Is this a loopback interface? false
2024-01-24T12:00:40.818+0530 [DEBUG] [org.gradle.internal.remote.internal.inet.InetAddresses] Adding IP addresses for network interface Bluetooth Device (Personal Area Network)
2024-01-24T12:00:40.820+0530 [DEBUG] [org.gradle.internal.remote.internal.inet.InetAddresses] Is this a loopback interface? false
2024-01-24T12:00:40.820+0530 [DEBUG] [org.gradle.internal.remote.internal.inet.InetAddresses] Adding IP addresses for network interface Qualcomm QCA61x4A 802.11ac Wireless Adapter
2024-01-24T12:00:40.822+0530 [DEBUG] [org.gradle.internal.remote.internal.inet.InetAddresses] Is this a loopback interface? false
2024-01-24T12:00:40.822+0530 [DEBUG] [org.gradle.internal.remote.internal.inet.InetAddresses] Adding remote address /10.35.141.169
2024-01-24T12:00:40.823+0530 [DEBUG] [org.gradle.internal.remote.internal.inet.InetAddresses] Adding remote address /fe80:0:0:0:f12a:8812:3d55:91cb%wlan2
2024-01-24T12:00:40.823+0530 [DEBUG] [org.gradle.internal.remote.internal.inet.InetAddresses] Adding IP addresses for network interface Realtek PCIe GbE Family Controller-WFP Native MAC Layer LightWeight Filter-0000
2024-01-24T12:00:40.825+0530 [DEBUG] [org.gradle.internal.remote.internal.inet.InetAddresses] Is this a loopback interface? false
2024-01-24T12:00:40.825+0530 [DEBUG] [org.gradle.internal.remote.internal.inet.InetAddresses] Adding IP addresses for network interface Realtek PCIe GbE Family Controller-QoS Packet Scheduler-0000
2024-01-24T12:00:40.828+0530 [DEBUG] [org.gradle.internal.remote.internal.inet.InetAddresses] Is this a loopback interface? false
2024-01-24T12:00:40.828+0530 [DEBUG] [org.gradle.internal.remote.internal.inet.InetAddresses] Adding IP addresses for network interface Realtek PCIe GbE Family Controller-WFP 802.3 MAC Layer LightWeight Filter-0000
2024-01-24T12:00:40.830+0530 [DEBUG] [org.gradle.internal.remote.internal.inet.InetAddresses] Is this a loopback interface? false
2024-01-24T12:00:40.830+0530 [DEBUG] [org.gradle.internal.remote.internal.inet.InetAddresses] Adding IP addresses for network interface Qualcomm QCA61x4A 802.11ac Wireless Adapter-WFP Native MAC Layer LightWeight Filter-0000
2024-01-24T12:00:40.832+0530 [DEBUG] [org.gradle.internal.remote.internal.inet.InetAddresses] Is this a loopback interface? false
2024-01-24T12:00:40.832+0530 [DEBUG] [org.gradle.internal.remote.internal.inet.InetAddresses] Adding IP addresses for network interface Qualcomm QCA61x4A 802.11ac Wireless Adapter-Virtual WiFi Filter Driver-0000
2024-01-24T12:00:40.834+0530 [DEBUG] [org.gradle.internal.remote.internal.inet.InetAddresses] Is this a loopback interface? false
2024-01-24T12:00:40.834+0530 [DEBUG] [org.gradle.internal.remote.internal.inet.InetAddresses] Adding IP addresses for network interface Qualcomm QCA61x4A 802.11ac Wireless Adapter-Native WiFi Filter Driver-0000
2024-01-24T12:00:40.837+0530 [DEBUG] [org.gradle.internal.remote.internal.inet.InetAddresses] Is this a loopback interface? false
2024-01-24T12:00:40.837+0530 [DEBUG] [org.gradle.internal.remote.internal.inet.InetAddresses] Adding IP addresses for network interface Qualcomm QCA61x4A 802.11ac Wireless Adapter-QoS Packet Scheduler-0000
2024-01-24T12:00:40.840+0530 [DEBUG] [org.gradle.internal.remote.internal.inet.InetAddresses] Is this a loopback interface? false
2024-01-24T12:00:40.840+0530 [DEBUG] [org.gradle.internal.remote.internal.inet.InetAddresses] Adding IP addresses for network interface Qualcomm QCA61x4A 802.11ac Wireless Adapter-WFP 802.3 MAC Layer LightWeight Filter-0000
2024-01-24T12:00:40.843+0530 [DEBUG] [org.gradle.internal.remote.internal.inet.InetAddresses] Is this a loopback interface? false
2024-01-24T12:00:40.844+0530 [DEBUG] [org.gradle.internal.remote.internal.inet.InetAddresses] Adding IP addresses for network interface Microsoft Wi-Fi Direct Virtual Adapter-WFP Native MAC Layer LightWeight Filter-0000
2024-01-24T12:00:40.846+0530 [DEBUG] [org.gradle.internal.remote.internal.inet.InetAddresses] Is this a loopback interface? false
2024-01-24T12:00:40.846+0530 [DEBUG] [org.gradle.internal.remote.internal.inet.InetAddresses] Adding IP addresses for network interface Hyper-V Virtual Switch Extension Adapter-Hyper-V Virtual Switch Extension Filter-0000
2024-01-24T12:00:40.848+0530 [DEBUG] [org.gradle.internal.remote.internal.inet.InetAddresses] Is this a loopback interface? false
2024-01-24T12:00:40.848+0530 [DEBUG] [org.gradle.internal.remote.internal.inet.InetAddresses] Adding IP addresses for network interface Microsoft Wi-Fi Direct Virtual Adapter-Native WiFi Filter Driver-0000
2024-01-24T12:00:40.850+0530 [DEBUG] [org.gradle.internal.remote.internal.inet.InetAddresses] Is this a loopback interface? false
2024-01-24T12:00:40.850+0530 [DEBUG] [org.gradle.internal.remote.internal.inet.InetAddresses] Adding IP addresses for network interface Microsoft Wi-Fi Direct Virtual Adapter-QoS Packet Scheduler-0000
2024-01-24T12:00:40.852+0530 [DEBUG] [org.gradle.internal.remote.internal.inet.InetAddresses] Is this a loopback interface? false
2024-01-24T12:00:40.853+0530 [DEBUG] [org.gradle.internal.remote.internal.inet.InetAddresses] Adding IP addresses for network interface WAN Miniport (IP)-WFP Native MAC Layer LightWeight Filter-0000
2024-01-24T12:00:40.855+0530 [DEBUG] [org.gradle.internal.remote.internal.inet.InetAddresses] Is this a loopback interface? false
2024-01-24T12:00:40.855+0530 [DEBUG] [org.gradle.internal.remote.internal.inet.InetAddresses] Adding IP addresses for network interface WAN Miniport (IP)-QoS Packet Scheduler-0000
2024-01-24T12:00:40.858+0530 [DEBUG] [org.gradle.internal.remote.internal.inet.InetAddresses] Is this a loopback interface? false
2024-01-24T12:00:40.858+0530 [DEBUG] [org.gradle.internal.remote.internal.inet.InetAddresses] Adding IP addresses for network interface WAN Miniport (IPv6)-WFP Native MAC Layer LightWeight Filter-0000
2024-01-24T12:00:40.860+0530 [DEBUG] [org.gradle.internal.remote.internal.inet.InetAddresses] Is this a loopback interface? false
2024-01-24T12:00:40.860+0530 [DEBUG] [org.gradle.internal.remote.internal.inet.InetAddresses] Adding IP addresses for network interface WAN Miniport (IPv6)-QoS Packet Scheduler-0000
2024-01-24T12:00:40.863+0530 [DEBUG] [org.gradle.internal.remote.internal.inet.InetAddresses] Is this a loopback interface? false
2024-01-24T12:00:40.863+0530 [DEBUG] [org.gradle.internal.remote.internal.inet.InetAddresses] Adding IP addresses for network interface WAN Miniport (Network Monitor)-WFP Native MAC Layer LightWeight Filter-0000
2024-01-24T12:00:40.865+0530 [DEBUG] [org.gradle.internal.remote.internal.inet.InetAddresses] Is this a loopback interface? false
2024-01-24T12:00:40.865+0530 [DEBUG] [org.gradle.internal.remote.internal.inet.InetAddresses] Adding IP addresses for network interface WAN Miniport (Network Monitor)-QoS Packet Scheduler-0000
2024-01-24T12:00:40.867+0530 [DEBUG] [org.gradle.internal.remote.internal.inet.InetAddresses] Is this a loopback interface? false
2024-01-24T12:00:40.867+0530 [DEBUG] [org.gradle.internal.remote.internal.inet.InetAddresses] Adding IP addresses for network interface Microsoft Wi-Fi Direct Virtual Adapter-WFP 802.3 MAC Layer LightWeight Filter-0000
2024-01-24T12:00:40.870+0530 [DEBUG] [org.gradle.internal.remote.internal.inet.InetAddresses] Is this a loopback interface? false
2024-01-24T12:00:40.870+0530 [DEBUG] [org.gradle.internal.remote.internal.inet.InetAddresses] Adding IP addresses for network interface Microsoft Wi-Fi Direct Virtual Adapter #2-WFP Native MAC Layer LightWeight Filter-0000
2024-01-24T12:00:40.872+0530 [DEBUG] [org.gradle.internal.remote.internal.inet.InetAddresses] Is this a loopback interface? false
2024-01-24T12:00:40.873+0530 [DEBUG] [org.gradle.internal.remote.internal.inet.InetAddresses] Adding IP addresses for network interface Microsoft Wi-Fi Direct Virtual Adapter #2-Native WiFi Filter Driver-0000
2024-01-24T12:00:40.875+0530 [DEBUG] [org.gradle.internal.remote.internal.inet.InetAddresses] Is this a loopback interface? false
2024-01-24T12:00:40.875+0530 [DEBUG] [org.gradle.internal.remote.internal.inet.InetAddresses] Adding IP addresses for network interface Microsoft Wi-Fi Direct Virtual Adapter #2-QoS Packet Scheduler-0000
2024-01-24T12:00:40.877+0530 [DEBUG] [org.gradle.internal.remote.internal.inet.InetAddresses] Is this a loopback interface? false
2024-01-24T12:00:40.877+0530 [DEBUG] [org.gradle.internal.remote.internal.inet.InetAddresses] Adding IP addresses for network interface Hyper-V Virtual Switch Extension Adapter
2024-01-24T12:00:40.879+0530 [DEBUG] [org.gradle.internal.remote.internal.inet.InetAddresses] Is this a loopback interface? false
2024-01-24T12:00:40.880+0530 [DEBUG] [org.gradle.internal.remote.internal.inet.InetAddresses] Adding IP addresses for network interface Microsoft Wi-Fi Direct Virtual Adapter #2-WFP 802.3 MAC Layer LightWeight Filter-0000
2024-01-24T12:00:40.882+0530 [DEBUG] [org.gradle.internal.remote.internal.inet.InetAddresses] Is this a loopback interface? false
2024-01-24T12:00:40.882+0530 [DEBUG] [org.gradle.internal.remote.internal.inet.InetAddresses] Adding IP addresses for network interface Hyper-V Virtual Ethernet Adapter
2024-01-24T12:00:40.885+0530 [DEBUG] [org.gradle.internal.remote.internal.inet.InetAddresses] Is this a loopback interface? false
2024-01-24T12:00:40.885+0530 [DEBUG] [org.gradle.internal.remote.internal.inet.InetAddresses] Adding remote address /172.25.16.1
2024-01-24T12:00:40.885+0530 [DEBUG] [org.gradle.internal.remote.internal.inet.InetAddresses] Adding remote address /fe80:0:0:0:8a63:f85f:2f09:7e5b%eth19
2024-01-24T12:00:40.885+0530 [DEBUG] [org.gradle.internal.remote.internal.inet.InetAddresses] Adding IP addresses for network interface Hyper-V Virtual Ethernet Adapter-WFP Native MAC Layer LightWeight Filter-0000
2024-01-24T12:00:40.887+0530 [DEBUG] [org.gradle.internal.remote.internal.inet.InetAddresses] Is this a loopback interface? false
2024-01-24T12:00:40.888+0530 [DEBUG] [org.gradle.internal.remote.internal.inet.InetAddresses] Adding IP addresses for network interface Hyper-V Virtual Ethernet Adapter-QoS Packet Scheduler-0000
2024-01-24T12:00:40.890+0530 [DEBUG] [org.gradle.internal.remote.internal.inet.InetAddresses] Is this a loopback interface? false
2024-01-24T12:00:40.890+0530 [DEBUG] [org.gradle.internal.remote.internal.inet.InetAddresses] Adding IP addresses for network interface Hyper-V Virtual Ethernet Adapter-WFP 802.3 MAC Layer LightWeight Filter-0000
2024-01-24T12:00:40.892+0530 [DEBUG] [org.gradle.internal.remote.internal.inet.InetAddresses] Is this a loopback interface? false
2024-01-24T12:00:40.898+0530 [DEBUG] [org.gradle.internal.remote.internal.inet.TcpIncomingConnector] Listening on [73a511c0-d41b-4708-8db6-fdd27f0f524c port:52193, addresses:[localhost/127.0.0.1]].
2024-01-24T12:00:40.909+0530 [DEBUG] [org.gradle.launcher.daemon.server.Daemon] Daemon starting at: Wed Jan 24 12:00:40 IST 2024, with address: [73a511c0-d41b-4708-8db6-fdd27f0f524c port:52193, addresses:[localhost/127.0.0.1]]
2024-01-24T12:00:40.909+0530 [INFO] [org.gradle.launcher.daemon.server.DaemonRegistryUpdater] Advertising the daemon address to the clients: [73a511c0-d41b-4708-8db6-fdd27f0f524c port:52193, addresses:[localhost/127.0.0.1]]
2024-01-24T12:00:40.910+0530 [DEBUG] [org.gradle.launcher.daemon.server.DaemonRegistryUpdater] Advertised daemon context: DefaultDaemonContext[uid=00ea27ca-192c-44be-87b2-551a874f35a7,javaHome=C:\Program Files\Android\Android Studio\jbr,daemonRegistryDir=D:\vajra\Alarm-Clock-main\daemon,pid=16668,idleTimeout=10800000,priority=NORMAL,applyInstrumentationAgent=true,daemonOpts=--add-opens=java.base/java.util=ALL-UNNAMED,--add-opens=java.base/java.lang=ALL-UNNAMED,--add-opens=java.base/java.lang.invoke=ALL-UNNAMED,--add-opens=java.prefs/java.util.prefs=ALL-UNNAMED,--add-opens=java.base/java.nio.charset=ALL-UNNAMED,--add-opens=java.base/java.net=ALL-UNNAMED,--add-opens=java.base/java.util.concurrent.atomic=ALL-UNNAMED,-Xmx2048m,-Dfile.encoding=UTF-8,-Duser.country=US,-Duser.language=en,-Duser.variant]
2024-01-24T12:00:40.910+0530 [DEBUG] [org.gradle.launcher.daemon.registry.PersistentDaemonRegistry] Storing daemon address: [73a511c0-d41b-4708-8db6-fdd27f0f524c port:52193, addresses:[localhost/127.0.0.1]], context: DefaultDaemonContext[uid=00ea27ca-192c-44be-87b2-551a874f35a7,javaHome=C:\Program Files\Android\Android Studio\jbr,daemonRegistryDir=D:\vajra\Alarm-Clock-main\daemon,pid=16668,idleTimeout=10800000,priority=NORMAL,applyInstrumentationAgent=true,daemonOpts=--add-opens=java.base/java.util=ALL-UNNAMED,--add-opens=java.base/java.lang=ALL-UNNAMED,--add-opens=java.base/java.lang.invoke=ALL-UNNAMED,--add-opens=java.prefs/java.util.prefs=ALL-UNNAMED,--add-opens=java.base/java.nio.charset=ALL-UNNAMED,--add-opens=java.base/java.net=ALL-UNNAMED,--add-opens=java.base/java.util.concurrent.atomic=ALL-UNNAMED,-Xmx2048m,-Dfile.encoding=UTF-8,-Duser.country=US,-Duser.language=en,-Duser.variant]
2024-01-24T12:00:40.923+0530 [DEBUG] [org.gradle.cache.internal.DefaultFileLockManager] Waiting to acquire exclusive lock on daemon addresses registry.
2024-01-24T12:00:40.928+0530 [DEBUG] [org.gradle.cache.internal.DefaultFileLockManager] Lock acquired on daemon addresses registry.
2024-01-24T12:00:40.933+0530 [DEBUG] [org.gradle.cache.internal.DefaultFileLockManager] Releasing lock on daemon addresses registry.
2024-01-24T12:00:40.933+0530 [LIFECYCLE] [org.gradle.launcher.daemon.server.Daemon] Daemon server started.
2024-01-24T12:00:40.935+0530 [DEBUG] [org.gradle.launcher.daemon.bootstrap.DaemonStartupCommunication] Completed writing the daemon greeting. Closing streams...
2024-01-24T12:00:40.944+0530 [DEBUG] [org.gradle.launcher.daemon.server.Daemon] stopOnExpiration() called on daemon
2024-01-24T12:00:40.945+0530 [DEBUG] [org.gradle.launcher.daemon.server.Daemon] awaitExpiration() called on daemon
2024-01-24T12:00:40.947+0530 [DEBUG] [org.gradle.launcher.daemon.server.DaemonStateCoordinator] daemon is running. Sleeping until state changes.
2024-01-24T12:00:40.947+0530 [DEBUG] [org.gradle.internal.remote.internal.inet.TcpIncomingConnector] Accepted connection from /127.0.0.1:52194 to /127.0.0.1:52193.
2024-01-24T12:00:41.063+0530 [DEBUG] [org.gradle.launcher.daemon.server.SynchronizedDispatchConnection] thread 22: received class org.gradle.launcher.daemon.protocol.Build
2024-01-24T12:00:41.063+0530 [DEBUG] [org.gradle.launcher.daemon.server.DefaultDaemonConnection] thread 22: Received non-IO message from client: Build{id=af678a79-fbb8-437d-9051-640d2b71b371, currentDir=D:\3-2\CSE225-DEVELOPING ANDROID APPS\My Application}
2024-01-24T12:00:41.064+0530 [INFO] [org.gradle.launcher.daemon.server.DefaultIncomingConnectionHandler] Received command: Build{id=af678a79-fbb8-437d-9051-640d2b71b371, currentDir=D:\3-2\CSE225-DEVELOPING ANDROID APPS\My Application}.
2024-01-24T12:00:41.064+0530 [DEBUG] [org.gradle.launcher.daemon.server.DefaultIncomingConnectionHandler] Starting executing command: Build{id=af678a79-fbb8-437d-9051-640d2b71b371, currentDir=D:\3-2\CSE225-DEVELOPING ANDROID APPS\My Application} with connection: socket connection from /127.0.0.1:52193 to /127.0.0.1:52194.
2024-01-24T12:00:41.066+0530 [DEBUG] [org.gradle.launcher.daemon.server.DaemonStateCoordinator] Command execution: started DaemonCommandExecution[command = Build{id=af678a79-fbb8-437d-9051-640d2b71b371, currentDir=D:\3-2\CSE225-DEVELOPING ANDROID APPS\My Application}, connection = DefaultDaemonConnection: socket connection from /127.0.0.1:52193 to /127.0.0.1:52194] after 0.0 minutes of idle
2024-01-24T12:00:41.066+0530 [INFO] [org.gradle.launcher.daemon.server.DaemonRegistryUpdater] Marking the daemon as busy, address: [73a511c0-d41b-4708-8db6-fdd27f0f524c port:52193, addresses:[localhost/127.0.0.1]]
2024-01-24T12:00:41.066+0530 [DEBUG] [org.gradle.launcher.daemon.registry.PersistentDaemonRegistry] Marking busy by address: [73a511c0-d41b-4708-8db6-fdd27f0f524c port:52193, addresses:[localhost/127.0.0.1]]
2024-01-24T12:00:41.067+0530 [DEBUG] [org.gradle.cache.internal.DefaultFileLockManager] Waiting to acquire exclusive lock on daemon addresses registry.
2024-01-24T12:00:41.067+0530 [DEBUG] [org.gradle.cache.internal.DefaultFileLockManager] Lock acquired on daemon addresses registry.
2024-01-24T12:00:41.068+0530 [DEBUG] [org.gradle.cache.internal.DefaultFileLockManager] Releasing lock on daemon addresses registry.
2024-01-24T12:00:41.068+0530 [DEBUG] [org.gradle.launcher.daemon.server.DaemonStateCoordinator] resetting idle timer
2024-01-24T12:00:41.068+0530 [DEBUG] [org.gradle.launcher.daemon.server.DaemonStateCoordinator] daemon is running. Sleeping until state changes.
2024-01-24T12:00:41.069+0530 [INFO] [org.gradle.launcher.daemon.server.exec.StartBuildOrRespondWithBusy] Daemon is about to start building Build{id=af678a79-fbb8-437d-9051-640d2b71b371, currentDir=D:\3-2\CSE225-DEVELOPING ANDROID APPS\My Application}. Dispatching build started information...
2024-01-24T12:00:41.069+0530 [DEBUG] [org.gradle.launcher.daemon.server.SynchronizedDispatchConnection] thread 24: dispatching org.gradle.launcher.daemon.protocol.BuildStarted@35625893
2024-01-24T12:00:41.071+0530 [DEBUG] [org.gradle.launcher.daemon.server.exec.EstablishBuildEnvironment] Configuring env variables: [USERDOMAIN_ROAMINGPROFILE, LOCALAPPDATA, PROCESSOR_LEVEL, USERDOMAIN, LOGONSERVER, FPS_BROWSER_APP_PROFILE_STRING, SESSIONNAME, ALLUSERSPROFILE, PROCESSOR_ARCHITECTURE, PSModulePath, SystemDrive, OneDrive, PT8HOME, APPDATA, USERNAME, ProgramFiles(x86), CommonProgramFiles, Path, FPS_BROWSER_USER_PROFILE_STRING, PATHEXT, DriverData, EFC_2904, OS, OneDriveConsumer, COMPUTERNAME, IntelliJ IDEA Community Edition, PROCESSOR_REVISION, CommonProgramW6432, ComSpec, ProgramData, ProgramW6432, TEMP, HOMEPATH, SystemRoot, PROCESSOR_IDENTIFIER, HOMEDRIVE, USERPROFILE, TMP, CommonProgramFiles(x86), ProgramFiles, PUBLIC, windir, NUMBER_OF_PROCESSORS, =::, IDEA_INITIAL_DIRECTORY]
2024-01-24T12:00:41.074+0530 [DEBUG] [org.gradle.launcher.daemon.server.SynchronizedDispatchConnection] thread 22: received class org.gradle.launcher.daemon.protocol.CloseInput
2024-01-24T12:00:41.074+0530 [DEBUG] [org.gradle.launcher.daemon.server.DefaultDaemonConnection] thread 22: Received IO message from client: org.gradle.launcher.daemon.protocol.CloseInput@22ddc0c9
2024-01-24T12:00:41.077+0530 [DEBUG] [org.gradle.launcher.daemon.server.exec.LogToClient] About to start relaying all logs to the client via the connection.
2024-01-24T12:00:41.077+0530 [INFO] [org.gradle.launcher.daemon.server.exec.LogToClient] The client will now receive all logging from the daemon (pid: 16668). The daemon log file: D:\vajra\Alarm-Clock-main\daemon\8.2\daemon-16668.out.log
2024-01-24T12:00:41.079+0530 [INFO] [org.gradle.launcher.daemon.server.exec.LogAndCheckHealth] Starting build in new daemon [memory: 2 GiB]
2024-01-24T12:00:41.080+0530 [INFO] [org.gradle.launcher.daemon.server.exec.ForwardClientInput] Closing daemon's stdin at end of input.
2024-01-24T12:00:41.080+0530 [INFO] [org.gradle.launcher.daemon.server.exec.ForwardClientInput] The daemon will no longer process any standard input.
2024-01-24T12:00:41.081+0530 [DEBUG] [org.gradle.launcher.daemon.server.exec.ExecuteBuild] The daemon has started executing the build.
2024-01-24T12:00:41.082+0530 [DEBUG] [org.gradle.launcher.daemon.server.exec.ExecuteBuild] Executing build with daemon context: DefaultDaemonContext[uid=00ea27ca-192c-44be-87b2-551a874f35a7,javaHome=C:\Program Files\Android\Android Studio\jbr,daemonRegistryDir=D:\vajra\Alarm-Clock-main\daemon,pid=16668,idleTimeout=10800000,priority=NORMAL,applyInstrumentationAgent=true,daemonOpts=--add-opens=java.base/java.util=ALL-UNNAMED,--add-opens=java.base/java.lang=ALL-UNNAMED,--add-opens=java.base/java.lang.invoke=ALL-UNNAMED,--add-opens=java.prefs/java.util.prefs=ALL-UNNAMED,--add-opens=java.base/java.nio.charset=ALL-UNNAMED,--add-opens=java.base/java.net=ALL-UNNAMED,--add-opens=java.base/java.util.concurrent.atomic=ALL-UNNAMED,-Xmx2048m,-Dfile.encoding=UTF-8,-Duser.country=US,-Duser.language=en,-Duser.variant]

Deprecated Gradle features were used in this build, making it incompatible with Gradle 9.0.

You can use '--warning-mode all' to show the individual deprecation warnings and determine if they come from your own scripts or plugins.

For more on this, please refer to https://docs.gradle.org/8.2/userguide/command_line_interface.html#sec:command_line_warnings in the Gradle documentation.

BUILD SUCCESSFUL in 9m 16s
2024-01-24T12:09:51.353+0530 [DEBUG] [org.gradle.launcher.daemon.server.exec.ExecuteBuild] The daemon has finished executing the build.
2024-01-24T12:09:51.370+0530 [DEBUG] [org.gradle.launcher.daemon.server.DaemonStateCoordinator] daemon is running. Sleeping until state changes.
2024-01-24T12:09:51.371+0530 [DEBUG] [org.gradle.launcher.daemon.server.DaemonStateCoordinator] Command execution: finished waiting for DaemonCommandExecution[command = Build{id=af678a79-fbb8-437d-9051-640d2b71b371, currentDir=D:\3-2\CSE225-DEVELOPING ANDROID APPS\My Application}, connection = DefaultDaemonConnection: socket connection from /127.0.0.1:52193 to /127.0.0.1:52194]. Result org.gradle.launcher.daemon.server.DaemonStateCoordinator@3fb5fd1c with state Busy
2024-01-24T12:09:51.372+0530 [DEBUG] [org.gradle.launcher.daemon.server.DaemonStateCoordinator] Command execution: completed DaemonCommandExecution[command = Build{id=af678a79-fbb8-437d-9051-640d2b71b371, currentDir=D:\3-2\CSE225-DEVELOPING ANDROID APPS\My Application}, connection = DefaultDaemonConnection: socket connection from /127.0.0.1:52193 to /127.0.0.1:52194]
2024-01-24T12:09:51.372+0530 [DEBUG] [org.gradle.launcher.daemon.server.DaemonStateCoordinator] resetting idle timer
2024-01-24T12:09:51.372+0530 [INFO] [org.gradle.launcher.daemon.server.DaemonRegistryUpdater] Marking the daemon as idle, address: [73a511c0-d41b-4708-8db6-fdd27f0f524c port:52193, addresses:[localhost/127.0.0.1]]
2024-01-24T12:09:51.372+0530 [DEBUG] [org.gradle.launcher.daemon.registry.PersistentDaemonRegistry] Marking busy by address: [73a511c0-d41b-4708-8db6-fdd27f0f524c port:52193, addresses:[localhost/127.0.0.1]]
2024-01-24T12:09:51.373+0530 [DEBUG] [org.gradle.cache.internal.DefaultFileLockManager] Waiting to acquire exclusive lock on daemon addresses registry.
2024-01-24T12:09:51.373+0530 [DEBUG] [org.gradle.cache.internal.DefaultFileLockManager] Lock acquired on daemon addresses registry.
2024-01-24T12:09:51.374+0530 [DEBUG] [org.gradle.cache.internal.DefaultFileLockManager] Releasing lock on daemon addresses registry.
2024-01-24T12:09:51.375+0530 [DEBUG] [org.gradle.launcher.daemon.server.DaemonStateCoordinator] daemon is running. Sleeping until state changes.
2024-01-24T12:09:51.375+0530 [DEBUG] [org.gradle.launcher.daemon.server.exec.ReturnResult] Daemon is dispatching the build result: Success[value=org.gradle.launcher.exec.BuildActionResult@1a7434d4]
2024-01-24T12:09:51.375+0530 [DEBUG] [org.gradle.launcher.daemon.server.SynchronizedDispatchConnection] thread 21: dispatching Success[value=org.gradle.launcher.exec.BuildActionResult@1a7434d4]
2024-01-24T12:09:51.377+0530 [DEBUG] [org.gradle.launcher.daemon.server.DefaultIncomingConnectionHandler] Finishing executing command: Build{id=af678a79-fbb8-437d-9051-640d2b71b371, currentDir=D:\3-2\CSE225-DEVELOPING ANDROID APPS\My Application}
2024-01-24T12:09:51.378+0530 [DEBUG] [org.gradle.launcher.daemon.server.SynchronizedDispatchConnection] thread 22: received class org.gradle.launcher.daemon.protocol.Finished
2024-01-24T12:09:51.379+0530 [DEBUG] [org.gradle.launcher.daemon.server.DefaultDaemonConnection] thread 22: Received non-IO message from client: org.gradle.launcher.daemon.protocol.Finished@6c924983
2024-01-24T12:09:51.379+0530 [DEBUG] [org.gradle.launcher.daemon.server.DefaultIncomingConnectionHandler] Received finished message: org.gradle.launcher.daemon.protocol.Finished@6c924983
2024-01-24T12:09:51.379+0530 [DEBUG] [org.gradle.launcher.daemon.server.SynchronizedDispatchConnection] thread 21: stopping connection
2024-01-24T12:09:51.380+0530 [DEBUG] [org.gradle.internal.remote.internal.inet.SocketConnection] Discarding EOFException: java.io.EOFException
2024-01-24T12:09:51.380+0530 [DEBUG] [org.gradle.launcher.daemon.server.SynchronizedDispatchConnection] thread 22: received null
2024-01-24T12:09:51.380+0530 [DEBUG] [org.gradle.launcher.daemon.server.DefaultDaemonConnection] thread 22: Received end-of-input from client.
2024-01-24T12:09:51.381+0530 [DEBUG] [org.gradle.launcher.daemon.server.SynchronizedDispatchConnection] thread 21: stopping connection
2024-01-24T12:09:55.026+0530 [DEBUG] [org.gradle.process.internal.health.memory.DefaultMemoryManager] 789395046 memory requested, 359350272 free
2024-01-24T12:09:55.027+0530 [DEBUG] [org.gradle.workers.internal.WorkerDaemonExpiration] Will attempt to release 752 of memory
2024-01-24T12:09:55.027+0530 [DEBUG] [org.gradle.process.internal.health.memory.DefaultMemoryManager] 789395046 memory requested, 0 released, 359350272 free
2024-01-24T12:10:00.028+0530 [DEBUG] [org.gradle.process.internal.health.memory.DefaultMemoryManager] 789395046 memory requested, 404381696 free
2024-01-24T12:10:00.029+0530 [DEBUG] [org.gradle.workers.internal.WorkerDaemonExpiration] Will attempt to release 752 of memory
2024-01-24T12:10:00.029+0530 [DEBUG] [org.gradle.process.internal.health.memory.DefaultMemoryManager] 789395046 memory requested, 0 released, 404381696 free
2024-01-24T12:10:00.959+0530 [DEBUG] [org.gradle.cache.internal.DefaultFileLockManager] Waiting to acquire shared lock on daemon addresses registry.
2024-01-24T12:10:00.959+0530 [DEBUG] [org.gradle.cache.internal.DefaultFileLockManager] Lock acquired on daemon addresses registry.
2024-01-24T12:10:00.959+0530 [DEBUG] [org.gradle.cache.internal.DefaultFileLockManager] Releasing lock on daemon addresses registry.
2024-01-24T12:10:00.960+0530 [DEBUG] [org.gradle.cache.internal.DefaultFileLockManager] Waiting to acquire shared lock on daemon addresses registry.
2024-01-24T12:10:00.960+0530 [DEBUG] [org.gradle.cache.internal.DefaultFileLockManager] Lock acquired on daemon addresses registry.
2024-01-24T12:10:00.961+0530 [DEBUG] [org.gradle.cache.internal.DefaultFileLockManager] Releasing lock on daemon addresses registry.
2024-01-24T12:10:05.020+0530 [DEBUG] [org.gradle.process.internal.health.memory.DefaultMemoryManager] 789395046 memory requested, 420462592 free
2024-01-24T12:10:05.021+0530 [DEBUG] [org.gradle.workers.internal.WorkerDaemonExpiration] Will attempt to release 752 of memory
2024-01-24T12:10:05.021+0530 [DEBUG] [org.gradle.process.internal.health.memory.DefaultMemoryManager] 789395046 memory requested, 0 released, 420462592 free
2024-01-24T12:10:10.022+0530 [DEBUG] [org.gradle.process.internal.health.memory.DefaultMemoryManager] 789395046 memory requested, 529367040 free
2024-01-24T12:10:10.023+0530 [DEBUG] [org.gradle.workers.internal.WorkerDaemonExpiration] Will attempt to release 752 of memory
2024-01-24T12:10:10.023+0530 [DEBUG] [org.gradle.process.internal.health.memory.DefaultMemoryManager] 789395046 memory requested, 0 released, 529367040 free
2024-01-24T12:10:10.959+0530 [DEBUG] [org.gradle.cache.internal.DefaultFileLockManager] Waiting to acquire shared lock on daemon addresses registry.
2024-01-24T12:10:10.959+0530 [DEBUG] [org.gradle.cache.internal.DefaultFileLockManager] Lock acquired on daemon addresses registry.
2024-01-24T12:10:10.960+0530 [DEBUG] [org.gradle.cache.internal.DefaultFileLockManager] Releasing lock on daemon addresses registry.
2024-01-24T12:10:10.961+0530 [DEBUG] [org.gradle.cache.internal.DefaultFileLockManager] Waiting to acquire shared lock on daemon addresses registry.
2024-01-24T12:10:10.961+0530 [DEBUG] [org.gradle.cache.internal.DefaultFileLockManager] Lock acquired on daemon addresses registry.
2024-01-24T12:10:10.961+0530 [DEBUG] [org.gradle.cache.internal.DefaultFileLockManager] Releasing lock on daemon addresses registry.
2024-01-24T12:10:10.962+0530 [DEBUG] [org.gradle.cache.internal.DefaultFileLockManager] Waiting to acquire shared lock on daemon addresses registry.
2024-01-24T12:10:10.962+0530 [DEBUG] [org.gradle.cache.internal.DefaultFileLockManager] Lock acquired on daemon addresses registry.
2024-01-24T12:10:10.962+0530 [DEBUG] [org.gradle.cache.internal.DefaultFileLockManager] Releasing lock on daemon addresses registry.
2024-01-24T12:10:15.026+0530 [DEBUG] [org.gradle.process.internal.health.memory.DefaultMemoryManager] 789395046 memory requested, 475152384 free
2024-01-24T12:10:15.026+0530 [DEBUG] [org.gradle.workers.internal.WorkerDaemonExpiration] Will attempt to release 752 of memory
2024-01-24T12:10:15.026+0530 [DEBUG] [org.gradle.process.internal.health.memory.DefaultMemoryManager] 789395046 memory requested, 0 released, 475152384 free
2024-01-24T12:10:20.025+0530 [DEBUG] [org.gradle.process.internal.health.memory.DefaultMemoryManager] 789395046 memory requested, 445272064 free
2024-01-24T12:10:20.025+0530 [DEBUG] [org.gradle.workers.internal.WorkerDaemonExpiration] Will attempt to release 752 of memory
2024-01-24T12:10:20.026+0530 [DEBUG] [org.gradle.process.internal.health.memory.DefaultMemoryManager] 789395046 memory requested, 0 released, 445272064 free
2024-01-24T12:10:20.957+0530 [DEBUG] [org.gradle.cache.internal.DefaultFileLockManager] Waiting to acquire shared lock on daemon addresses registry.
2024-01-24T12:10:20.957+0530 [DEBUG] [org.gradle.cache.internal.DefaultFileLockManager] Lock acquired on daemon addresses registry.
2024-01-24T12:10:20.958+0530 [DEBUG] [org.gradle.cache.internal.DefaultFileLockManager] Releasing lock on daemon addresses registry.
2024-01-24T12:10:20.958+0530 [DEBUG] [org.gradle.cache.internal.DefaultFileLockManager] Waiting to acquire shared lock on daemon addresses registry.
2024-01-24T12:10:20.958+0530 [DEBUG] [org.gradle.cache.internal.DefaultFileLockManager] Lock acquired on daemon addresses registry.
2024-01-24T12:10:20.958+0530 [DEBUG] [org.gradle.cache.internal.DefaultFileLockManager] Releasing lock on daemon addresses registry.
2024-01-24T12:10:20.959+0530 [DEBUG] [org.gradle.cache.internal.DefaultFileLockManager] Waiting to acquire shared lock on daemon addresses registry.
2024-01-24T12:10:20.959+0530 [DEBUG] [org.gradle.cache.internal.DefaultFileLockManager] Lock acquired on daemon addresses registry.
2024-01-24T12:10:20.959+0530 [DEBUG] [org.gradle.cache.internal.DefaultFileLockManager] Releasing lock on daemon addresses registry.
2024-01-24T12:10:25.028+0530 [DEBUG] [org.gradle.process.internal.health.memory.DefaultMemoryManager] 789395046 memory requested, 462368768 free
2024-01-24T12:10:25.028+0530 [DEBUG] [org.gradle.workers.internal.WorkerDaemonExpiration] Will attempt to release 752 of memory
2024-01-24T12:10:25.028+0530 [DEBUG] [org.gradle.process.internal.health.memory.DefaultMemoryManager] 789395046 memory requested, 0 released, 462368768 free
2024-01-24T12:10:30.023+0530 [DEBUG] [org.gradle.process.internal.health.memory.DefaultMemoryManager] 789395046 memory requested, 463753216 free
2024-01-24T12:10:30.023+0530 [DEBUG] [org.gradle.workers.internal.WorkerDaemonExpiration] Will attempt to release 752 of memory
2024-01-24T12:10:30.023+0530 [DEBUG] [org.gradle.process.internal.health.memory.DefaultMemoryManager] 789395046 memory requested, 0 released, 463753216 free
2024-01-24T12:10:30.560+0530 [DEBUG] [org.gradle.internal.remote.internal.inet.TcpIncomingConnector] Accepted connection from /127.0.0.1:53364 to /127.0.0.1:52193.
2024-01-24T12:10:30.571+0530 [DEBUG] [org.gradle.launcher.daemon.server.SynchronizedDispatchConnection] thread 167: received class org.gradle.launcher.daemon.protocol.StopWhenIdle
2024-01-24T12:10:30.572+0530 [DEBUG] [org.gradle.launcher.daemon.server.DefaultDaemonConnection] thread 167: Received non-IO message from client: StopWhenIdle[id=02042cd7-d5e6-4dcc-a379-2ea6c5a2e0b3]
2024-01-24T12:10:30.572+0530 [INFO] [org.gradle.launcher.daemon.server.DefaultIncomingConnectionHandler] Received command: StopWhenIdle[id=02042cd7-d5e6-4dcc-a379-2ea6c5a2e0b3].
2024-01-24T12:10:30.572+0530 [DEBUG] [org.gradle.launcher.daemon.server.DefaultIncomingConnectionHandler] Starting executing command: StopWhenIdle[id=02042cd7-d5e6-4dcc-a379-2ea6c5a2e0b3] with connection: socket connection from /127.0.0.1:52193 to /127.0.0.1:53364.
2024-01-24T12:10:30.572+0530 [DEBUG] [org.gradle.launcher.daemon.server.DaemonRegistryUpdater] Storing daemon stop event: stop command received
2024-01-24T12:10:30.575+0530 [DEBUG] [org.gradle.launcher.daemon.registry.PersistentDaemonRegistry] Storing daemon stop event with timestamp 1706078430573
2024-01-24T12:10:30.576+0530 [DEBUG] [org.gradle.cache.internal.DefaultFileLockManager] Waiting to acquire exclusive lock on daemon addresses registry.
2024-01-24T12:10:30.577+0530 [DEBUG] [org.gradle.cache.internal.DefaultFileLockManager] Lock acquired on daemon addresses registry.
2024-01-24T12:10:30.579+0530 [DEBUG] [org.gradle.cache.internal.DefaultFileLockManager] Releasing lock on daemon addresses registry.
2024-01-24T12:10:30.579+0530 [LIFECYCLE] [org.gradle.launcher.daemon.server.DaemonStateCoordinator] Daemon will be stopped at the end of the build stop command received
2024-01-24T12:10:30.580+0530 [DEBUG] [org.gradle.launcher.daemon.server.DaemonStateCoordinator] Marking daemon stopped due to stop command received. The daemon is running a build: false
2024-01-24T12:10:30.580+0530 [DEBUG] [org.gradle.launcher.daemon.server.SynchronizedDispatchConnection] thread 21: dispatching Success[value=null]
2024-01-24T12:10:30.580+0530 [DEBUG] [org.gradle.launcher.daemon.server.DaemonStateCoordinator] daemon has stopped.
2024-01-24T12:10:30.581+0530 [DEBUG] [org.gradle.launcher.daemon.server.Daemon] stop() called on daemon
2024-01-24T12:10:30.581+0530 [DEBUG] [org.gradle.launcher.daemon.server.DefaultIncomingConnectionHandler] Finishing executing command: StopWhenIdle[id=02042cd7-d5e6-4dcc-a379-2ea6c5a2e0b3]
2024-01-24T12:10:30.581+0530 [INFO] [org.gradle.launcher.daemon.server.Daemon] Stop requested. Daemon is removing its presence from the registry...
2024-01-24T12:10:30.581+0530 [DEBUG] [org.gradle.launcher.daemon.server.DaemonRegistryUpdater] Removing our presence to clients, eg. removing this address from the registry: [73a511c0-d41b-4708-8db6-fdd27f0f524c port:52193, addresses:[localhost/127.0.0.1]]
2024-01-24T12:10:30.581+0530 [DEBUG] [org.gradle.launcher.daemon.server.SynchronizedDispatchConnection] thread 167: received class org.gradle.launcher.daemon.protocol.Finished
2024-01-24T12:10:30.582+0530 [DEBUG] [org.gradle.launcher.daemon.registry.PersistentDaemonRegistry] Removing daemon address: [73a511c0-d41b-4708-8db6-fdd27f0f524c port:52193, addresses:[localhost/127.0.0.1]]
2024-01-24T12:10:30.582+0530 [DEBUG] [org.gradle.launcher.daemon.server.DefaultDaemonConnection] thread 167: Received non-IO message from client: org.gradle.launcher.daemon.protocol.Finished@325e2ce3
2024-01-24T12:10:30.582+0530 [DEBUG] [org.gradle.launcher.daemon.server.DefaultIncomingConnectionHandler] Received finished message: org.gradle.launcher.daemon.protocol.Finished@325e2ce3
2024-01-24T12:10:30.582+0530 [DEBUG] [org.gradle.launcher.daemon.server.SynchronizedDispatchConnection] thread 21: stopping connection
2024-01-24T12:10:30.583+0530 [DEBUG] [org.gradle.internal.remote.internal.inet.SocketConnection] Discarding EOFException: java.io.EOFException
2024-01-24T12:10:30.583+0530 [DEBUG] [org.gradle.launcher.daemon.server.SynchronizedDispatchConnection] thread 167: received null
2024-01-24T12:10:30.583+0530 [DEBUG] [org.gradle.launcher.daemon.server.DefaultDaemonConnection] thread 167: Received end-of-input from client.
2024-01-24T12:10:30.584+0530 [DEBUG] [org.gradle.launcher.daemon.server.SynchronizedDispatchConnection] thread 21: stopping connection
2024-01-24T12:10:30.584+0530 [DEBUG] [org.gradle.cache.internal.DefaultFileLockManager] Waiting to acquire exclusive lock on daemon addresses registry.
2024-01-24T12:10:30.585+0530 [DEBUG] [org.gradle.cache.internal.DefaultFileLockManager] Lock acquired on daemon addresses registry.
2024-01-24T12:10:30.586+0530 [DEBUG] [org.gradle.cache.internal.DefaultFileLockManager] Releasing lock on daemon addresses registry.
2024-01-24T12:10:30.587+0530 [DEBUG] [org.gradle.launcher.daemon.server.DaemonRegistryUpdater] Address removed from registry.
2024-01-24T12:10:30.593+0530 [DEBUG] [org.gradle.cache.internal.LockOnDemandCrossProcessCacheAccess] Releasing file lock for jars (D:\vajra\Alarm-Clock-main\caches\jars-9)
2024-01-24T12:10:30.593+0530 [DEBUG] [org.gradle.cache.internal.DefaultFileLockManager] Releasing lock on jars (D:\vajra\Alarm-Clock-main\caches\jars-9).
2024-01-24T12:10:30.595+0530 [DEBUG] [org.gradle.cache.internal.DefaultPersistentDirectoryStore] jars (D:\vajra\Alarm-Clock-main\caches\jars-9) has last been fully cleaned up 1602 hours ago
2024-01-24T12:10:30.613+0530 [INFO] [org.gradle.cache.internal.AbstractCacheCleanup] jars (D:\vajra\Alarm-Clock-main\caches\jars-9) cleanup deleted 0 files/directories.
2024-01-24T12:10:30.614+0530 [INFO] [org.gradle.cache.internal.LeastRecentlyUsedCacheCleanup] jars (D:\vajra\Alarm-Clock-main\caches\jars-9) removing files not accessed on or after Wed Jan 17 12:00:58 IST 2024.
2024-01-24T12:10:31.608+0530 [INFO] [org.gradle.cache.internal.AbstractCacheCleanup] jars (D:\vajra\Alarm-Clock-main\caches\jars-9) cleanup deleted 386 files/directories.
2024-01-24T12:10:31.609+0530 [INFO] [org.gradle.cache.internal.DefaultPersistentDirectoryStore] jars (D:\vajra\Alarm-Clock-main\caches\jars-9) cleaned up in 1.013 secs.
2024-01-24T12:10:31.610+0530 [DEBUG] [org.gradle.cache.internal.LockOnDemandCrossProcessCacheAccess] Releasing file lock for Artifact transforms cache (D:\vajra\Alarm-Clock-main\caches\transforms-3)
2024-01-24T12:10:31.610+0530 [DEBUG] [org.gradle.cache.internal.DefaultFileLockManager] Releasing lock on Artifact transforms cache (D:\vajra\Alarm-Clock-main\caches\transforms-3).
2024-01-24T12:10:31.611+0530 [DEBUG] [org.gradle.cache.internal.DefaultPersistentDirectoryStore] Artifact transforms cache (D:\vajra\Alarm-Clock-main\caches\transforms-3) has last been fully cleaned up 1602 hours ago
2024-01-24T12:10:31.612+0530 [INFO] [org.gradle.cache.internal.LeastRecentlyUsedCacheCleanup] Artifact transforms cache (D:\vajra\Alarm-Clock-main\caches\transforms-3) removing files not accessed on or after Wed Jan 17 12:00:58 IST 2024.
2024-01-24T12:10:46.810+0530 [INFO] [org.gradle.cache.internal.AbstractCacheCleanup] Artifact transforms cache (D:\vajra\Alarm-Clock-main\caches\transforms-3) cleanup deleted 3194 files/directories.
2024-01-24T12:10:46.810+0530 [INFO] [org.gradle.cache.internal.DefaultPersistentDirectoryStore] Artifact transforms cache (D:\vajra\Alarm-Clock-main\caches\transforms-3) cleaned up in 15.198 secs.
2024-01-24T12:10:46.811+0530 [DEBUG] [org.gradle.cache.internal.LockOnDemandCrossProcessCacheAccess] Releasing file lock for kotlin-dsl (D:\vajra\Alarm-Clock-main\caches\8.2\kotlin-dsl)
2024-01-24T12:10:46.811+0530 [DEBUG] [org.gradle.cache.internal.btree.BTreePersistentIndexedCache] Closing cache executionHistory.bin (D:\vajra\Alarm-Clock-main\caches\8.2\kotlin-dsl\executionHistory.bin)
2024-01-24T12:10:46.811+0530 [DEBUG] [org.gradle.cache.internal.DefaultFileLockManager] Releasing lock on kotlin-dsl (D:\vajra\Alarm-Clock-main\caches\8.2\kotlin-dsl).
2024-01-24T12:10:46.817+0530 [DEBUG] [org.gradle.cache.internal.LockOnDemandCrossProcessCacheAccess] Releasing file lock for file content cache (D:\vajra\Alarm-Clock-main\caches\8.2\fileContent)
2024-01-24T12:10:46.817+0530 [DEBUG] [org.gradle.cache.internal.DefaultFileLockManager] Releasing lock on file content cache (D:\vajra\Alarm-Clock-main\caches\8.2\fileContent).
2024-01-24T12:10:46.818+0530 [DEBUG] [org.gradle.internal.watch.vfs.impl.WatchingVirtualFileSystem] Closing VFS, dropping state
2024-01-24T12:10:46.824+0530 [DEBUG] [org.gradle.cache.internal.LockOnDemandCrossProcessCacheAccess] Releasing file lock for Generated Gradle JARs cache (D:\vajra\Alarm-Clock-main\caches\8.2\generated-gradle-jars)
2024-01-24T12:10:46.824+0530 [DEBUG] [org.gradle.cache.internal.DefaultFileLockManager] Releasing lock on Generated Gradle JARs cache (D:\vajra\Alarm-Clock-main\caches\8.2\generated-gradle-jars).
2024-01-24T12:10:46.824+0530 [DEBUG] [org.gradle.internal.watch.registry.impl.DefaultFileWatcherRegistry] Finished listening to file system change events
2024-01-24T12:10:46.824+0530 [DEBUG] [org.gradle.cache.internal.LockOnDemandCrossProcessCacheAccess] Releasing file lock for artifact cache (D:\vajra\Alarm-Clock-main\caches\modules-2)
2024-01-24T12:10:46.825+0530 [DEBUG] [org.gradle.cache.internal.btree.BTreePersistentIndexedCache] Closing cache resource-at-url.bin (D:\vajra\Alarm-Clock-main\caches\modules-2\metadata-2.106\resource-at-url.bin)
2024-01-24T12:10:46.825+0530 [DEBUG] [org.gradle.cache.internal.btree.BTreePersistentIndexedCache] Closing cache module-artifact.bin (D:\vajra\Alarm-Clock-main\caches\modules-2\metadata-2.106\module-artifact.bin)
2024-01-24T12:10:46.826+0530 [DEBUG] [org.gradle.cache.internal.btree.BTreePersistentIndexedCache] Closing cache module-metadata.bin (D:\vajra\Alarm-Clock-main\caches\modules-2\metadata-2.106\module-metadata.bin)
2024-01-24T12:10:46.826+0530 [DEBUG] [org.gradle.cache.internal.btree.BTreePersistentIndexedCache] Closing cache module-artifacts.bin (D:\vajra\Alarm-Clock-main\caches\modules-2\metadata-2.106\module-artifacts.bin)
2024-01-24T12:10:46.826+0530 [DEBUG] [org.gradle.cache.internal.DefaultFileLockManager] Releasing lock on artifact cache (D:\vajra\Alarm-Clock-main\caches\modules-2).
2024-01-24T12:10:46.827+0530 [DEBUG] [org.gradle.cache.internal.DefaultPersistentDirectoryStore] artifact cache (D:\vajra\Alarm-Clock-main\caches\modules-2) has last been fully cleaned up 1602 hours ago
2024-01-24T12:10:46.828+0530 [INFO] [org.gradle.cache.internal.AbstractCacheCleanup] artifact cache (D:\vajra\Alarm-Clock-main\caches\modules-2) cleanup deleted 0 files/directories.
2024-01-24T12:10:46.829+0530 [INFO] [org.gradle.cache.internal.AbstractCacheCleanup] artifact cache (D:\vajra\Alarm-Clock-main\caches\modules-2) [subdir: D:\vajra\Alarm-Clock-main\caches\modules-2\resources-2.1] cleanup deleted 0 files/directories.
2024-01-24T12:10:46.829+0530 [INFO] [org.gradle.cache.internal.LeastRecentlyUsedCacheCleanup] artifact cache (D:\vajra\Alarm-Clock-main\caches\modules-2) [subdir: D:\vajra\Alarm-Clock-main\caches\modules-2\resources-2.1] removing files not accessed on or after Mon Dec 25 12:00:58 IST 2023.
2024-01-24T12:10:46.829+0530 [INFO] [org.gradle.cache.internal.AbstractCacheCleanup] artifact cache (D:\vajra\Alarm-Clock-main\caches\modules-2) [subdir: D:\vajra\Alarm-Clock-main\caches\modules-2\resources-2.1] cleanup deleted 0 files/directories.
2024-01-24T12:10:46.829+0530 [INFO] [org.gradle.cache.internal.AbstractCacheCleanup] artifact cache (D:\vajra\Alarm-Clock-main\caches\modules-2) [subdir: D:\vajra\Alarm-Clock-main\caches\modules-2\files-2.1] cleanup deleted 0 files/directories.
2024-01-24T12:10:46.829+0530 [INFO] [org.gradle.cache.internal.LeastRecentlyUsedCacheCleanup] artifact cache (D:\vajra\Alarm-Clock-main\caches\modules-2) [subdir: D:\vajra\Alarm-Clock-main\caches\modules-2\files-2.1] removing files not accessed on or after Mon Dec 25 12:00:58 IST 2023.
2024-01-24T12:10:48.584+0530 [INFO] [org.gradle.cache.internal.AbstractCacheCleanup] artifact cache (D:\vajra\Alarm-Clock-main\caches\modules-2) [subdir: D:\vajra\Alarm-Clock-main\caches\modules-2\files-2.1] cleanup deleted 2402 files/directories.
2024-01-24T12:10:48.584+0530 [INFO] [org.gradle.cache.internal.AbstractCacheCleanup] artifact cache (D:\vajra\Alarm-Clock-main\caches\modules-2) [subdir: D:\vajra\Alarm-Clock-main\caches\modules-2\metadata-2.106] cleanup deleted 0 files/directories.
2024-01-24T12:10:48.585+0530 [INFO] [org.gradle.cache.internal.DefaultPersistentDirectoryStore] artifact cache (D:\vajra\Alarm-Clock-main\caches\modules-2) cleaned up in 1.757 secs.
2024-01-24T12:10:48.585+0530 [DEBUG] [org.gradle.cache.internal.LockOnDemandCrossProcessCacheAccess] Releasing file lock for journal cache (D:\vajra\Alarm-Clock-main\caches\journal-1)
2024-01-24T12:10:48.585+0530 [DEBUG] [org.gradle.cache.internal.btree.BTreePersistentIndexedCache] Closing cache file-access.bin (D:\vajra\Alarm-Clock-main\caches\journal-1\file-access.bin)
2024-01-24T12:10:48.585+0530 [DEBUG] [org.gradle.cache.internal.DefaultFileLockManager] Releasing lock on journal cache (D:\vajra\Alarm-Clock-main\caches\journal-1).
2024-01-24T12:10:48.586+0530 [DEBUG] [org.gradle.cache.internal.LockOnDemandCrossProcessCacheAccess] Releasing file lock for file hash cache (D:\vajra\Alarm-Clock-main\caches\8.2\fileHashes)
2024-01-24T12:10:48.586+0530 [DEBUG] [org.gradle.cache.internal.btree.BTreePersistentIndexedCache] Closing cache fileHashes.bin (D:\vajra\Alarm-Clock-main\caches\8.2\fileHashes\fileHashes.bin)
2024-01-24T12:10:48.587+0530 [DEBUG] [org.gradle.cache.internal.btree.BTreePersistentIndexedCache] Closing cache resourceHashesCache.bin (D:\vajra\Alarm-Clock-main\caches\8.2\fileHashes\resourceHashesCache.bin)
2024-01-24T12:10:48.587+0530 [DEBUG] [org.gradle.cache.internal.DefaultFileLockManager] Releasing lock on file hash cache (D:\vajra\Alarm-Clock-main\caches\8.2\fileHashes).
2024-01-24T12:10:48.588+0530 [DEBUG] [org.gradle.cache.internal.LockOnDemandCrossProcessCacheAccess] Releasing file lock for execution history cache (D:\vajra\Alarm-Clock-main\caches\8.2\executionHistory)
2024-01-24T12:10:48.588+0530 [DEBUG] [org.gradle.cache.internal.btree.BTreePersistentIndexedCache] Closing cache executionHistory.bin (D:\vajra\Alarm-Clock-main\caches\8.2\executionHistory\executionHistory.bin)
2024-01-24T12:10:48.588+0530 [DEBUG] [org.gradle.cache.internal.DefaultFileLockManager] Releasing lock on execution history cache (D:\vajra\Alarm-Clock-main\caches\8.2\executionHistory).
2024-01-24T12:10:48.594+0530 [DEBUG] [org.gradle.cache.internal.VersionSpecificCacheCleanupAction] Deleting version-specific cache directory at D:\vajra\Alarm-Clock-main\caches\7.4
2024-01-24T12:10:48.594+0530 [DEBUG] [org.gradle.internal.file.impl.DefaultDeleter] Deleting D:\vajra\Alarm-Clock-main\caches\7.4
2024-01-24T12:10:48.639+0530 [DEBUG] [org.gradle.cache.internal.VersionSpecificCacheCleanupAction] Deleting version-specific cache directory at D:\vajra\Alarm-Clock-main\caches\8.0
2024-01-24T12:10:48.639+0530 [DEBUG] [org.gradle.internal.file.impl.DefaultDeleter] Deleting D:\vajra\Alarm-Clock-main\caches\8.0
2024-01-24T12:10:49.069+0530 [DEBUG] [org.gradle.cache.internal.VersionSpecificCacheCleanupAction] Processed version-specific caches at D:\vajra\Alarm-Clock-main\caches for cleanup in 0.48 secs
2024-01-24T12:10:49.085+0530 [DEBUG] [org.gradle.cache.internal.WrapperDistributionCleanupAction] Marking distribution for Gradle 8.0 at D:\vajra\Alarm-Clock-main\wrapper\dists\gradle-8.0-bin\ca5e32bp14vu59qr306oxotwh unusable
2024-01-24T12:10:49.147+0530 [DEBUG] [org.gradle.cache.internal.WrapperDistributionCleanupAction] Marking distribution for Gradle 7.4 at D:\vajra\Alarm-Clock-main\wrapper\dists\gradle-7.4-bin\c0gwcg53nkjbqw7r0h0umtfvt unusable
Daemon vm is shutting down... The daemon has exited normally or was terminated in response to a user interrupt.
2024-01-24T12:10:49.208+0530 [DEBUG] [org.gradle.launcher.daemon.registry.PersistentDaemonRegistry] Removing daemon address: [73a511c0-d41b-4708-8db6-fdd27f0f524c port:52193, addresses:[localhost/127.0.0.1]]
2024-01-24T12:10:49.208+0530 [DEBUG] [org.gradle.cache.internal.DefaultFileLockManager] Waiting to acquire exclusive lock on daemon addresses registry.
2024-01-24T12:10:49.209+0530 [DEBUG] [org.gradle.cache.internal.DefaultFileLockManager] Lock acquired on daemon addresses registry.
2024-01-24T12:10:49.209+0530 [DEBUG] [org.gradle.cache.internal.DefaultFileLockManager] Releasing lock on daemon addresses registry.
